<?xml version="1.0" encoding="UTF-8"?>
<testng-results skipped="1" failed="3" ignored="0" total="10" passed="6">
  <reporter-output>
  </reporter-output>
  <suite name="Default suite" duration-ms="89792" started-at="2020-02-26T19:48:33 IST" finished-at="2020-02-26T19:50:03 IST">
    <groups>
    </groups>
    <test name="Default test" duration-ms="89792" started-at="2020-02-26T19:48:33 IST" finished-at="2020-02-26T19:50:03 IST">
      <class name="restAssured.RestAssured.TestingRestServices">
        <test-method status="PASS" signature="BuildingSpecifications()[pri:0, instance:restAssured.RestAssured.TestingRestServices@1f28c152]" name="BuildingSpecifications" is-config="true" duration-ms="328" started-at="2020-02-26T19:48:33 IST" finished-at="2020-02-26T19:48:33 IST">
          <reporter-output>
          </reporter-output>
        </test-method> <!-- BuildingSpecifications -->
        <test-method status="PASS" signature="verifyHttpStatusCode(java.lang.String, int)[pri:0, instance:restAssured.RestAssured.TestingRestServices@1f28c152]" name="verifyHttpStatusCode" duration-ms="1485" started-at="2020-02-26T19:48:33 IST" data-provider="dataProviderForValidationOfStatusCode" finished-at="2020-02-26T19:48:35 IST">
          <params>
            <param index="0">
              <value>
                <![CDATA[https://jsonplaceholder.typicode.com/users]]>
              </value>
            </param>
            <param index="1">
              <value>
                <![CDATA[200]]>
              </value>
            </param>
          </params>
          <reporter-output>
          </reporter-output>
        </test-method> <!-- verifyHttpStatusCode -->
        <test-method status="PASS" signature="verifyHttpStatusCode(java.lang.String, int)[pri:0, instance:restAssured.RestAssured.TestingRestServices@1f28c152]" name="verifyHttpStatusCode" duration-ms="1190" started-at="2020-02-26T19:48:35 IST" data-provider="dataProviderForValidationOfStatusCode" finished-at="2020-02-26T19:48:36 IST">
          <params>
            <param index="0">
              <value>
                <![CDATA[https://petstore.swagger.io/#/pet]]>
              </value>
            </param>
            <param index="1">
              <value>
                <![CDATA[200]]>
              </value>
            </param>
          </params>
          <reporter-output>
          </reporter-output>
        </test-method> <!-- verifyHttpStatusCode -->
        <test-method status="PASS" signature="VerifyPresenseOfHeadersInHttpResponse(java.lang.String, java.lang.String)[pri:0, instance:restAssured.RestAssured.TestingRestServices@1f28c152]" name="VerifyPresenseOfHeadersInHttpResponse" duration-ms="803" started-at="2020-02-26T19:48:36 IST" data-provider="dataProviderForVerifyingPresenceOfHeaders" depends-on-methods="restAssured.RestAssured.TestingRestServices.verifyHttpStatusCode" finished-at="2020-02-26T19:48:37 IST">
          <params>
            <param index="0">
              <value>
                <![CDATA[https://jsonplaceholder.typicode.com/users]]>
              </value>
            </param>
            <param index="1">
              <value>
                <![CDATA[Content-Type]]>
              </value>
            </param>
          </params>
          <reporter-output>
          </reporter-output>
        </test-method> <!-- VerifyPresenseOfHeadersInHttpResponse -->
        <test-method status="PASS" signature="VerifyPresenseOfHeadersInHttpResponse(java.lang.String, java.lang.String)[pri:0, instance:restAssured.RestAssured.TestingRestServices@1f28c152]" name="VerifyPresenseOfHeadersInHttpResponse" duration-ms="1181" started-at="2020-02-26T19:48:37 IST" data-provider="dataProviderForVerifyingPresenceOfHeaders" depends-on-methods="restAssured.RestAssured.TestingRestServices.verifyHttpStatusCode" finished-at="2020-02-26T19:48:38 IST">
          <params>
            <param index="0">
              <value>
                <![CDATA[https://petstore.swagger.io/#/pet]]>
              </value>
            </param>
            <param index="1">
              <value>
                <![CDATA[Content-Type]]>
              </value>
            </param>
          </params>
          <reporter-output>
          </reporter-output>
        </test-method> <!-- VerifyPresenseOfHeadersInHttpResponse -->
        <test-method status="PASS" signature="verifyHttpResponseBody(java.lang.String, java.lang.String)[pri:0, instance:restAssured.RestAssured.TestingRestServices@1f28c152]" name="verifyHttpResponseBody" duration-ms="1069" started-at="2020-02-26T19:48:38 IST" data-provider="dataProviderForVerifyingHttpResponse" depends-on-methods="restAssured.RestAssured.TestingRestServices.verifyHttpStatusCode" finished-at="2020-02-26T19:48:39 IST">
          <params>
            <param index="0">
              <value>
                <![CDATA[https://jsonplaceholder.typicode.com/users]]>
              </value>
            </param>
            <param index="1">
              <value>
                <![CDATA[id]]>
              </value>
            </param>
          </params>
          <reporter-output>
          </reporter-output>
        </test-method> <!-- verifyHttpResponseBody -->
        <test-method status="FAIL" signature="verifyResponseStatusCodeForPost(java.lang.String, java.lang.String, java.lang.String)[pri:0, instance:restAssured.RestAssured.TestingRestServices@1f28c152]" name="verifyResponseStatusCodeForPost" duration-ms="36060" started-at="2020-02-26T19:48:39 IST" data-provider="dataProviderForVerifyingHttpResponseForPost" depends-on-methods="restAssured.RestAssured.TestingRestServices.verifyHttpStatusCode" finished-at="2020-02-26T19:49:15 IST">
          <params>
            <param index="0">
              <value>
                <![CDATA[https://jsonplaceholder.typicode.com/users]]>
              </value>
            </param>
            <param index="1">
              <value>
                <![CDATA[Content-Type]]>
              </value>
            </param>
            <param index="2">
              <value>
                <![CDATA[application/json]]>
              </value>
            </param>
          </params>
          <exception class="java.lang.AssertionError">
            <message>
              <![CDATA[expected [201] but found [503]]]>
            </message>
            <full-stacktrace>
              <![CDATA[java.lang.AssertionError: expected [201] but found [503]
at org.testng.Assert.fail(Assert.java:97)
at org.testng.Assert.assertEqualsImpl(Assert.java:136)
at org.testng.Assert.assertEquals(Assert.java:118)
at org.testng.Assert.assertEquals(Assert.java:839)
at org.testng.Assert.assertEquals(Assert.java:849)
at restAssured.RestAssured.TestingRestServices.verifyResponseStatusCodeForPost(TestingRestServices.java:113)
at sun.reflect.NativeMethodAccessorImpl.invoke0(Native Method)
at sun.reflect.NativeMethodAccessorImpl.invoke(NativeMethodAccessorImpl.java:62)
at sun.reflect.DelegatingMethodAccessorImpl.invoke(DelegatingMethodAccessorImpl.java:43)
at java.lang.reflect.Method.invoke(Method.java:498)
at org.testng.internal.MethodInvocationHelper.invokeMethod(MethodInvocationHelper.java:133)
at org.testng.internal.TestInvoker.invokeMethod(TestInvoker.java:584)
at org.testng.internal.TestInvoker.invokeTestMethod(TestInvoker.java:172)
at org.testng.internal.MethodRunner.runInSequence(MethodRunner.java:46)
at org.testng.internal.TestInvoker$MethodInvocationAgent.invoke(TestInvoker.java:804)
at org.testng.internal.TestInvoker.invokeTestMethods(TestInvoker.java:145)
at org.testng.internal.TestMethodWorker.invokeTestMethods(TestMethodWorker.java:146)
at org.testng.internal.TestMethodWorker.run(TestMethodWorker.java:128)
at java.util.ArrayList.forEach(ArrayList.java:1257)
at org.testng.TestRunner.privateRun(TestRunner.java:770)
at org.testng.TestRunner.run(TestRunner.java:591)
at org.testng.SuiteRunner.runTest(SuiteRunner.java:402)
at org.testng.SuiteRunner.runSequentially(SuiteRunner.java:396)
at org.testng.SuiteRunner.privateRun(SuiteRunner.java:355)
at org.testng.SuiteRunner.run(SuiteRunner.java:304)
at org.testng.SuiteRunnerWorker.runSuite(SuiteRunnerWorker.java:53)
at org.testng.SuiteRunnerWorker.run(SuiteRunnerWorker.java:96)
at org.testng.TestNG.runSuitesSequentially(TestNG.java:1180)
at org.testng.TestNG.runSuitesLocally(TestNG.java:1102)
at org.testng.TestNG.runSuites(TestNG.java:1032)
at org.testng.TestNG.run(TestNG.java:1000)
at org.testng.remote.AbstractRemoteTestNG.run(AbstractRemoteTestNG.java:115)
at org.testng.remote.RemoteTestNG.initAndRun(RemoteTestNG.java:251)
at org.testng.remote.RemoteTestNG.main(RemoteTestNG.java:77)
]]>
            </full-stacktrace>
          </exception> <!-- java.lang.AssertionError -->
          <reporter-output>
          </reporter-output>
        </test-method> <!-- verifyResponseStatusCodeForPost -->
        <test-method status="FAIL" signature="verifyResponseStatusCodeForPost(java.lang.String, java.lang.String, java.lang.String)[pri:0, instance:restAssured.RestAssured.TestingRestServices@1f28c152]" name="verifyResponseStatusCodeForPost" duration-ms="1212" started-at="2020-02-26T19:49:15 IST" data-provider="dataProviderForVerifyingHttpResponseForPost" depends-on-methods="restAssured.RestAssured.TestingRestServices.verifyHttpStatusCode" finished-at="2020-02-26T19:49:16 IST">
          <params>
            <param index="0">
              <value>
                <![CDATA[https://petstore.swagger.io/#/pet]]>
              </value>
            </param>
            <param index="1">
              <value>
                <![CDATA[Content-Type]]>
              </value>
            </param>
            <param index="2">
              <value>
                <![CDATA[application/json]]>
              </value>
            </param>
          </params>
          <exception class="java.lang.AssertionError">
            <message>
              <![CDATA[expected [201] but found [405]]]>
            </message>
            <full-stacktrace>
              <![CDATA[java.lang.AssertionError: expected [201] but found [405]
at org.testng.Assert.fail(Assert.java:97)
at org.testng.Assert.assertEqualsImpl(Assert.java:136)
at org.testng.Assert.assertEquals(Assert.java:118)
at org.testng.Assert.assertEquals(Assert.java:839)
at org.testng.Assert.assertEquals(Assert.java:849)
at restAssured.RestAssured.TestingRestServices.verifyResponseStatusCodeForPost(TestingRestServices.java:113)
at sun.reflect.NativeMethodAccessorImpl.invoke0(Native Method)
at sun.reflect.NativeMethodAccessorImpl.invoke(NativeMethodAccessorImpl.java:62)
at sun.reflect.DelegatingMethodAccessorImpl.invoke(DelegatingMethodAccessorImpl.java:43)
at java.lang.reflect.Method.invoke(Method.java:498)
at org.testng.internal.MethodInvocationHelper.invokeMethod(MethodInvocationHelper.java:133)
at org.testng.internal.TestInvoker.invokeMethod(TestInvoker.java:584)
at org.testng.internal.TestInvoker.invokeTestMethod(TestInvoker.java:172)
at org.testng.internal.MethodRunner.runInSequence(MethodRunner.java:46)
at org.testng.internal.TestInvoker$MethodInvocationAgent.invoke(TestInvoker.java:804)
at org.testng.internal.TestInvoker.invokeTestMethods(TestInvoker.java:145)
at org.testng.internal.TestMethodWorker.invokeTestMethods(TestMethodWorker.java:146)
at org.testng.internal.TestMethodWorker.run(TestMethodWorker.java:128)
at java.util.ArrayList.forEach(ArrayList.java:1257)
at org.testng.TestRunner.privateRun(TestRunner.java:770)
at org.testng.TestRunner.run(TestRunner.java:591)
at org.testng.SuiteRunner.runTest(SuiteRunner.java:402)
at org.testng.SuiteRunner.runSequentially(SuiteRunner.java:396)
at org.testng.SuiteRunner.privateRun(SuiteRunner.java:355)
at org.testng.SuiteRunner.run(SuiteRunner.java:304)
at org.testng.SuiteRunnerWorker.runSuite(SuiteRunnerWorker.java:53)
at org.testng.SuiteRunnerWorker.run(SuiteRunnerWorker.java:96)
at org.testng.TestNG.runSuitesSequentially(TestNG.java:1180)
at org.testng.TestNG.runSuitesLocally(TestNG.java:1102)
at org.testng.TestNG.runSuites(TestNG.java:1032)
at org.testng.TestNG.run(TestNG.java:1000)
at org.testng.remote.AbstractRemoteTestNG.run(AbstractRemoteTestNG.java:115)
at org.testng.remote.RemoteTestNG.initAndRun(RemoteTestNG.java:251)
at org.testng.remote.RemoteTestNG.main(RemoteTestNG.java:77)
]]>
            </full-stacktrace>
          </exception> <!-- java.lang.AssertionError -->
          <reporter-output>
          </reporter-output>
        </test-method> <!-- verifyResponseStatusCodeForPost -->
        <test-method status="PASS" signature="verifyHttpResponseHeader(java.lang.String, java.lang.String)[pri:0, instance:restAssured.RestAssured.TestingRestServices@1f28c152]" name="verifyHttpResponseHeader" duration-ms="45118" started-at="2020-02-26T19:49:16 IST" data-provider="dataProviderForValidatingHeaders" depends-on-methods="restAssured.RestAssured.TestingRestServices.VerifyPresenseOfHeadersInHttpResponse" finished-at="2020-02-26T19:50:01 IST">
          <params>
            <param index="0">
              <value>
                <![CDATA[https://jsonplaceholder.typicode.com/users]]>
              </value>
            </param>
            <param index="1">
              <value>
                <![CDATA[application/json; charset=utf-8]]>
              </value>
            </param>
          </params>
          <reporter-output>
          </reporter-output>
        </test-method> <!-- verifyHttpResponseHeader -->
        <test-method status="FAIL" signature="verifyHttpResponseHeader(java.lang.String, java.lang.String)[pri:0, instance:restAssured.RestAssured.TestingRestServices@1f28c152]" name="verifyHttpResponseHeader" duration-ms="1266" started-at="2020-02-26T19:50:01 IST" data-provider="dataProviderForValidatingHeaders" depends-on-methods="restAssured.RestAssured.TestingRestServices.VerifyPresenseOfHeadersInHttpResponse" finished-at="2020-02-26T19:50:03 IST">
          <params>
            <param index="0">
              <value>
                <![CDATA[https://petstore.swagger.io/#/pet]]>
              </value>
            </param>
            <param index="1">
              <value>
                <![CDATA[application/json; charset=utf-8]]>
              </value>
            </param>
          </params>
          <exception class="java.lang.AssertionError">
            <message>
              <![CDATA[expected [application/json; charset=utf-8] but found [text/html]]]>
            </message>
            <full-stacktrace>
              <![CDATA[java.lang.AssertionError: expected [application/json; charset=utf-8] but found [text/html]
at org.testng.Assert.fail(Assert.java:97)
at org.testng.Assert.assertEqualsImpl(Assert.java:136)
at org.testng.Assert.assertEquals(Assert.java:118)
at org.testng.Assert.assertEquals(Assert.java:575)
at org.testng.Assert.assertEquals(Assert.java:585)
at restAssured.RestAssured.TestingRestServices.verifyHttpResponseHeader(TestingRestServices.java:73)
at sun.reflect.NativeMethodAccessorImpl.invoke0(Native Method)
at sun.reflect.NativeMethodAccessorImpl.invoke(NativeMethodAccessorImpl.java:62)
at sun.reflect.DelegatingMethodAccessorImpl.invoke(DelegatingMethodAccessorImpl.java:43)
at java.lang.reflect.Method.invoke(Method.java:498)
at org.testng.internal.MethodInvocationHelper.invokeMethod(MethodInvocationHelper.java:133)
at org.testng.internal.TestInvoker.invokeMethod(TestInvoker.java:584)
at org.testng.internal.TestInvoker.invokeTestMethod(TestInvoker.java:172)
at org.testng.internal.MethodRunner.runInSequence(MethodRunner.java:46)
at org.testng.internal.TestInvoker$MethodInvocationAgent.invoke(TestInvoker.java:804)
at org.testng.internal.TestInvoker.invokeTestMethods(TestInvoker.java:145)
at org.testng.internal.TestMethodWorker.invokeTestMethods(TestMethodWorker.java:146)
at org.testng.internal.TestMethodWorker.run(TestMethodWorker.java:128)
at java.util.ArrayList.forEach(ArrayList.java:1257)
at org.testng.TestRunner.privateRun(TestRunner.java:770)
at org.testng.TestRunner.run(TestRunner.java:591)
at org.testng.SuiteRunner.runTest(SuiteRunner.java:402)
at org.testng.SuiteRunner.runSequentially(SuiteRunner.java:396)
at org.testng.SuiteRunner.privateRun(SuiteRunner.java:355)
at org.testng.SuiteRunner.run(SuiteRunner.java:304)
at org.testng.SuiteRunnerWorker.runSuite(SuiteRunnerWorker.java:53)
at org.testng.SuiteRunnerWorker.run(SuiteRunnerWorker.java:96)
at org.testng.TestNG.runSuitesSequentially(TestNG.java:1180)
at org.testng.TestNG.runSuitesLocally(TestNG.java:1102)
at org.testng.TestNG.runSuites(TestNG.java:1032)
at org.testng.TestNG.run(TestNG.java:1000)
at org.testng.remote.AbstractRemoteTestNG.run(AbstractRemoteTestNG.java:115)
at org.testng.remote.RemoteTestNG.initAndRun(RemoteTestNG.java:251)
at org.testng.remote.RemoteTestNG.main(RemoteTestNG.java:77)
]]>
            </full-stacktrace>
          </exception> <!-- java.lang.AssertionError -->
          <reporter-output>
          </reporter-output>
        </test-method> <!-- verifyHttpResponseHeader -->
        <test-method status="SKIP" signature="verifyHttpResponseBodyForPost(java.lang.String, java.lang.String)[pri:0, instance:restAssured.RestAssured.TestingRestServices@1f28c152]" name="verifyHttpResponseBodyForPost" duration-ms="0" started-at="2020-02-26T19:50:03 IST" data-provider="dataProviderForVerifyingHttpResponse" depends-on-methods="restAssured.RestAssured.TestingRestServices.verifyResponseStatusCodeForPost" finished-at="2020-02-26T19:50:03 IST">
          <exception class="java.lang.Throwable">
            <message>
              <![CDATA[Method TestingRestServices.verifyHttpResponseBodyForPost(java.lang.String, java.lang.String)[pri:0, instance:restAssured.RestAssured.TestingRestServices@1f28c152] depends on not successfully finished methods]]>
            </message>
            <full-stacktrace>
              <![CDATA[java.lang.Throwable: Method TestingRestServices.verifyHttpResponseBodyForPost(java.lang.String, java.lang.String)[pri:0, instance:restAssured.RestAssured.TestingRestServices@1f28c152] depends on not successfully finished methods
at org.testng.internal.TestInvoker.invokeTestMethods(TestInvoker.java:99)
at org.testng.internal.TestMethodWorker.invokeTestMethods(TestMethodWorker.java:146)
at org.testng.internal.TestMethodWorker.run(TestMethodWorker.java:128)
at java.util.ArrayList.forEach(ArrayList.java:1257)
at org.testng.TestRunner.privateRun(TestRunner.java:770)
at org.testng.TestRunner.run(TestRunner.java:591)
at org.testng.SuiteRunner.runTest(SuiteRunner.java:402)
at org.testng.SuiteRunner.runSequentially(SuiteRunner.java:396)
at org.testng.SuiteRunner.privateRun(SuiteRunner.java:355)
at org.testng.SuiteRunner.run(SuiteRunner.java:304)
at org.testng.SuiteRunnerWorker.runSuite(SuiteRunnerWorker.java:53)
at org.testng.SuiteRunnerWorker.run(SuiteRunnerWorker.java:96)
at org.testng.TestNG.runSuitesSequentially(TestNG.java:1180)
at org.testng.TestNG.runSuitesLocally(TestNG.java:1102)
at org.testng.TestNG.runSuites(TestNG.java:1032)
at org.testng.TestNG.run(TestNG.java:1000)
at org.testng.remote.AbstractRemoteTestNG.run(AbstractRemoteTestNG.java:115)
at org.testng.remote.RemoteTestNG.initAndRun(RemoteTestNG.java:251)
at org.testng.remote.RemoteTestNG.main(RemoteTestNG.java:77)
]]>
            </full-stacktrace>
          </exception> <!-- java.lang.Throwable -->
          <reporter-output>
          </reporter-output>
        </test-method> <!-- verifyHttpResponseBodyForPost -->
      </class> <!-- restAssured.RestAssured.TestingRestServices -->
    </test> <!-- Default test -->
  </suite> <!-- Default suite -->
</testng-results>
