<!DOCTYPE html>

<html>
  <head>
  <meta charset='utf-8'>
  <title>TestNG reports</title>

    <link type="text/css" href="testng-reports.css" rel="stylesheet" />
    <script type="text/javascript" src="jquery-1.7.1.min.js"></script>
    <script type="text/javascript" src="testng-reports.js"></script>
    <script type="text/javascript" src="https://www.google.com/jsapi"></script>
    <script type='text/javascript'>
      google.load('visualization', '1', {packages:['table']});
      google.setOnLoadCallback(drawTable);
      var suiteTableInitFunctions = new Array();
      var suiteTableData = new Array();
    </script>
    <!--
      <script type="text/javascript" src="jquery-ui/js/jquery-ui-1.8.16.custom.min.js"></script>
     -->
  </head>

  <body>
    <div class="top-banner-root">
      <span class="top-banner-title-font">Test results</span>
      <br/>
      <span class="top-banner-font-1">1 suite, 25 failed tests</span>
    </div> <!-- top-banner-root -->
    <div class="navigator-root">
      <div class="navigator-suite-header">
        <span>All suites</span>
        <a href="#" class="collapse-all-link" title="Collapse/expand all the suites">
          <img class="collapse-all-icon" src="collapseall.gif">
          </img> <!-- collapse-all-icon -->
        </a> <!-- collapse-all-link -->
      </div> <!-- navigator-suite-header -->
      <div class="suite">
        <div class="rounded-window">
          <div class="suite-header light-rounded-window-top">
            <a href="#" class="navigator-link" panel-name="suite-Default_suite">
              <span class="suite-name border-failed">Default suite</span>
            </a> <!-- navigator-link -->
          </div> <!-- suite-header light-rounded-window-top -->
          <div class="navigator-suite-content">
            <div class="suite-section-title">
              <span>Info</span>
            </div> <!-- suite-section-title -->
            <div class="suite-section-content">
              <ul>
                <li>
                  <a href="#" class="navigator-link " panel-name="test-xml-Default_suite">
                    <span>C:\Users\Charan_Donthi\AppData\Local\Temp\testng-eclipse-861991216\testng-customsuite.xml</span>
                  </a> <!-- navigator-link  -->
                </li>
                <li>
                  <a href="#" class="navigator-link " panel-name="testlist-Default_suite">
                    <span class="test-stats">1 test</span>
                  </a> <!-- navigator-link  -->
                </li>
                <li>
                  <a href="#" class="navigator-link " panel-name="group-Default_suite">
                    <span>2 groups</span>
                  </a> <!-- navigator-link  -->
                </li>
                <li>
                  <a href="#" class="navigator-link " panel-name="times-Default_suite">
                    <span>Times</span>
                  </a> <!-- navigator-link  -->
                </li>
                <li>
                  <a href="#" class="navigator-link " panel-name="reporter-Default_suite">
                    <span>Reporter output</span>
                  </a> <!-- navigator-link  -->
                </li>
                <li>
                  <a href="#" class="navigator-link " panel-name="ignored-methods-Default_suite">
                    <span>Ignored methods</span>
                  </a> <!-- navigator-link  -->
                </li>
                <li>
                  <a href="#" class="navigator-link " panel-name="chronological-Default_suite">
                    <span>Chronological view</span>
                  </a> <!-- navigator-link  -->
                </li>
              </ul>
            </div> <!-- suite-section-content -->
            <div class="result-section">
              <div class="suite-section-title">
                <span>Results</span>
              </div> <!-- suite-section-title -->
              <div class="suite-section-content">
                <ul>
                  <li>
                    <span class="method-stats">92 methods, 25 failed,   67 passed</span>
                  </li>
                  <li>
                    <span class="method-list-title failed">Failed methods</span>
                    <span class="show-or-hide-methods failed">
                      <a href="#" panel-name="suite-Default_suite" class="hide-methods failed suite-Default_suite"> (hide)</a> <!-- hide-methods failed suite-Default_suite -->
                      <a href="#" panel-name="suite-Default_suite" class="show-methods failed suite-Default_suite"> (show)</a> <!-- show-methods failed suite-Default_suite -->
                    </span>
                    <div class="method-list-content failed suite-Default_suite">
                      <span>
                        <img width="3%" src="failed.png"/>
                        <a href="#" class="method navigator-link" panel-name="suite-Default_suite" title="calculator.CalculatorTest.CalculatorTesting" hash-for-method="testCos(45, 0.52532198881)">testCos(45, 0.52532198881)</a> <!-- method navigator-link -->
                      </span>
                      <br/>
                      <span>
                        <img width="3%" src="failed.png"/>
                        <a href="#" class="method navigator-link" panel-name="suite-Default_suite" title="calculator.CalculatorTest.CalculatorTesting" hash-for-method="testCos(90, -0.44807361612)">testCos(90, -0.44807361612)</a> <!-- method navigator-link -->
                      </span>
                      <br/>
                      <span>
                        <img width="3%" src="failed.png"/>
                        <a href="#" class="method navigator-link" panel-name="suite-Default_suite" title="calculator.CalculatorTest.CalculatorTesting" hash-for-method="testCos(-270, 0.98438195063)">testCos(-270, 0.98438195063)</a> <!-- method navigator-link -->
                      </span>
                      <br/>
                      <span>
                        <img width="3%" src="failed.png"/>
                        <a href="#" class="method navigator-link" panel-name="suite-Default_suite" title="calculator.CalculatorTest.CalculatorTesting" hash-for-method="testCos(180, -0.59846006905)">testCos(180, -0.59846006905)</a> <!-- method navigator-link -->
                      </span>
                      <br/>
                      <span>
                        <img width="3%" src="failed.png"/>
                        <a href="#" class="method navigator-link" panel-name="suite-Default_suite" title="calculator.CalculatorTest.CalculatorTesting" hash-for-method="testCos(270, 0.98438195063)">testCos(270, 0.98438195063)</a> <!-- method navigator-link -->
                      </span>
                      <br/>
                      <span>
                        <img width="3%" src="failed.png"/>
                        <a href="#" class="method navigator-link" panel-name="suite-Default_suite" title="calculator.CalculatorTest.CalculatorTesting" hash-for-method="testCos(-180, -0.59846006905)">testCos(-180, -0.59846006905)</a> <!-- method navigator-link -->
                      </span>
                      <br/>
                      <span>
                        <img width="3%" src="failed.png"/>
                        <a href="#" class="method navigator-link" panel-name="suite-Default_suite" title="calculator.CalculatorTest.CalculatorTesting" hash-for-method="testCtg(180, 0.74699881441)">testCtg(180, 0.74699881441)</a> <!-- method navigator-link -->
                      </span>
                      <br/>
                      <span>
                        <img width="3%" src="failed.png"/>
                        <a href="#" class="method navigator-link" panel-name="suite-Default_suite" title="calculator.CalculatorTest.CalculatorTesting" hash-for-method="testCtg(-180, -0.74699881441)">testCtg(-180, -0.74699881441)</a> <!-- method navigator-link -->
                      </span>
                      <br/>
                      <span>
                        <img width="3%" src="failed.png"/>
                        <a href="#" class="method navigator-link" panel-name="suite-Default_suite" title="calculator.CalculatorTest.CalculatorTesting" hash-for-method="testCtg(90, -0.50120278338)">testCtg(90, -0.50120278338)</a> <!-- method navigator-link -->
                      </span>
                      <br/>
                      <span>
                        <img width="3%" src="failed.png"/>
                        <a href="#" class="method navigator-link" panel-name="suite-Default_suite" title="calculator.CalculatorTest.CalculatorTesting" hash-for-method="testCtg(-270, 5.59161951959)">testCtg(-270, 5.59161951959)</a> <!-- method navigator-link -->
                      </span>
                      <br/>
                      <span>
                        <img width="3%" src="failed.png"/>
                        <a href="#" class="method navigator-link" panel-name="suite-Default_suite" title="calculator.CalculatorTest.CalculatorTesting" hash-for-method="testCtg(270, -5.59161951959)">testCtg(270, -5.59161951959)</a> <!-- method navigator-link -->
                      </span>
                      <br/>
                      <span>
                        <img width="3%" src="failed.png"/>
                        <a href="#" class="method navigator-link" panel-name="suite-Default_suite" title="calculator.CalculatorTest.CalculatorTesting" hash-for-method="testCtg(45, 0.61736962378)">testCtg(45, 0.61736962378)</a> <!-- method navigator-link -->
                      </span>
                      <br/>
                      <span>
                        <img width="3%" src="failed.png"/>
                        <a href="#" class="method navigator-link" panel-name="suite-Default_suite" title="calculator.CalculatorTest.CalculatorTesting" hash-for-method="testDivForDouble(0.0, 0, 0)">testDivForDouble(0.0, 0, 0)</a> <!-- method navigator-link -->
                      </span>
                      <br/>
                      <span>
                        <img width="3%" src="failed.png"/>
                        <a href="#" class="method navigator-link" panel-name="suite-Default_suite" title="calculator.CalculatorTest.CalculatorTesting" hash-for-method="testDivForLong">testDivForLong</a> <!-- method navigator-link -->
                      </span>
                      <br/>
                      <span>
                        <img width="3%" src="failed.png"/>
                        <a href="#" class="method navigator-link" panel-name="suite-Default_suite" title="calculator.CalculatorTest.CalculatorTesting" hash-for-method="testDivForLong(0, 0, 0)">testDivForLong(0, 0, 0)</a> <!-- method navigator-link -->
                      </span>
                      <br/>
                      <span>
                        <img width="3%" src="failed.png"/>
                        <a href="#" class="method navigator-link" panel-name="suite-Default_suite" title="calculator.CalculatorTest.CalculatorTesting" hash-for-method="testMulForDouble(1.1, -1, -1.1)">testMulForDouble(1.1, -1, -1.1)</a> <!-- method navigator-link -->
                      </span>
                      <br/>
                      <span>
                        <img width="3%" src="failed.png"/>
                        <a href="#" class="method navigator-link" panel-name="suite-Default_suite" title="calculator.CalculatorTest.CalculatorTesting" hash-for-method="testMulForLong">testMulForLong</a> <!-- method navigator-link -->
                      </span>
                      <br/>
                      <span>
                        <img width="3%" src="failed.png"/>
                        <a href="#" class="method navigator-link" panel-name="suite-Default_suite" title="calculator.CalculatorTest.CalculatorTesting" hash-for-method="testSqrtForNegativeValues">testSqrtForNegativeValues</a> <!-- method navigator-link -->
                      </span>
                      <br/>
                      <span>
                        <img width="3%" src="failed.png"/>
                        <a href="#" class="method navigator-link" panel-name="suite-Default_suite" title="calculator.CalculatorTest.CalculatorTesting" hash-for-method="testSumForDouble(1.1, -1, 0.1)">testSumForDouble(1.1, -1, 0.1)</a> <!-- method navigator-link -->
                      </span>
                      <br/>
                      <span>
                        <img width="3%" src="failed.png"/>
                        <a href="#" class="method navigator-link" panel-name="suite-Default_suite" title="calculator.CalculatorTest.CalculatorTesting" hash-for-method="testtg(90, -1.99520041221)">testtg(90, -1.99520041221)</a> <!-- method navigator-link -->
                      </span>
                      <br/>
                      <span>
                        <img width="3%" src="failed.png"/>
                        <a href="#" class="method navigator-link" panel-name="suite-Default_suite" title="calculator.CalculatorTest.CalculatorTesting" hash-for-method="testtg(-180, -1.33869021035)">testtg(-180, -1.33869021035)</a> <!-- method navigator-link -->
                      </span>
                      <br/>
                      <span>
                        <img width="3%" src="failed.png"/>
                        <a href="#" class="method navigator-link" panel-name="suite-Default_suite" title="calculator.CalculatorTest.CalculatorTesting" hash-for-method="testtg(180, 1.33869021035)">testtg(180, 1.33869021035)</a> <!-- method navigator-link -->
                      </span>
                      <br/>
                      <span>
                        <img width="3%" src="failed.png"/>
                        <a href="#" class="method navigator-link" panel-name="suite-Default_suite" title="calculator.CalculatorTest.CalculatorTesting" hash-for-method="testtg(270, -0.17883906379)">testtg(270, -0.17883906379)</a> <!-- method navigator-link -->
                      </span>
                      <br/>
                      <span>
                        <img width="3%" src="failed.png"/>
                        <a href="#" class="method navigator-link" panel-name="suite-Default_suite" title="calculator.CalculatorTest.CalculatorTesting" hash-for-method="testtg(45, 1.61977519054)">testtg(45, 1.61977519054)</a> <!-- method navigator-link -->
                      </span>
                      <br/>
                      <span>
                        <img width="3%" src="failed.png"/>
                        <a href="#" class="method navigator-link" panel-name="suite-Default_suite" title="calculator.CalculatorTest.CalculatorTesting" hash-for-method="testtg(-270, 0.17883906379)">testtg(-270, 0.17883906379)</a> <!-- method navigator-link -->
                      </span>
                      <br/>
                    </div> <!-- method-list-content failed suite-Default_suite -->
                  </li>
                  <li>
                    <span class="method-list-title passed">Passed methods</span>
                    <span class="show-or-hide-methods passed">
                      <a href="#" panel-name="suite-Default_suite" class="hide-methods passed suite-Default_suite"> (hide)</a> <!-- hide-methods passed suite-Default_suite -->
                      <a href="#" panel-name="suite-Default_suite" class="show-methods passed suite-Default_suite"> (show)</a> <!-- show-methods passed suite-Default_suite -->
                    </span>
                    <div class="method-list-content passed suite-Default_suite">
                      <span>
                        <img width="3%" src="passed.png"/>
                        <a href="#" class="method navigator-link" panel-name="suite-Default_suite" title="calculator.CalculatorTest.CalculatorTesting" hash-for-method="testDivForDouble(1.0E9, 1.0E7, 100.0)">testDivForDouble(1.0E9, 1.0E7, 100.0)</a> <!-- method navigator-link -->
                      </span>
                      <br/>
                      <span>
                        <img width="3%" src="passed.png"/>
                        <a href="#" class="method navigator-link" panel-name="suite-Default_suite" title="calculator.CalculatorTest.CalculatorTesting" hash-for-method="testDivForDouble(1, -1, -1)">testDivForDouble(1, -1, -1)</a> <!-- method navigator-link -->
                      </span>
                      <br/>
                      <span>
                        <img width="3%" src="passed.png"/>
                        <a href="#" class="method navigator-link" panel-name="suite-Default_suite" title="calculator.CalculatorTest.CalculatorTesting" hash-for-method="testDivForDouble(4.9E-324, 4.9E-324, 1)">testDivForDouble(4.9E-324, 4.9E-324, 1)</a> <!-- method navigator-link -->
                      </span>
                      <br/>
                      <span>
                        <img width="3%" src="passed.png"/>
                        <a href="#" class="method navigator-link" panel-name="suite-Default_suite" title="calculator.CalculatorTest.CalculatorTesting" hash-for-method="testDivForDouble(-9, -9, 1)">testDivForDouble(-9, -9, 1)</a> <!-- method navigator-link -->
                      </span>
                      <br/>
                      <span>
                        <img width="3%" src="passed.png"/>
                        <a href="#" class="method navigator-link" panel-name="suite-Default_suite" title="calculator.CalculatorTest.CalculatorTesting" hash-for-method="testDivForDouble(1.1, -1, -1.1)">testDivForDouble(1.1, -1, -1.1)</a> <!-- method navigator-link -->
                      </span>
                      <br/>
                      <span>
                        <img width="3%" src="passed.png"/>
                        <a href="#" class="method navigator-link" panel-name="suite-Default_suite" title="calculator.CalculatorTest.CalculatorTesting" hash-for-method="testDivForDouble(-1, 8, -0.125)">testDivForDouble(-1, 8, -0.125)</a> <!-- method navigator-link -->
                      </span>
                      <br/>
                      <span>
                        <img width="3%" src="passed.png"/>
                        <a href="#" class="method navigator-link" panel-name="suite-Default_suite" title="calculator.CalculatorTest.CalculatorTesting" hash-for-method="testDivForLong(-9, -9, 1)">testDivForLong(-9, -9, 1)</a> <!-- method navigator-link -->
                      </span>
                      <br/>
                      <span>
                        <img width="3%" src="passed.png"/>
                        <a href="#" class="method navigator-link" panel-name="suite-Default_suite" title="calculator.CalculatorTest.CalculatorTesting" hash-for-method="testDivForLong(1000000000, 10000000, 100)">testDivForLong(1000000000, 10000000, 100)</a> <!-- method navigator-link -->
                      </span>
                      <br/>
                      <span>
                        <img width="3%" src="passed.png"/>
                        <a href="#" class="method navigator-link" panel-name="suite-Default_suite" title="calculator.CalculatorTest.CalculatorTesting" hash-for-method="testIsNegative(-8)">testIsNegative(-8)</a> <!-- method navigator-link -->
                      </span>
                      <br/>
                      <span>
                        <img width="3%" src="passed.png"/>
                        <a href="#" class="method navigator-link" panel-name="suite-Default_suite" title="calculator.CalculatorTest.CalculatorTesting" hash-for-method="testIsNegative(-231342)">testIsNegative(-231342)</a> <!-- method navigator-link -->
                      </span>
                      <br/>
                      <span>
                        <img width="3%" src="passed.png"/>
                        <a href="#" class="method navigator-link" panel-name="suite-Default_suite" title="calculator.CalculatorTest.CalculatorTesting" hash-for-method="testIsNegative(-9223372036854775808)">testIsNegative(-9223372036854775808)</a> <!-- method navigator-link -->
                      </span>
                      <br/>
                      <span>
                        <img width="3%" src="passed.png"/>
                        <a href="#" class="method navigator-link" panel-name="suite-Default_suite" title="calculator.CalculatorTest.CalculatorTesting" hash-for-method="testIsNegative(-1)">testIsNegative(-1)</a> <!-- method navigator-link -->
                      </span>
                      <br/>
                      <span>
                        <img width="3%" src="passed.png"/>
                        <a href="#" class="method navigator-link" panel-name="suite-Default_suite" title="calculator.CalculatorTest.CalculatorTesting" hash-for-method="testIsPositivity(231342)">testIsPositivity(231342)</a> <!-- method navigator-link -->
                      </span>
                      <br/>
                      <span>
                        <img width="3%" src="passed.png"/>
                        <a href="#" class="method navigator-link" panel-name="suite-Default_suite" title="calculator.CalculatorTest.CalculatorTesting" hash-for-method="testIsPositivity(9223372036854775807)">testIsPositivity(9223372036854775807)</a> <!-- method navigator-link -->
                      </span>
                      <br/>
                      <span>
                        <img width="3%" src="passed.png"/>
                        <a href="#" class="method navigator-link" panel-name="suite-Default_suite" title="calculator.CalculatorTest.CalculatorTesting" hash-for-method="testIsPositivity(8)">testIsPositivity(8)</a> <!-- method navigator-link -->
                      </span>
                      <br/>
                      <span>
                        <img width="3%" src="passed.png"/>
                        <a href="#" class="method navigator-link" panel-name="suite-Default_suite" title="calculator.CalculatorTest.CalculatorTesting" hash-for-method="testMulForDouble(-1, 8, -8)">testMulForDouble(-1, 8, -8)</a> <!-- method navigator-link -->
                      </span>
                      <br/>
                      <span>
                        <img width="3%" src="passed.png"/>
                        <a href="#" class="method navigator-link" panel-name="suite-Default_suite" title="calculator.CalculatorTest.CalculatorTesting" hash-for-method="testMulForDouble(1.0E9, 1.0E7, 1.0E16)">testMulForDouble(1.0E9, 1.0E7, 1.0E16)</a> <!-- method navigator-link -->
                      </span>
                      <br/>
                      <span>
                        <img width="3%" src="passed.png"/>
                        <a href="#" class="method navigator-link" panel-name="suite-Default_suite" title="calculator.CalculatorTest.CalculatorTesting" hash-for-method="testMulForDouble(1, -1, -1)">testMulForDouble(1, -1, -1)</a> <!-- method navigator-link -->
                      </span>
                      <br/>
                      <span>
                        <img width="3%" src="passed.png"/>
                        <a href="#" class="method navigator-link" panel-name="suite-Default_suite" title="calculator.CalculatorTest.CalculatorTesting" hash-for-method="testMulForDouble(4.9E-324, 4.9E-324, 0.0)">testMulForDouble(4.9E-324, 4.9E-324, 0.0)</a> <!-- method navigator-link -->
                      </span>
                      <br/>
                      <span>
                        <img width="3%" src="passed.png"/>
                        <a href="#" class="method navigator-link" panel-name="suite-Default_suite" title="calculator.CalculatorTest.CalculatorTesting" hash-for-method="testMulForDouble(-9, -9, 81)">testMulForDouble(-9, -9, 81)</a> <!-- method navigator-link -->
                      </span>
                      <br/>
                      <span>
                        <img width="3%" src="passed.png"/>
                        <a href="#" class="method navigator-link" panel-name="suite-Default_suite" title="calculator.CalculatorTest.CalculatorTesting" hash-for-method="testMulForDouble(0.0, 0, 0)">testMulForDouble(0.0, 0, 0)</a> <!-- method navigator-link -->
                      </span>
                      <br/>
                      <span>
                        <img width="3%" src="passed.png"/>
                        <a href="#" class="method navigator-link" panel-name="suite-Default_suite" title="calculator.CalculatorTest.CalculatorTesting" hash-for-method="testMulForLong(-1, 8, -8)">testMulForLong(-1, 8, -8)</a> <!-- method navigator-link -->
                      </span>
                      <br/>
                      <span>
                        <img width="3%" src="passed.png"/>
                        <a href="#" class="method navigator-link" panel-name="suite-Default_suite" title="calculator.CalculatorTest.CalculatorTesting" hash-for-method="testMulForLong(0, 0, 0)">testMulForLong(0, 0, 0)</a> <!-- method navigator-link -->
                      </span>
                      <br/>
                      <span>
                        <img width="3%" src="passed.png"/>
                        <a href="#" class="method navigator-link" panel-name="suite-Default_suite" title="calculator.CalculatorTest.CalculatorTesting" hash-for-method="testMulForLong(-9, -9, 81)">testMulForLong(-9, -9, 81)</a> <!-- method navigator-link -->
                      </span>
                      <br/>
                      <span>
                        <img width="3%" src="passed.png"/>
                        <a href="#" class="method navigator-link" panel-name="suite-Default_suite" title="calculator.CalculatorTest.CalculatorTesting" hash-for-method="testMulForLong(1000000000, 10000000, 10000000000000000)">testMulForLong(1000000000, 10000000, 10000000000000000)</a> <!-- method navigator-link -->
                      </span>
                      <br/>
                      <span>
                        <img width="3%" src="passed.png"/>
                        <a href="#" class="method navigator-link" panel-name="suite-Default_suite" title="calculator.CalculatorTest.CalculatorTesting" hash-for-method="testPow(1.1, -1, 0.9090909090909091)">testPow(1.1, -1, 0.9090909090909091)</a> <!-- method navigator-link -->
                      </span>
                      <br/>
                      <span>
                        <img width="3%" src="passed.png"/>
                        <a href="#" class="method navigator-link" panel-name="suite-Default_suite" title="calculator.CalculatorTest.CalculatorTesting" hash-for-method="testPow(-1, 8, 1)">testPow(-1, 8, 1)</a> <!-- method navigator-link -->
                      </span>
                      <br/>
                      <span>
                        <img width="3%" src="passed.png"/>
                        <a href="#" class="method navigator-link" panel-name="suite-Default_suite" title="calculator.CalculatorTest.CalculatorTesting" hash-for-method="testPow(-9, 2, 81)">testPow(-9, 2, 81)</a> <!-- method navigator-link -->
                      </span>
                      <br/>
                      <span>
                        <img width="3%" src="passed.png"/>
                        <a href="#" class="method navigator-link" panel-name="suite-Default_suite" title="calculator.CalculatorTest.CalculatorTesting" hash-for-method="testPow(0.0, 0, 1.0)">testPow(0.0, 0, 1.0)</a> <!-- method navigator-link -->
                      </span>
                      <br/>
                      <span>
                        <img width="3%" src="passed.png"/>
                        <a href="#" class="method navigator-link" panel-name="suite-Default_suite" title="calculator.CalculatorTest.CalculatorTesting" hash-for-method="testPow(1, 0, 1.0)">testPow(1, 0, 1.0)</a> <!-- method navigator-link -->
                      </span>
                      <br/>
                      <span>
                        <img width="3%" src="passed.png"/>
                        <a href="#" class="method navigator-link" panel-name="suite-Default_suite" title="calculator.CalculatorTest.CalculatorTesting" hash-for-method="testPow(1.0E9, 3, 1.0E27)">testPow(1.0E9, 3, 1.0E27)</a> <!-- method navigator-link -->
                      </span>
                      <br/>
                      <span>
                        <img width="3%" src="passed.png"/>
                        <a href="#" class="method navigator-link" panel-name="suite-Default_suite" title="calculator.CalculatorTest.CalculatorTesting" hash-for-method="testPow(1, -1, 1)">testPow(1, -1, 1)</a> <!-- method navigator-link -->
                      </span>
                      <br/>
                      <span>
                        <img width="3%" src="passed.png"/>
                        <a href="#" class="method navigator-link" panel-name="suite-Default_suite" title="calculator.CalculatorTest.CalculatorTesting" hash-for-method="testSin(90, 0.8939966636005579)">testSin(90, 0.8939966636005579)</a> <!-- method navigator-link -->
                      </span>
                      <br/>
                      <span>
                        <img width="3%" src="passed.png"/>
                        <a href="#" class="method navigator-link" panel-name="suite-Default_suite" title="calculator.CalculatorTest.CalculatorTesting" hash-for-method="testSin(45, 0.8509035245341184)">testSin(45, 0.8509035245341184)</a> <!-- method navigator-link -->
                      </span>
                      <br/>
                      <span>
                        <img width="3%" src="passed.png"/>
                        <a href="#" class="method navigator-link" panel-name="suite-Default_suite" title="calculator.CalculatorTest.CalculatorTesting" hash-for-method="testSin(-180, 0.8011526357338304)">testSin(-180, 0.8011526357338304)</a> <!-- method navigator-link -->
                      </span>
                      <br/>
                      <span>
                        <img width="3%" src="passed.png"/>
                        <a href="#" class="method navigator-link" panel-name="suite-Default_suite" title="calculator.CalculatorTest.CalculatorTesting" hash-for-method="testSin(180, -0.8011526357338304)">testSin(180, -0.8011526357338304)</a> <!-- method navigator-link -->
                      </span>
                      <br/>
                      <span>
                        <img width="3%" src="passed.png"/>
                        <a href="#" class="method navigator-link" panel-name="suite-Default_suite" title="calculator.CalculatorTest.CalculatorTesting" hash-for-method="testSin(270, -0.1760459464712114)">testSin(270, -0.1760459464712114)</a> <!-- method navigator-link -->
                      </span>
                      <br/>
                      <span>
                        <img width="3%" src="passed.png"/>
                        <a href="#" class="method navigator-link" panel-name="suite-Default_suite" title="calculator.CalculatorTest.CalculatorTesting" hash-for-method="testSin(-270, 0.1760459464712114)">testSin(-270, 0.1760459464712114)</a> <!-- method navigator-link -->
                      </span>
                      <br/>
                      <span>
                        <img width="3%" src="passed.png"/>
                        <a href="#" class="method navigator-link" panel-name="suite-Default_suite" title="calculator.CalculatorTest.CalculatorTesting" hash-for-method="testSqrt(45, 6.708203932499369)">testSqrt(45, 6.708203932499369)</a> <!-- method navigator-link -->
                      </span>
                      <br/>
                      <span>
                        <img width="3%" src="passed.png"/>
                        <a href="#" class="method navigator-link" panel-name="suite-Default_suite" title="calculator.CalculatorTest.CalculatorTesting" hash-for-method="testSqrt(0, 0)">testSqrt(0, 0)</a> <!-- method navigator-link -->
                      </span>
                      <br/>
                      <span>
                        <img width="3%" src="passed.png"/>
                        <a href="#" class="method navigator-link" panel-name="suite-Default_suite" title="calculator.CalculatorTest.CalculatorTesting" hash-for-method="testSqrt(1, 1)">testSqrt(1, 1)</a> <!-- method navigator-link -->
                      </span>
                      <br/>
                      <span>
                        <img width="3%" src="passed.png"/>
                        <a href="#" class="method navigator-link" panel-name="suite-Default_suite" title="calculator.CalculatorTest.CalculatorTesting" hash-for-method="testSqrt(10, 3.1622776601683795)">testSqrt(10, 3.1622776601683795)</a> <!-- method navigator-link -->
                      </span>
                      <br/>
                      <span>
                        <img width="3%" src="passed.png"/>
                        <a href="#" class="method navigator-link" panel-name="suite-Default_suite" title="calculator.CalculatorTest.CalculatorTesting" hash-for-method="testSubForDouble(-1, 8, -9)">testSubForDouble(-1, 8, -9)</a> <!-- method navigator-link -->
                      </span>
                      <br/>
                      <span>
                        <img width="3%" src="passed.png"/>
                        <a href="#" class="method navigator-link" panel-name="suite-Default_suite" title="calculator.CalculatorTest.CalculatorTesting" hash-for-method="testSubForDouble(4.9E-324, 4.9E-324, 0.0)">testSubForDouble(4.9E-324, 4.9E-324, 0.0)</a> <!-- method navigator-link -->
                      </span>
                      <br/>
                      <span>
                        <img width="3%" src="passed.png"/>
                        <a href="#" class="method navigator-link" panel-name="suite-Default_suite" title="calculator.CalculatorTest.CalculatorTesting" hash-for-method="testSubForDouble(1.1, -1, 2.1)">testSubForDouble(1.1, -1, 2.1)</a> <!-- method navigator-link -->
                      </span>
                      <br/>
                      <span>
                        <img width="3%" src="passed.png"/>
                        <a href="#" class="method navigator-link" panel-name="suite-Default_suite" title="calculator.CalculatorTest.CalculatorTesting" hash-for-method="testSubForDouble(1.0E9, 1.0E7, 9.9E8)">testSubForDouble(1.0E9, 1.0E7, 9.9E8)</a> <!-- method navigator-link -->
                      </span>
                      <br/>
                      <span>
                        <img width="3%" src="passed.png"/>
                        <a href="#" class="method navigator-link" panel-name="suite-Default_suite" title="calculator.CalculatorTest.CalculatorTesting" hash-for-method="testSubForDouble(0.0, 0, 0)">testSubForDouble(0.0, 0, 0)</a> <!-- method navigator-link -->
                      </span>
                      <br/>
                      <span>
                        <img width="3%" src="passed.png"/>
                        <a href="#" class="method navigator-link" panel-name="suite-Default_suite" title="calculator.CalculatorTest.CalculatorTesting" hash-for-method="testSubForDouble(1, -1, 2)">testSubForDouble(1, -1, 2)</a> <!-- method navigator-link -->
                      </span>
                      <br/>
                      <span>
                        <img width="3%" src="passed.png"/>
                        <a href="#" class="method navigator-link" panel-name="suite-Default_suite" title="calculator.CalculatorTest.CalculatorTesting" hash-for-method="testSubForDouble(-9, -9, 0)">testSubForDouble(-9, -9, 0)</a> <!-- method navigator-link -->
                      </span>
                      <br/>
                      <span>
                        <img width="3%" src="passed.png"/>
                        <a href="#" class="method navigator-link" panel-name="suite-Default_suite" title="calculator.CalculatorTest.CalculatorTesting" hash-for-method="testSubForLong(-1, 8, -9)">testSubForLong(-1, 8, -9)</a> <!-- method navigator-link -->
                      </span>
                      <br/>
                      <span>
                        <img width="3%" src="passed.png"/>
                        <a href="#" class="method navigator-link" panel-name="suite-Default_suite" title="calculator.CalculatorTest.CalculatorTesting" hash-for-method="testSubForLong(-9223372036854775808, -9223372036854775808, 0)">testSubForLong(-9223372036854775808, -9223372036854775808, 0)</a> <!-- method navigator-link -->
                      </span>
                      <br/>
                      <span>
                        <img width="3%" src="passed.png"/>
                        <a href="#" class="method navigator-link" panel-name="suite-Default_suite" title="calculator.CalculatorTest.CalculatorTesting" hash-for-method="testSubForLong(1, -1, 2)">testSubForLong(1, -1, 2)</a> <!-- method navigator-link -->
                      </span>
                      <br/>
                      <span>
                        <img width="3%" src="passed.png"/>
                        <a href="#" class="method navigator-link" panel-name="suite-Default_suite" title="calculator.CalculatorTest.CalculatorTesting" hash-for-method="testSubForLong(1000000000, 10000000, 990000000)">testSubForLong(1000000000, 10000000, 990000000)</a> <!-- method navigator-link -->
                      </span>
                      <br/>
                      <span>
                        <img width="3%" src="passed.png"/>
                        <a href="#" class="method navigator-link" panel-name="suite-Default_suite" title="calculator.CalculatorTest.CalculatorTesting" hash-for-method="testSubForLong(0, 0, 0)">testSubForLong(0, 0, 0)</a> <!-- method navigator-link -->
                      </span>
                      <br/>
                      <span>
                        <img width="3%" src="passed.png"/>
                        <a href="#" class="method navigator-link" panel-name="suite-Default_suite" title="calculator.CalculatorTest.CalculatorTesting" hash-for-method="testSubForLong(-9, -9, 0)">testSubForLong(-9, -9, 0)</a> <!-- method navigator-link -->
                      </span>
                      <br/>
                      <span>
                        <img width="3%" src="passed.png"/>
                        <a href="#" class="method navigator-link" panel-name="suite-Default_suite" title="calculator.CalculatorTest.CalculatorTesting" hash-for-method="testSumForDouble(1.0E9, 1.0E7, 1.01E9)">testSumForDouble(1.0E9, 1.0E7, 1.01E9)</a> <!-- method navigator-link -->
                      </span>
                      <br/>
                      <span>
                        <img width="3%" src="passed.png"/>
                        <a href="#" class="method navigator-link" panel-name="suite-Default_suite" title="calculator.CalculatorTest.CalculatorTesting" hash-for-method="testSumForDouble(-1, 8, 7)">testSumForDouble(-1, 8, 7)</a> <!-- method navigator-link -->
                      </span>
                      <br/>
                      <span>
                        <img width="3%" src="passed.png"/>
                        <a href="#" class="method navigator-link" panel-name="suite-Default_suite" title="calculator.CalculatorTest.CalculatorTesting" hash-for-method="testSumForDouble(0.0, 0, 0)">testSumForDouble(0.0, 0, 0)</a> <!-- method navigator-link -->
                      </span>
                      <br/>
                      <span>
                        <img width="3%" src="passed.png"/>
                        <a href="#" class="method navigator-link" panel-name="suite-Default_suite" title="calculator.CalculatorTest.CalculatorTesting" hash-for-method="testSumForDouble(1, -1, 0)">testSumForDouble(1, -1, 0)</a> <!-- method navigator-link -->
                      </span>
                      <br/>
                      <span>
                        <img width="3%" src="passed.png"/>
                        <a href="#" class="method navigator-link" panel-name="suite-Default_suite" title="calculator.CalculatorTest.CalculatorTesting" hash-for-method="testSumForDouble(-9, -9, -18)">testSumForDouble(-9, -9, -18)</a> <!-- method navigator-link -->
                      </span>
                      <br/>
                      <span>
                        <img width="3%" src="passed.png"/>
                        <a href="#" class="method navigator-link" panel-name="suite-Default_suite" title="calculator.CalculatorTest.CalculatorTesting" hash-for-method="testSumForDouble(4.9E-324, 4.9E-324, 1.0E-323)">testSumForDouble(4.9E-324, 4.9E-324, 1.0E-323)</a> <!-- method navigator-link -->
                      </span>
                      <br/>
                      <span>
                        <img width="3%" src="passed.png"/>
                        <a href="#" class="method navigator-link" panel-name="suite-Default_suite" title="calculator.CalculatorTest.CalculatorTesting" hash-for-method="testSumForLong(1000000000, 10000000, 1010000000)">testSumForLong(1000000000, 10000000, 1010000000)</a> <!-- method navigator-link -->
                      </span>
                      <br/>
                      <span>
                        <img width="3%" src="passed.png"/>
                        <a href="#" class="method navigator-link" panel-name="suite-Default_suite" title="calculator.CalculatorTest.CalculatorTesting" hash-for-method="testSumForLong(1, -1, 0)">testSumForLong(1, -1, 0)</a> <!-- method navigator-link -->
                      </span>
                      <br/>
                      <span>
                        <img width="3%" src="passed.png"/>
                        <a href="#" class="method navigator-link" panel-name="suite-Default_suite" title="calculator.CalculatorTest.CalculatorTesting" hash-for-method="testSumForLong(-9223372036854775808, -9223372036854775808, 0)">testSumForLong(-9223372036854775808, -9223372036854775808, 0)</a> <!-- method navigator-link -->
                      </span>
                      <br/>
                      <span>
                        <img width="3%" src="passed.png"/>
                        <a href="#" class="method navigator-link" panel-name="suite-Default_suite" title="calculator.CalculatorTest.CalculatorTesting" hash-for-method="testSumForLong(0, 0, 0)">testSumForLong(0, 0, 0)</a> <!-- method navigator-link -->
                      </span>
                      <br/>
                      <span>
                        <img width="3%" src="passed.png"/>
                        <a href="#" class="method navigator-link" panel-name="suite-Default_suite" title="calculator.CalculatorTest.CalculatorTesting" hash-for-method="testSumForLong(-9, -9, -18)">testSumForLong(-9, -9, -18)</a> <!-- method navigator-link -->
                      </span>
                      <br/>
                      <span>
                        <img width="3%" src="passed.png"/>
                        <a href="#" class="method navigator-link" panel-name="suite-Default_suite" title="calculator.CalculatorTest.CalculatorTesting" hash-for-method="testSumForLong(-1, 8, 7)">testSumForLong(-1, 8, 7)</a> <!-- method navigator-link -->
                      </span>
                      <br/>
                    </div> <!-- method-list-content passed suite-Default_suite -->
                  </li>
                </ul>
              </div> <!-- suite-section-content -->
            </div> <!-- result-section -->
          </div> <!-- navigator-suite-content -->
        </div> <!-- rounded-window -->
      </div> <!-- suite -->
    </div> <!-- navigator-root -->
    <div class="wrapper">
      <div class="main-panel-root">
        <div panel-name="suite-Default_suite" class="panel Default_suite">
          <div class="suite-Default_suite-class-failed">
            <div class="main-panel-header rounded-window-top">
              <img src="failed.png"/>
              <span class="class-name">calculator.CalculatorTest.CalculatorTesting</span>
            </div> <!-- main-panel-header rounded-window-top -->
            <div class="main-panel-content rounded-window-bottom">
              <div class="method">
                <div class="method-content">
                  <a name="testCos(45, 0.52532198881)">
                  </a> <!-- testCos(45, 0.52532198881) -->
                  <span class="method-name">testCos</span>
                  <span class="parameters">(45, 0.52532198881)</span>
                  <div class="stack-trace">java.lang.AssertionError: did not expect to find [0.52532198881] but found [0.8509035245341184]
	at org.testng.Assert.fail(Assert.java:97)
	at org.testng.Assert.failNotEquals(Assert.java:969)
	at org.testng.Assert.assertEquals(Assert.java:640)
	at org.testng.Assert.assertEquals(Assert.java:651)
	at calculator.CalculatorTest.CalculatorTesting.testCos(CalculatorTesting.java:303)
	at sun.reflect.NativeMethodAccessorImpl.invoke0(Native Method)
	at sun.reflect.NativeMethodAccessorImpl.invoke(NativeMethodAccessorImpl.java:62)
	at sun.reflect.DelegatingMethodAccessorImpl.invoke(DelegatingMethodAccessorImpl.java:43)
	at java.lang.reflect.Method.invoke(Method.java:498)
	at org.testng.internal.MethodInvocationHelper.invokeMethod(MethodInvocationHelper.java:133)
	at org.testng.internal.TestInvoker.invokeMethod(TestInvoker.java:584)
	at org.testng.internal.TestInvoker.invokeTestMethod(TestInvoker.java:172)
	at org.testng.internal.MethodRunner.runInSequence(MethodRunner.java:46)
	at org.testng.internal.TestInvoker$MethodInvocationAgent.invoke(TestInvoker.java:804)
	at org.testng.internal.TestInvoker.invokeTestMethods(TestInvoker.java:145)
	at org.testng.internal.TestMethodWorker.invokeTestMethods(TestMethodWorker.java:146)
	at org.testng.internal.TestMethodWorker.run(TestMethodWorker.java:128)
	at java.util.ArrayList.forEach(ArrayList.java:1257)
	at org.testng.TestRunner.privateRun(TestRunner.java:770)
	at org.testng.TestRunner.run(TestRunner.java:591)
	at org.testng.SuiteRunner.runTest(SuiteRunner.java:402)
	at org.testng.SuiteRunner.runSequentially(SuiteRunner.java:396)
	at org.testng.SuiteRunner.privateRun(SuiteRunner.java:355)
	at org.testng.SuiteRunner.run(SuiteRunner.java:304)
	at org.testng.SuiteRunnerWorker.runSuite(SuiteRunnerWorker.java:53)
	at org.testng.SuiteRunnerWorker.run(SuiteRunnerWorker.java:96)
	at org.testng.TestNG.runSuitesSequentially(TestNG.java:1180)
	at org.testng.TestNG.runSuitesLocally(TestNG.java:1102)
	at org.testng.TestNG.runSuites(TestNG.java:1032)
	at org.testng.TestNG.run(TestNG.java:1000)
	at org.testng.remote.AbstractRemoteTestNG.run(AbstractRemoteTestNG.java:115)
	at org.testng.remote.RemoteTestNG.initAndRun(RemoteTestNG.java:251)
	at org.testng.remote.RemoteTestNG.main(RemoteTestNG.java:77)

</div> <!-- stack-trace -->
                </div> <!-- method-content -->
              </div> <!-- method -->
              <div class="method">
                <div class="method-content">
                  <a name="testCos(90, -0.44807361612)">
                  </a> <!-- testCos(90, -0.44807361612) -->
                  <span class="method-name">testCos</span>
                  <span class="parameters">(90, -0.44807361612)</span>
                  <div class="stack-trace">java.lang.AssertionError: did not expect to find [-0.44807361612] but found [0.8939966636005579]
	at org.testng.Assert.fail(Assert.java:97)
	at org.testng.Assert.failNotEquals(Assert.java:969)
	at org.testng.Assert.assertEquals(Assert.java:640)
	at org.testng.Assert.assertEquals(Assert.java:651)
	at calculator.CalculatorTest.CalculatorTesting.testCos(CalculatorTesting.java:303)
	at sun.reflect.NativeMethodAccessorImpl.invoke0(Native Method)
	at sun.reflect.NativeMethodAccessorImpl.invoke(NativeMethodAccessorImpl.java:62)
	at sun.reflect.DelegatingMethodAccessorImpl.invoke(DelegatingMethodAccessorImpl.java:43)
	at java.lang.reflect.Method.invoke(Method.java:498)
	at org.testng.internal.MethodInvocationHelper.invokeMethod(MethodInvocationHelper.java:133)
	at org.testng.internal.TestInvoker.invokeMethod(TestInvoker.java:584)
	at org.testng.internal.TestInvoker.invokeTestMethod(TestInvoker.java:172)
	at org.testng.internal.MethodRunner.runInSequence(MethodRunner.java:46)
	at org.testng.internal.TestInvoker$MethodInvocationAgent.invoke(TestInvoker.java:804)
	at org.testng.internal.TestInvoker.invokeTestMethods(TestInvoker.java:145)
	at org.testng.internal.TestMethodWorker.invokeTestMethods(TestMethodWorker.java:146)
	at org.testng.internal.TestMethodWorker.run(TestMethodWorker.java:128)
	at java.util.ArrayList.forEach(ArrayList.java:1257)
	at org.testng.TestRunner.privateRun(TestRunner.java:770)
	at org.testng.TestRunner.run(TestRunner.java:591)
	at org.testng.SuiteRunner.runTest(SuiteRunner.java:402)
	at org.testng.SuiteRunner.runSequentially(SuiteRunner.java:396)
	at org.testng.SuiteRunner.privateRun(SuiteRunner.java:355)
	at org.testng.SuiteRunner.run(SuiteRunner.java:304)
	at org.testng.SuiteRunnerWorker.runSuite(SuiteRunnerWorker.java:53)
	at org.testng.SuiteRunnerWorker.run(SuiteRunnerWorker.java:96)
	at org.testng.TestNG.runSuitesSequentially(TestNG.java:1180)
	at org.testng.TestNG.runSuitesLocally(TestNG.java:1102)
	at org.testng.TestNG.runSuites(TestNG.java:1032)
	at org.testng.TestNG.run(TestNG.java:1000)
	at org.testng.remote.AbstractRemoteTestNG.run(AbstractRemoteTestNG.java:115)
	at org.testng.remote.RemoteTestNG.initAndRun(RemoteTestNG.java:251)
	at org.testng.remote.RemoteTestNG.main(RemoteTestNG.java:77)

</div> <!-- stack-trace -->
                </div> <!-- method-content -->
              </div> <!-- method -->
              <div class="method">
                <div class="method-content">
                  <a name="testCos(-270, 0.98438195063)">
                  </a> <!-- testCos(-270, 0.98438195063) -->
                  <span class="method-name">testCos</span>
                  <span class="parameters">(-270, 0.98438195063)</span>
                  <div class="stack-trace">java.lang.AssertionError: did not expect to find [0.98438195063] but found [0.1760459464712114]
	at org.testng.Assert.fail(Assert.java:97)
	at org.testng.Assert.failNotEquals(Assert.java:969)
	at org.testng.Assert.assertEquals(Assert.java:640)
	at org.testng.Assert.assertEquals(Assert.java:651)
	at calculator.CalculatorTest.CalculatorTesting.testCos(CalculatorTesting.java:303)
	at sun.reflect.NativeMethodAccessorImpl.invoke0(Native Method)
	at sun.reflect.NativeMethodAccessorImpl.invoke(NativeMethodAccessorImpl.java:62)
	at sun.reflect.DelegatingMethodAccessorImpl.invoke(DelegatingMethodAccessorImpl.java:43)
	at java.lang.reflect.Method.invoke(Method.java:498)
	at org.testng.internal.MethodInvocationHelper.invokeMethod(MethodInvocationHelper.java:133)
	at org.testng.internal.TestInvoker.invokeMethod(TestInvoker.java:584)
	at org.testng.internal.TestInvoker.invokeTestMethod(TestInvoker.java:172)
	at org.testng.internal.MethodRunner.runInSequence(MethodRunner.java:46)
	at org.testng.internal.TestInvoker$MethodInvocationAgent.invoke(TestInvoker.java:804)
	at org.testng.internal.TestInvoker.invokeTestMethods(TestInvoker.java:145)
	at org.testng.internal.TestMethodWorker.invokeTestMethods(TestMethodWorker.java:146)
	at org.testng.internal.TestMethodWorker.run(TestMethodWorker.java:128)
	at java.util.ArrayList.forEach(ArrayList.java:1257)
	at org.testng.TestRunner.privateRun(TestRunner.java:770)
	at org.testng.TestRunner.run(TestRunner.java:591)
	at org.testng.SuiteRunner.runTest(SuiteRunner.java:402)
	at org.testng.SuiteRunner.runSequentially(SuiteRunner.java:396)
	at org.testng.SuiteRunner.privateRun(SuiteRunner.java:355)
	at org.testng.SuiteRunner.run(SuiteRunner.java:304)
	at org.testng.SuiteRunnerWorker.runSuite(SuiteRunnerWorker.java:53)
	at org.testng.SuiteRunnerWorker.run(SuiteRunnerWorker.java:96)
	at org.testng.TestNG.runSuitesSequentially(TestNG.java:1180)
	at org.testng.TestNG.runSuitesLocally(TestNG.java:1102)
	at org.testng.TestNG.runSuites(TestNG.java:1032)
	at org.testng.TestNG.run(TestNG.java:1000)
	at org.testng.remote.AbstractRemoteTestNG.run(AbstractRemoteTestNG.java:115)
	at org.testng.remote.RemoteTestNG.initAndRun(RemoteTestNG.java:251)
	at org.testng.remote.RemoteTestNG.main(RemoteTestNG.java:77)

</div> <!-- stack-trace -->
                </div> <!-- method-content -->
              </div> <!-- method -->
              <div class="method">
                <div class="method-content">
                  <a name="testCos(180, -0.59846006905)">
                  </a> <!-- testCos(180, -0.59846006905) -->
                  <span class="method-name">testCos</span>
                  <span class="parameters">(180, -0.59846006905)</span>
                  <div class="stack-trace">java.lang.AssertionError: did not expect to find [-0.59846006905] but found [-0.8011526357338304]
	at org.testng.Assert.fail(Assert.java:97)
	at org.testng.Assert.failNotEquals(Assert.java:969)
	at org.testng.Assert.assertEquals(Assert.java:640)
	at org.testng.Assert.assertEquals(Assert.java:651)
	at calculator.CalculatorTest.CalculatorTesting.testCos(CalculatorTesting.java:303)
	at sun.reflect.NativeMethodAccessorImpl.invoke0(Native Method)
	at sun.reflect.NativeMethodAccessorImpl.invoke(NativeMethodAccessorImpl.java:62)
	at sun.reflect.DelegatingMethodAccessorImpl.invoke(DelegatingMethodAccessorImpl.java:43)
	at java.lang.reflect.Method.invoke(Method.java:498)
	at org.testng.internal.MethodInvocationHelper.invokeMethod(MethodInvocationHelper.java:133)
	at org.testng.internal.TestInvoker.invokeMethod(TestInvoker.java:584)
	at org.testng.internal.TestInvoker.invokeTestMethod(TestInvoker.java:172)
	at org.testng.internal.MethodRunner.runInSequence(MethodRunner.java:46)
	at org.testng.internal.TestInvoker$MethodInvocationAgent.invoke(TestInvoker.java:804)
	at org.testng.internal.TestInvoker.invokeTestMethods(TestInvoker.java:145)
	at org.testng.internal.TestMethodWorker.invokeTestMethods(TestMethodWorker.java:146)
	at org.testng.internal.TestMethodWorker.run(TestMethodWorker.java:128)
	at java.util.ArrayList.forEach(ArrayList.java:1257)
	at org.testng.TestRunner.privateRun(TestRunner.java:770)
	at org.testng.TestRunner.run(TestRunner.java:591)
	at org.testng.SuiteRunner.runTest(SuiteRunner.java:402)
	at org.testng.SuiteRunner.runSequentially(SuiteRunner.java:396)
	at org.testng.SuiteRunner.privateRun(SuiteRunner.java:355)
	at org.testng.SuiteRunner.run(SuiteRunner.java:304)
	at org.testng.SuiteRunnerWorker.runSuite(SuiteRunnerWorker.java:53)
	at org.testng.SuiteRunnerWorker.run(SuiteRunnerWorker.java:96)
	at org.testng.TestNG.runSuitesSequentially(TestNG.java:1180)
	at org.testng.TestNG.runSuitesLocally(TestNG.java:1102)
	at org.testng.TestNG.runSuites(TestNG.java:1032)
	at org.testng.TestNG.run(TestNG.java:1000)
	at org.testng.remote.AbstractRemoteTestNG.run(AbstractRemoteTestNG.java:115)
	at org.testng.remote.RemoteTestNG.initAndRun(RemoteTestNG.java:251)
	at org.testng.remote.RemoteTestNG.main(RemoteTestNG.java:77)

</div> <!-- stack-trace -->
                </div> <!-- method-content -->
              </div> <!-- method -->
              <div class="method">
                <div class="method-content">
                  <a name="testCos(270, 0.98438195063)">
                  </a> <!-- testCos(270, 0.98438195063) -->
                  <span class="method-name">testCos</span>
                  <span class="parameters">(270, 0.98438195063)</span>
                  <div class="stack-trace">java.lang.AssertionError: did not expect to find [0.98438195063] but found [-0.1760459464712114]
	at org.testng.Assert.fail(Assert.java:97)
	at org.testng.Assert.failNotEquals(Assert.java:969)
	at org.testng.Assert.assertEquals(Assert.java:640)
	at org.testng.Assert.assertEquals(Assert.java:651)
	at calculator.CalculatorTest.CalculatorTesting.testCos(CalculatorTesting.java:303)
	at sun.reflect.NativeMethodAccessorImpl.invoke0(Native Method)
	at sun.reflect.NativeMethodAccessorImpl.invoke(NativeMethodAccessorImpl.java:62)
	at sun.reflect.DelegatingMethodAccessorImpl.invoke(DelegatingMethodAccessorImpl.java:43)
	at java.lang.reflect.Method.invoke(Method.java:498)
	at org.testng.internal.MethodInvocationHelper.invokeMethod(MethodInvocationHelper.java:133)
	at org.testng.internal.TestInvoker.invokeMethod(TestInvoker.java:584)
	at org.testng.internal.TestInvoker.invokeTestMethod(TestInvoker.java:172)
	at org.testng.internal.MethodRunner.runInSequence(MethodRunner.java:46)
	at org.testng.internal.TestInvoker$MethodInvocationAgent.invoke(TestInvoker.java:804)
	at org.testng.internal.TestInvoker.invokeTestMethods(TestInvoker.java:145)
	at org.testng.internal.TestMethodWorker.invokeTestMethods(TestMethodWorker.java:146)
	at org.testng.internal.TestMethodWorker.run(TestMethodWorker.java:128)
	at java.util.ArrayList.forEach(ArrayList.java:1257)
	at org.testng.TestRunner.privateRun(TestRunner.java:770)
	at org.testng.TestRunner.run(TestRunner.java:591)
	at org.testng.SuiteRunner.runTest(SuiteRunner.java:402)
	at org.testng.SuiteRunner.runSequentially(SuiteRunner.java:396)
	at org.testng.SuiteRunner.privateRun(SuiteRunner.java:355)
	at org.testng.SuiteRunner.run(SuiteRunner.java:304)
	at org.testng.SuiteRunnerWorker.runSuite(SuiteRunnerWorker.java:53)
	at org.testng.SuiteRunnerWorker.run(SuiteRunnerWorker.java:96)
	at org.testng.TestNG.runSuitesSequentially(TestNG.java:1180)
	at org.testng.TestNG.runSuitesLocally(TestNG.java:1102)
	at org.testng.TestNG.runSuites(TestNG.java:1032)
	at org.testng.TestNG.run(TestNG.java:1000)
	at org.testng.remote.AbstractRemoteTestNG.run(AbstractRemoteTestNG.java:115)
	at org.testng.remote.RemoteTestNG.initAndRun(RemoteTestNG.java:251)
	at org.testng.remote.RemoteTestNG.main(RemoteTestNG.java:77)

</div> <!-- stack-trace -->
                </div> <!-- method-content -->
              </div> <!-- method -->
              <div class="method">
                <div class="method-content">
                  <a name="testCos(-180, -0.59846006905)">
                  </a> <!-- testCos(-180, -0.59846006905) -->
                  <span class="method-name">testCos</span>
                  <span class="parameters">(-180, -0.59846006905)</span>
                  <div class="stack-trace">java.lang.AssertionError: did not expect to find [-0.59846006905] but found [0.8011526357338304]
	at org.testng.Assert.fail(Assert.java:97)
	at org.testng.Assert.failNotEquals(Assert.java:969)
	at org.testng.Assert.assertEquals(Assert.java:640)
	at org.testng.Assert.assertEquals(Assert.java:651)
	at calculator.CalculatorTest.CalculatorTesting.testCos(CalculatorTesting.java:303)
	at sun.reflect.NativeMethodAccessorImpl.invoke0(Native Method)
	at sun.reflect.NativeMethodAccessorImpl.invoke(NativeMethodAccessorImpl.java:62)
	at sun.reflect.DelegatingMethodAccessorImpl.invoke(DelegatingMethodAccessorImpl.java:43)
	at java.lang.reflect.Method.invoke(Method.java:498)
	at org.testng.internal.MethodInvocationHelper.invokeMethod(MethodInvocationHelper.java:133)
	at org.testng.internal.TestInvoker.invokeMethod(TestInvoker.java:584)
	at org.testng.internal.TestInvoker.invokeTestMethod(TestInvoker.java:172)
	at org.testng.internal.MethodRunner.runInSequence(MethodRunner.java:46)
	at org.testng.internal.TestInvoker$MethodInvocationAgent.invoke(TestInvoker.java:804)
	at org.testng.internal.TestInvoker.invokeTestMethods(TestInvoker.java:145)
	at org.testng.internal.TestMethodWorker.invokeTestMethods(TestMethodWorker.java:146)
	at org.testng.internal.TestMethodWorker.run(TestMethodWorker.java:128)
	at java.util.ArrayList.forEach(ArrayList.java:1257)
	at org.testng.TestRunner.privateRun(TestRunner.java:770)
	at org.testng.TestRunner.run(TestRunner.java:591)
	at org.testng.SuiteRunner.runTest(SuiteRunner.java:402)
	at org.testng.SuiteRunner.runSequentially(SuiteRunner.java:396)
	at org.testng.SuiteRunner.privateRun(SuiteRunner.java:355)
	at org.testng.SuiteRunner.run(SuiteRunner.java:304)
	at org.testng.SuiteRunnerWorker.runSuite(SuiteRunnerWorker.java:53)
	at org.testng.SuiteRunnerWorker.run(SuiteRunnerWorker.java:96)
	at org.testng.TestNG.runSuitesSequentially(TestNG.java:1180)
	at org.testng.TestNG.runSuitesLocally(TestNG.java:1102)
	at org.testng.TestNG.runSuites(TestNG.java:1032)
	at org.testng.TestNG.run(TestNG.java:1000)
	at org.testng.remote.AbstractRemoteTestNG.run(AbstractRemoteTestNG.java:115)
	at org.testng.remote.RemoteTestNG.initAndRun(RemoteTestNG.java:251)
	at org.testng.remote.RemoteTestNG.main(RemoteTestNG.java:77)

</div> <!-- stack-trace -->
                </div> <!-- method-content -->
              </div> <!-- method -->
              <div class="method">
                <div class="method-content">
                  <a name="testCtg(180, 0.74699881441)">
                  </a> <!-- testCtg(180, 0.74699881441) -->
                  <span class="method-name">testCtg</span>
                  <span class="parameters">(180, 0.74699881441)</span>
                  <div class="stack-trace">java.lang.AssertionError: did not expect to find [0.74699881441] but found [1.0]
	at org.testng.Assert.fail(Assert.java:97)
	at org.testng.Assert.failNotEquals(Assert.java:969)
	at org.testng.Assert.assertEquals(Assert.java:640)
	at org.testng.Assert.assertEquals(Assert.java:651)
	at calculator.CalculatorTest.CalculatorTesting.testCtg(CalculatorTesting.java:344)
	at sun.reflect.NativeMethodAccessorImpl.invoke0(Native Method)
	at sun.reflect.NativeMethodAccessorImpl.invoke(NativeMethodAccessorImpl.java:62)
	at sun.reflect.DelegatingMethodAccessorImpl.invoke(DelegatingMethodAccessorImpl.java:43)
	at java.lang.reflect.Method.invoke(Method.java:498)
	at org.testng.internal.MethodInvocationHelper.invokeMethod(MethodInvocationHelper.java:133)
	at org.testng.internal.TestInvoker.invokeMethod(TestInvoker.java:584)
	at org.testng.internal.TestInvoker.invokeTestMethod(TestInvoker.java:172)
	at org.testng.internal.MethodRunner.runInSequence(MethodRunner.java:46)
	at org.testng.internal.TestInvoker$MethodInvocationAgent.invoke(TestInvoker.java:804)
	at org.testng.internal.TestInvoker.invokeTestMethods(TestInvoker.java:145)
	at org.testng.internal.TestMethodWorker.invokeTestMethods(TestMethodWorker.java:146)
	at org.testng.internal.TestMethodWorker.run(TestMethodWorker.java:128)
	at java.util.ArrayList.forEach(ArrayList.java:1257)
	at org.testng.TestRunner.privateRun(TestRunner.java:770)
	at org.testng.TestRunner.run(TestRunner.java:591)
	at org.testng.SuiteRunner.runTest(SuiteRunner.java:402)
	at org.testng.SuiteRunner.runSequentially(SuiteRunner.java:396)
	at org.testng.SuiteRunner.privateRun(SuiteRunner.java:355)
	at org.testng.SuiteRunner.run(SuiteRunner.java:304)
	at org.testng.SuiteRunnerWorker.runSuite(SuiteRunnerWorker.java:53)
	at org.testng.SuiteRunnerWorker.run(SuiteRunnerWorker.java:96)
	at org.testng.TestNG.runSuitesSequentially(TestNG.java:1180)
	at org.testng.TestNG.runSuitesLocally(TestNG.java:1102)
	at org.testng.TestNG.runSuites(TestNG.java:1032)
	at org.testng.TestNG.run(TestNG.java:1000)
	at org.testng.remote.AbstractRemoteTestNG.run(AbstractRemoteTestNG.java:115)
	at org.testng.remote.RemoteTestNG.initAndRun(RemoteTestNG.java:251)
	at org.testng.remote.RemoteTestNG.main(RemoteTestNG.java:77)

</div> <!-- stack-trace -->
                </div> <!-- method-content -->
              </div> <!-- method -->
              <div class="method">
                <div class="method-content">
                  <a name="testCtg(-180, -0.74699881441)">
                  </a> <!-- testCtg(-180, -0.74699881441) -->
                  <span class="method-name">testCtg</span>
                  <span class="parameters">(-180, -0.74699881441)</span>
                  <div class="stack-trace">java.lang.AssertionError: did not expect to find [-0.74699881441] but found [-1.0]
	at org.testng.Assert.fail(Assert.java:97)
	at org.testng.Assert.failNotEquals(Assert.java:969)
	at org.testng.Assert.assertEquals(Assert.java:640)
	at org.testng.Assert.assertEquals(Assert.java:651)
	at calculator.CalculatorTest.CalculatorTesting.testCtg(CalculatorTesting.java:344)
	at sun.reflect.NativeMethodAccessorImpl.invoke0(Native Method)
	at sun.reflect.NativeMethodAccessorImpl.invoke(NativeMethodAccessorImpl.java:62)
	at sun.reflect.DelegatingMethodAccessorImpl.invoke(DelegatingMethodAccessorImpl.java:43)
	at java.lang.reflect.Method.invoke(Method.java:498)
	at org.testng.internal.MethodInvocationHelper.invokeMethod(MethodInvocationHelper.java:133)
	at org.testng.internal.TestInvoker.invokeMethod(TestInvoker.java:584)
	at org.testng.internal.TestInvoker.invokeTestMethod(TestInvoker.java:172)
	at org.testng.internal.MethodRunner.runInSequence(MethodRunner.java:46)
	at org.testng.internal.TestInvoker$MethodInvocationAgent.invoke(TestInvoker.java:804)
	at org.testng.internal.TestInvoker.invokeTestMethods(TestInvoker.java:145)
	at org.testng.internal.TestMethodWorker.invokeTestMethods(TestMethodWorker.java:146)
	at org.testng.internal.TestMethodWorker.run(TestMethodWorker.java:128)
	at java.util.ArrayList.forEach(ArrayList.java:1257)
	at org.testng.TestRunner.privateRun(TestRunner.java:770)
	at org.testng.TestRunner.run(TestRunner.java:591)
	at org.testng.SuiteRunner.runTest(SuiteRunner.java:402)
	at org.testng.SuiteRunner.runSequentially(SuiteRunner.java:396)
	at org.testng.SuiteRunner.privateRun(SuiteRunner.java:355)
	at org.testng.SuiteRunner.run(SuiteRunner.java:304)
	at org.testng.SuiteRunnerWorker.runSuite(SuiteRunnerWorker.java:53)
	at org.testng.SuiteRunnerWorker.run(SuiteRunnerWorker.java:96)
	at org.testng.TestNG.runSuitesSequentially(TestNG.java:1180)
	at org.testng.TestNG.runSuitesLocally(TestNG.java:1102)
	at org.testng.TestNG.runSuites(TestNG.java:1032)
	at org.testng.TestNG.run(TestNG.java:1000)
	at org.testng.remote.AbstractRemoteTestNG.run(AbstractRemoteTestNG.java:115)
	at org.testng.remote.RemoteTestNG.initAndRun(RemoteTestNG.java:251)
	at org.testng.remote.RemoteTestNG.main(RemoteTestNG.java:77)

</div> <!-- stack-trace -->
                </div> <!-- method-content -->
              </div> <!-- method -->
              <div class="method">
                <div class="method-content">
                  <a name="testCtg(90, -0.50120278338)">
                  </a> <!-- testCtg(90, -0.50120278338) -->
                  <span class="method-name">testCtg</span>
                  <span class="parameters">(90, -0.50120278338)</span>
                  <div class="stack-trace">java.lang.AssertionError: did not expect to find [-0.50120278338] but found [1.0]
	at org.testng.Assert.fail(Assert.java:97)
	at org.testng.Assert.failNotEquals(Assert.java:969)
	at org.testng.Assert.assertEquals(Assert.java:640)
	at org.testng.Assert.assertEquals(Assert.java:651)
	at calculator.CalculatorTest.CalculatorTesting.testCtg(CalculatorTesting.java:344)
	at sun.reflect.NativeMethodAccessorImpl.invoke0(Native Method)
	at sun.reflect.NativeMethodAccessorImpl.invoke(NativeMethodAccessorImpl.java:62)
	at sun.reflect.DelegatingMethodAccessorImpl.invoke(DelegatingMethodAccessorImpl.java:43)
	at java.lang.reflect.Method.invoke(Method.java:498)
	at org.testng.internal.MethodInvocationHelper.invokeMethod(MethodInvocationHelper.java:133)
	at org.testng.internal.TestInvoker.invokeMethod(TestInvoker.java:584)
	at org.testng.internal.TestInvoker.invokeTestMethod(TestInvoker.java:172)
	at org.testng.internal.MethodRunner.runInSequence(MethodRunner.java:46)
	at org.testng.internal.TestInvoker$MethodInvocationAgent.invoke(TestInvoker.java:804)
	at org.testng.internal.TestInvoker.invokeTestMethods(TestInvoker.java:145)
	at org.testng.internal.TestMethodWorker.invokeTestMethods(TestMethodWorker.java:146)
	at org.testng.internal.TestMethodWorker.run(TestMethodWorker.java:128)
	at java.util.ArrayList.forEach(ArrayList.java:1257)
	at org.testng.TestRunner.privateRun(TestRunner.java:770)
	at org.testng.TestRunner.run(TestRunner.java:591)
	at org.testng.SuiteRunner.runTest(SuiteRunner.java:402)
	at org.testng.SuiteRunner.runSequentially(SuiteRunner.java:396)
	at org.testng.SuiteRunner.privateRun(SuiteRunner.java:355)
	at org.testng.SuiteRunner.run(SuiteRunner.java:304)
	at org.testng.SuiteRunnerWorker.runSuite(SuiteRunnerWorker.java:53)
	at org.testng.SuiteRunnerWorker.run(SuiteRunnerWorker.java:96)
	at org.testng.TestNG.runSuitesSequentially(TestNG.java:1180)
	at org.testng.TestNG.runSuitesLocally(TestNG.java:1102)
	at org.testng.TestNG.runSuites(TestNG.java:1032)
	at org.testng.TestNG.run(TestNG.java:1000)
	at org.testng.remote.AbstractRemoteTestNG.run(AbstractRemoteTestNG.java:115)
	at org.testng.remote.RemoteTestNG.initAndRun(RemoteTestNG.java:251)
	at org.testng.remote.RemoteTestNG.main(RemoteTestNG.java:77)

</div> <!-- stack-trace -->
                </div> <!-- method-content -->
              </div> <!-- method -->
              <div class="method">
                <div class="method-content">
                  <a name="testCtg(-270, 5.59161951959)">
                  </a> <!-- testCtg(-270, 5.59161951959) -->
                  <span class="method-name">testCtg</span>
                  <span class="parameters">(-270, 5.59161951959)</span>
                  <div class="stack-trace">java.lang.AssertionError: did not expect to find [5.59161951959] but found [-1.0]
	at org.testng.Assert.fail(Assert.java:97)
	at org.testng.Assert.failNotEquals(Assert.java:969)
	at org.testng.Assert.assertEquals(Assert.java:640)
	at org.testng.Assert.assertEquals(Assert.java:651)
	at calculator.CalculatorTest.CalculatorTesting.testCtg(CalculatorTesting.java:344)
	at sun.reflect.NativeMethodAccessorImpl.invoke0(Native Method)
	at sun.reflect.NativeMethodAccessorImpl.invoke(NativeMethodAccessorImpl.java:62)
	at sun.reflect.DelegatingMethodAccessorImpl.invoke(DelegatingMethodAccessorImpl.java:43)
	at java.lang.reflect.Method.invoke(Method.java:498)
	at org.testng.internal.MethodInvocationHelper.invokeMethod(MethodInvocationHelper.java:133)
	at org.testng.internal.TestInvoker.invokeMethod(TestInvoker.java:584)
	at org.testng.internal.TestInvoker.invokeTestMethod(TestInvoker.java:172)
	at org.testng.internal.MethodRunner.runInSequence(MethodRunner.java:46)
	at org.testng.internal.TestInvoker$MethodInvocationAgent.invoke(TestInvoker.java:804)
	at org.testng.internal.TestInvoker.invokeTestMethods(TestInvoker.java:145)
	at org.testng.internal.TestMethodWorker.invokeTestMethods(TestMethodWorker.java:146)
	at org.testng.internal.TestMethodWorker.run(TestMethodWorker.java:128)
	at java.util.ArrayList.forEach(ArrayList.java:1257)
	at org.testng.TestRunner.privateRun(TestRunner.java:770)
	at org.testng.TestRunner.run(TestRunner.java:591)
	at org.testng.SuiteRunner.runTest(SuiteRunner.java:402)
	at org.testng.SuiteRunner.runSequentially(SuiteRunner.java:396)
	at org.testng.SuiteRunner.privateRun(SuiteRunner.java:355)
	at org.testng.SuiteRunner.run(SuiteRunner.java:304)
	at org.testng.SuiteRunnerWorker.runSuite(SuiteRunnerWorker.java:53)
	at org.testng.SuiteRunnerWorker.run(SuiteRunnerWorker.java:96)
	at org.testng.TestNG.runSuitesSequentially(TestNG.java:1180)
	at org.testng.TestNG.runSuitesLocally(TestNG.java:1102)
	at org.testng.TestNG.runSuites(TestNG.java:1032)
	at org.testng.TestNG.run(TestNG.java:1000)
	at org.testng.remote.AbstractRemoteTestNG.run(AbstractRemoteTestNG.java:115)
	at org.testng.remote.RemoteTestNG.initAndRun(RemoteTestNG.java:251)
	at org.testng.remote.RemoteTestNG.main(RemoteTestNG.java:77)

</div> <!-- stack-trace -->
                </div> <!-- method-content -->
              </div> <!-- method -->
              <div class="method">
                <div class="method-content">
                  <a name="testCtg(270, -5.59161951959)">
                  </a> <!-- testCtg(270, -5.59161951959) -->
                  <span class="method-name">testCtg</span>
                  <span class="parameters">(270, -5.59161951959)</span>
                  <div class="stack-trace">java.lang.AssertionError: did not expect to find [-5.59161951959] but found [1.0]
	at org.testng.Assert.fail(Assert.java:97)
	at org.testng.Assert.failNotEquals(Assert.java:969)
	at org.testng.Assert.assertEquals(Assert.java:640)
	at org.testng.Assert.assertEquals(Assert.java:651)
	at calculator.CalculatorTest.CalculatorTesting.testCtg(CalculatorTesting.java:344)
	at sun.reflect.NativeMethodAccessorImpl.invoke0(Native Method)
	at sun.reflect.NativeMethodAccessorImpl.invoke(NativeMethodAccessorImpl.java:62)
	at sun.reflect.DelegatingMethodAccessorImpl.invoke(DelegatingMethodAccessorImpl.java:43)
	at java.lang.reflect.Method.invoke(Method.java:498)
	at org.testng.internal.MethodInvocationHelper.invokeMethod(MethodInvocationHelper.java:133)
	at org.testng.internal.TestInvoker.invokeMethod(TestInvoker.java:584)
	at org.testng.internal.TestInvoker.invokeTestMethod(TestInvoker.java:172)
	at org.testng.internal.MethodRunner.runInSequence(MethodRunner.java:46)
	at org.testng.internal.TestInvoker$MethodInvocationAgent.invoke(TestInvoker.java:804)
	at org.testng.internal.TestInvoker.invokeTestMethods(TestInvoker.java:145)
	at org.testng.internal.TestMethodWorker.invokeTestMethods(TestMethodWorker.java:146)
	at org.testng.internal.TestMethodWorker.run(TestMethodWorker.java:128)
	at java.util.ArrayList.forEach(ArrayList.java:1257)
	at org.testng.TestRunner.privateRun(TestRunner.java:770)
	at org.testng.TestRunner.run(TestRunner.java:591)
	at org.testng.SuiteRunner.runTest(SuiteRunner.java:402)
	at org.testng.SuiteRunner.runSequentially(SuiteRunner.java:396)
	at org.testng.SuiteRunner.privateRun(SuiteRunner.java:355)
	at org.testng.SuiteRunner.run(SuiteRunner.java:304)
	at org.testng.SuiteRunnerWorker.runSuite(SuiteRunnerWorker.java:53)
	at org.testng.SuiteRunnerWorker.run(SuiteRunnerWorker.java:96)
	at org.testng.TestNG.runSuitesSequentially(TestNG.java:1180)
	at org.testng.TestNG.runSuitesLocally(TestNG.java:1102)
	at org.testng.TestNG.runSuites(TestNG.java:1032)
	at org.testng.TestNG.run(TestNG.java:1000)
	at org.testng.remote.AbstractRemoteTestNG.run(AbstractRemoteTestNG.java:115)
	at org.testng.remote.RemoteTestNG.initAndRun(RemoteTestNG.java:251)
	at org.testng.remote.RemoteTestNG.main(RemoteTestNG.java:77)

</div> <!-- stack-trace -->
                </div> <!-- method-content -->
              </div> <!-- method -->
              <div class="method">
                <div class="method-content">
                  <a name="testCtg(45, 0.61736962378)">
                  </a> <!-- testCtg(45, 0.61736962378) -->
                  <span class="method-name">testCtg</span>
                  <span class="parameters">(45, 0.61736962378)</span>
                  <div class="stack-trace">java.lang.AssertionError: did not expect to find [0.61736962378] but found [1.0]
	at org.testng.Assert.fail(Assert.java:97)
	at org.testng.Assert.failNotEquals(Assert.java:969)
	at org.testng.Assert.assertEquals(Assert.java:640)
	at org.testng.Assert.assertEquals(Assert.java:651)
	at calculator.CalculatorTest.CalculatorTesting.testCtg(CalculatorTesting.java:344)
	at sun.reflect.NativeMethodAccessorImpl.invoke0(Native Method)
	at sun.reflect.NativeMethodAccessorImpl.invoke(NativeMethodAccessorImpl.java:62)
	at sun.reflect.DelegatingMethodAccessorImpl.invoke(DelegatingMethodAccessorImpl.java:43)
	at java.lang.reflect.Method.invoke(Method.java:498)
	at org.testng.internal.MethodInvocationHelper.invokeMethod(MethodInvocationHelper.java:133)
	at org.testng.internal.TestInvoker.invokeMethod(TestInvoker.java:584)
	at org.testng.internal.TestInvoker.invokeTestMethod(TestInvoker.java:172)
	at org.testng.internal.MethodRunner.runInSequence(MethodRunner.java:46)
	at org.testng.internal.TestInvoker$MethodInvocationAgent.invoke(TestInvoker.java:804)
	at org.testng.internal.TestInvoker.invokeTestMethods(TestInvoker.java:145)
	at org.testng.internal.TestMethodWorker.invokeTestMethods(TestMethodWorker.java:146)
	at org.testng.internal.TestMethodWorker.run(TestMethodWorker.java:128)
	at java.util.ArrayList.forEach(ArrayList.java:1257)
	at org.testng.TestRunner.privateRun(TestRunner.java:770)
	at org.testng.TestRunner.run(TestRunner.java:591)
	at org.testng.SuiteRunner.runTest(SuiteRunner.java:402)
	at org.testng.SuiteRunner.runSequentially(SuiteRunner.java:396)
	at org.testng.SuiteRunner.privateRun(SuiteRunner.java:355)
	at org.testng.SuiteRunner.run(SuiteRunner.java:304)
	at org.testng.SuiteRunnerWorker.runSuite(SuiteRunnerWorker.java:53)
	at org.testng.SuiteRunnerWorker.run(SuiteRunnerWorker.java:96)
	at org.testng.TestNG.runSuitesSequentially(TestNG.java:1180)
	at org.testng.TestNG.runSuitesLocally(TestNG.java:1102)
	at org.testng.TestNG.runSuites(TestNG.java:1032)
	at org.testng.TestNG.run(TestNG.java:1000)
	at org.testng.remote.AbstractRemoteTestNG.run(AbstractRemoteTestNG.java:115)
	at org.testng.remote.RemoteTestNG.initAndRun(RemoteTestNG.java:251)
	at org.testng.remote.RemoteTestNG.main(RemoteTestNG.java:77)

</div> <!-- stack-trace -->
                </div> <!-- method-content -->
              </div> <!-- method -->
              <div class="method">
                <div class="method-content">
                  <a name="testDivForDouble(0.0, 0, 0)">
                  </a> <!-- testDivForDouble(0.0, 0, 0) -->
                  <span class="method-name">testDivForDouble</span>
                  <span class="parameters">(0.0, 0, 0)</span>
                  <div class="stack-trace">java.lang.AssertionError: did not expect to find [0.0] but found [NaN]
	at org.testng.Assert.fail(Assert.java:97)
	at org.testng.Assert.failNotEquals(Assert.java:969)
	at org.testng.Assert.assertEquals(Assert.java:640)
	at org.testng.Assert.assertEquals(Assert.java:651)
	at calculator.CalculatorTest.CalculatorTesting.testDivForDouble(CalculatorTesting.java:193)
	at sun.reflect.NativeMethodAccessorImpl.invoke0(Native Method)
	at sun.reflect.NativeMethodAccessorImpl.invoke(NativeMethodAccessorImpl.java:62)
	at sun.reflect.DelegatingMethodAccessorImpl.invoke(DelegatingMethodAccessorImpl.java:43)
	at java.lang.reflect.Method.invoke(Method.java:498)
	at org.testng.internal.MethodInvocationHelper.invokeMethod(MethodInvocationHelper.java:133)
	at org.testng.internal.TestInvoker.invokeMethod(TestInvoker.java:584)
	at org.testng.internal.TestInvoker.invokeTestMethod(TestInvoker.java:172)
	at org.testng.internal.MethodRunner.runInSequence(MethodRunner.java:46)
	at org.testng.internal.TestInvoker$MethodInvocationAgent.invoke(TestInvoker.java:804)
	at org.testng.internal.TestInvoker.invokeTestMethods(TestInvoker.java:145)
	at org.testng.internal.TestMethodWorker.invokeTestMethods(TestMethodWorker.java:146)
	at org.testng.internal.TestMethodWorker.run(TestMethodWorker.java:128)
	at java.util.ArrayList.forEach(ArrayList.java:1257)
	at org.testng.TestRunner.privateRun(TestRunner.java:770)
	at org.testng.TestRunner.run(TestRunner.java:591)
	at org.testng.SuiteRunner.runTest(SuiteRunner.java:402)
	at org.testng.SuiteRunner.runSequentially(SuiteRunner.java:396)
	at org.testng.SuiteRunner.privateRun(SuiteRunner.java:355)
	at org.testng.SuiteRunner.run(SuiteRunner.java:304)
	at org.testng.SuiteRunnerWorker.runSuite(SuiteRunnerWorker.java:53)
	at org.testng.SuiteRunnerWorker.run(SuiteRunnerWorker.java:96)
	at org.testng.TestNG.runSuitesSequentially(TestNG.java:1180)
	at org.testng.TestNG.runSuitesLocally(TestNG.java:1102)
	at org.testng.TestNG.runSuites(TestNG.java:1032)
	at org.testng.TestNG.run(TestNG.java:1000)
	at org.testng.remote.AbstractRemoteTestNG.run(AbstractRemoteTestNG.java:115)
	at org.testng.remote.RemoteTestNG.initAndRun(RemoteTestNG.java:251)
	at org.testng.remote.RemoteTestNG.main(RemoteTestNG.java:77)

</div> <!-- stack-trace -->
                </div> <!-- method-content -->
              </div> <!-- method -->
              <div class="method">
                <div class="method-content">
                  <a name="testDivForLong">
                  </a> <!-- testDivForLong -->
                  <span class="method-name">testDivForLong</span>
                  <div class="stack-trace">org.testng.internal.reflect.MethodMatcherException: 
[public void calculator.CalculatorTest.CalculatorTesting.testDivForLong(long,long,long)] has no parameters defined but was found to be using a data provider (either explicitly specified or inherited from class level annotation).
Data provider mismatch
Method: testDivForLong([Parameter{index=0, type=long, declaredAnnotations=[]}, Parameter{index=1, type=long, declaredAnnotations=[]}, Parameter{index=2, type=long, declaredAnnotations=[]}])
Arguments: [(java.lang.Double) 1.1,(java.lang.Integer) -1,(java.lang.Double) -1.1]
	at org.testng.internal.reflect.DataProviderMethodMatcher.getConformingArguments(DataProviderMethodMatcher.java:43)
	at org.testng.internal.Parameters.injectParameters(Parameters.java:925)
	at org.testng.internal.MethodRunner.runInSequence(MethodRunner.java:34)
	at org.testng.internal.TestInvoker$MethodInvocationAgent.invoke(TestInvoker.java:804)
	at org.testng.internal.TestInvoker.invokeTestMethods(TestInvoker.java:145)
	at org.testng.internal.TestMethodWorker.invokeTestMethods(TestMethodWorker.java:146)
	at org.testng.internal.TestMethodWorker.run(TestMethodWorker.java:128)
	at java.util.ArrayList.forEach(ArrayList.java:1257)
	at org.testng.TestRunner.privateRun(TestRunner.java:770)
	at org.testng.TestRunner.run(TestRunner.java:591)
	at org.testng.SuiteRunner.runTest(SuiteRunner.java:402)
	at org.testng.SuiteRunner.runSequentially(SuiteRunner.java:396)
	at org.testng.SuiteRunner.privateRun(SuiteRunner.java:355)
	at org.testng.SuiteRunner.run(SuiteRunner.java:304)
	at org.testng.SuiteRunnerWorker.runSuite(SuiteRunnerWorker.java:53)
	at org.testng.SuiteRunnerWorker.run(SuiteRunnerWorker.java:96)
	at org.testng.TestNG.runSuitesSequentially(TestNG.java:1180)
	at org.testng.TestNG.runSuitesLocally(TestNG.java:1102)
	at org.testng.TestNG.runSuites(TestNG.java:1032)
	at org.testng.TestNG.run(TestNG.java:1000)
	at org.testng.remote.AbstractRemoteTestNG.run(AbstractRemoteTestNG.java:115)
	at org.testng.remote.RemoteTestNG.initAndRun(RemoteTestNG.java:251)
	at org.testng.remote.RemoteTestNG.main(RemoteTestNG.java:77)

</div> <!-- stack-trace -->
                </div> <!-- method-content -->
              </div> <!-- method -->
              <div class="method">
                <div class="method-content">
                  <a name="testDivForLong(0, 0, 0)">
                  </a> <!-- testDivForLong(0, 0, 0) -->
                  <span class="method-name">testDivForLong</span>
                  <span class="parameters">(0, 0, 0)</span>
                  <div class="stack-trace">java.lang.NumberFormatException: Attempt to divide by zero
	at com.epam.tat.module4.Calculator.div(Calculator.java:34)
	at calculator.CalculatorTest.CalculatorTesting.testDivForLong(CalculatorTesting.java:174)
	at sun.reflect.NativeMethodAccessorImpl.invoke0(Native Method)
	at sun.reflect.NativeMethodAccessorImpl.invoke(NativeMethodAccessorImpl.java:62)
	at sun.reflect.DelegatingMethodAccessorImpl.invoke(DelegatingMethodAccessorImpl.java:43)
	at java.lang.reflect.Method.invoke(Method.java:498)
	at org.testng.internal.MethodInvocationHelper.invokeMethod(MethodInvocationHelper.java:133)
	at org.testng.internal.TestInvoker.invokeMethod(TestInvoker.java:584)
	at org.testng.internal.TestInvoker.invokeTestMethod(TestInvoker.java:172)
	at org.testng.internal.MethodRunner.runInSequence(MethodRunner.java:46)
	at org.testng.internal.TestInvoker$MethodInvocationAgent.invoke(TestInvoker.java:804)
	at org.testng.internal.TestInvoker.invokeTestMethods(TestInvoker.java:145)
	at org.testng.internal.TestMethodWorker.invokeTestMethods(TestMethodWorker.java:146)
	at org.testng.internal.TestMethodWorker.run(TestMethodWorker.java:128)
	at java.util.ArrayList.forEach(ArrayList.java:1257)
	at org.testng.TestRunner.privateRun(TestRunner.java:770)
	at org.testng.TestRunner.run(TestRunner.java:591)
	at org.testng.SuiteRunner.runTest(SuiteRunner.java:402)
	at org.testng.SuiteRunner.runSequentially(SuiteRunner.java:396)
	at org.testng.SuiteRunner.privateRun(SuiteRunner.java:355)
	at org.testng.SuiteRunner.run(SuiteRunner.java:304)
	at org.testng.SuiteRunnerWorker.runSuite(SuiteRunnerWorker.java:53)
	at org.testng.SuiteRunnerWorker.run(SuiteRunnerWorker.java:96)
	at org.testng.TestNG.runSuitesSequentially(TestNG.java:1180)
	at org.testng.TestNG.runSuitesLocally(TestNG.java:1102)
	at org.testng.TestNG.runSuites(TestNG.java:1032)
	at org.testng.TestNG.run(TestNG.java:1000)
	at org.testng.remote.AbstractRemoteTestNG.run(AbstractRemoteTestNG.java:115)
	at org.testng.remote.RemoteTestNG.initAndRun(RemoteTestNG.java:251)
	at org.testng.remote.RemoteTestNG.main(RemoteTestNG.java:77)

</div> <!-- stack-trace -->
                </div> <!-- method-content -->
              </div> <!-- method -->
              <div class="method">
                <div class="method-content">
                  <a name="testMulForDouble(1.1, -1, -1.1)">
                  </a> <!-- testMulForDouble(1.1, -1, -1.1) -->
                  <span class="method-name">testMulForDouble</span>
                  <span class="parameters">(1.1, -1, -1.1)</span>
                  <div class="stack-trace">java.lang.AssertionError: did not expect to find [-1.1] but found [-2.0]
	at org.testng.Assert.fail(Assert.java:97)
	at org.testng.Assert.failNotEquals(Assert.java:969)
	at org.testng.Assert.assertEquals(Assert.java:640)
	at org.testng.Assert.assertEquals(Assert.java:651)
	at calculator.CalculatorTest.CalculatorTesting.testMulForDouble(CalculatorTesting.java:148)
	at sun.reflect.NativeMethodAccessorImpl.invoke0(Native Method)
	at sun.reflect.NativeMethodAccessorImpl.invoke(NativeMethodAccessorImpl.java:62)
	at sun.reflect.DelegatingMethodAccessorImpl.invoke(DelegatingMethodAccessorImpl.java:43)
	at java.lang.reflect.Method.invoke(Method.java:498)
	at org.testng.internal.MethodInvocationHelper.invokeMethod(MethodInvocationHelper.java:133)
	at org.testng.internal.TestInvoker.invokeMethod(TestInvoker.java:584)
	at org.testng.internal.TestInvoker.invokeTestMethod(TestInvoker.java:172)
	at org.testng.internal.MethodRunner.runInSequence(MethodRunner.java:46)
	at org.testng.internal.TestInvoker$MethodInvocationAgent.invoke(TestInvoker.java:804)
	at org.testng.internal.TestInvoker.invokeTestMethods(TestInvoker.java:145)
	at org.testng.internal.TestMethodWorker.invokeTestMethods(TestMethodWorker.java:146)
	at org.testng.internal.TestMethodWorker.run(TestMethodWorker.java:128)
	at java.util.ArrayList.forEach(ArrayList.java:1257)
	at org.testng.TestRunner.privateRun(TestRunner.java:770)
	at org.testng.TestRunner.run(TestRunner.java:591)
	at org.testng.SuiteRunner.runTest(SuiteRunner.java:402)
	at org.testng.SuiteRunner.runSequentially(SuiteRunner.java:396)
	at org.testng.SuiteRunner.privateRun(SuiteRunner.java:355)
	at org.testng.SuiteRunner.run(SuiteRunner.java:304)
	at org.testng.SuiteRunnerWorker.runSuite(SuiteRunnerWorker.java:53)
	at org.testng.SuiteRunnerWorker.run(SuiteRunnerWorker.java:96)
	at org.testng.TestNG.runSuitesSequentially(TestNG.java:1180)
	at org.testng.TestNG.runSuitesLocally(TestNG.java:1102)
	at org.testng.TestNG.runSuites(TestNG.java:1032)
	at org.testng.TestNG.run(TestNG.java:1000)
	at org.testng.remote.AbstractRemoteTestNG.run(AbstractRemoteTestNG.java:115)
	at org.testng.remote.RemoteTestNG.initAndRun(RemoteTestNG.java:251)
	at org.testng.remote.RemoteTestNG.main(RemoteTestNG.java:77)

</div> <!-- stack-trace -->
                </div> <!-- method-content -->
              </div> <!-- method -->
              <div class="method">
                <div class="method-content">
                  <a name="testMulForLong">
                  </a> <!-- testMulForLong -->
                  <span class="method-name">testMulForLong</span>
                  <div class="stack-trace">org.testng.internal.reflect.MethodMatcherException: 
[public void calculator.CalculatorTest.CalculatorTesting.testMulForLong(long,long,long)] has no parameters defined but was found to be using a data provider (either explicitly specified or inherited from class level annotation).
Data provider mismatch
Method: testMulForLong([Parameter{index=0, type=long, declaredAnnotations=[]}, Parameter{index=1, type=long, declaredAnnotations=[]}, Parameter{index=2, type=long, declaredAnnotations=[]}])
Arguments: [(java.lang.Double) 1.1,(java.lang.Integer) -1,(java.lang.Integer) -1]
	at org.testng.internal.reflect.DataProviderMethodMatcher.getConformingArguments(DataProviderMethodMatcher.java:43)
	at org.testng.internal.Parameters.injectParameters(Parameters.java:925)
	at org.testng.internal.MethodRunner.runInSequence(MethodRunner.java:34)
	at org.testng.internal.TestInvoker$MethodInvocationAgent.invoke(TestInvoker.java:804)
	at org.testng.internal.TestInvoker.invokeTestMethods(TestInvoker.java:145)
	at org.testng.internal.TestMethodWorker.invokeTestMethods(TestMethodWorker.java:146)
	at org.testng.internal.TestMethodWorker.run(TestMethodWorker.java:128)
	at java.util.ArrayList.forEach(ArrayList.java:1257)
	at org.testng.TestRunner.privateRun(TestRunner.java:770)
	at org.testng.TestRunner.run(TestRunner.java:591)
	at org.testng.SuiteRunner.runTest(SuiteRunner.java:402)
	at org.testng.SuiteRunner.runSequentially(SuiteRunner.java:396)
	at org.testng.SuiteRunner.privateRun(SuiteRunner.java:355)
	at org.testng.SuiteRunner.run(SuiteRunner.java:304)
	at org.testng.SuiteRunnerWorker.runSuite(SuiteRunnerWorker.java:53)
	at org.testng.SuiteRunnerWorker.run(SuiteRunnerWorker.java:96)
	at org.testng.TestNG.runSuitesSequentially(TestNG.java:1180)
	at org.testng.TestNG.runSuitesLocally(TestNG.java:1102)
	at org.testng.TestNG.runSuites(TestNG.java:1032)
	at org.testng.TestNG.run(TestNG.java:1000)
	at org.testng.remote.AbstractRemoteTestNG.run(AbstractRemoteTestNG.java:115)
	at org.testng.remote.RemoteTestNG.initAndRun(RemoteTestNG.java:251)
	at org.testng.remote.RemoteTestNG.main(RemoteTestNG.java:77)

</div> <!-- stack-trace -->
                </div> <!-- method-content -->
              </div> <!-- method -->
              <div class="method">
                <div class="method-content">
                  <a name="testSqrtForNegativeValues">
                  </a> <!-- testSqrtForNegativeValues -->
                  <span class="method-name">testSqrtForNegativeValues</span>
                  <div class="stack-trace">org.testng.TestException: 
Method CalculatorTesting.testSqrtForNegativeValues()[pri:0, instance:calculator.CalculatorTest.CalculatorTesting@6d7b4f4c] should have thrown an exception of type class java.lang.Exception
	at org.testng.internal.ExpectedExceptionsHolder.noException(ExpectedExceptionsHolder.java:82)
	at org.testng.internal.TestInvoker.considerExceptions(TestInvoker.java:729)
	at org.testng.internal.TestInvoker.invokeMethod(TestInvoker.java:616)
	at org.testng.internal.TestInvoker.invokeTestMethod(TestInvoker.java:172)
	at org.testng.internal.MethodRunner.runInSequence(MethodRunner.java:46)
	at org.testng.internal.TestInvoker$MethodInvocationAgent.invoke(TestInvoker.java:804)
	at org.testng.internal.TestInvoker.invokeTestMethods(TestInvoker.java:145)
	at org.testng.internal.TestMethodWorker.invokeTestMethods(TestMethodWorker.java:146)
	at org.testng.internal.TestMethodWorker.run(TestMethodWorker.java:128)
	at java.util.ArrayList.forEach(ArrayList.java:1257)
	at org.testng.TestRunner.privateRun(TestRunner.java:770)
	at org.testng.TestRunner.run(TestRunner.java:591)
	at org.testng.SuiteRunner.runTest(SuiteRunner.java:402)
	at org.testng.SuiteRunner.runSequentially(SuiteRunner.java:396)
	at org.testng.SuiteRunner.privateRun(SuiteRunner.java:355)
	at org.testng.SuiteRunner.run(SuiteRunner.java:304)
	at org.testng.SuiteRunnerWorker.runSuite(SuiteRunnerWorker.java:53)
	at org.testng.SuiteRunnerWorker.run(SuiteRunnerWorker.java:96)
	at org.testng.TestNG.runSuitesSequentially(TestNG.java:1180)
	at org.testng.TestNG.runSuitesLocally(TestNG.java:1102)
	at org.testng.TestNG.runSuites(TestNG.java:1032)
	at org.testng.TestNG.run(TestNG.java:1000)
	at org.testng.remote.AbstractRemoteTestNG.run(AbstractRemoteTestNG.java:115)
	at org.testng.remote.RemoteTestNG.initAndRun(RemoteTestNG.java:251)
	at org.testng.remote.RemoteTestNG.main(RemoteTestNG.java:77)

</div> <!-- stack-trace -->
                </div> <!-- method-content -->
              </div> <!-- method -->
              <div class="method">
                <div class="method-content">
                  <a name="testSumForDouble(1.1, -1, 0.1)">
                  </a> <!-- testSumForDouble(1.1, -1, 0.1) -->
                  <span class="method-name">testSumForDouble</span>
                  <span class="parameters">(1.1, -1, 0.1)</span>
                  <div class="stack-trace">java.lang.AssertionError: did not expect to find [0.1] but found [0.10000000000000009]
	at org.testng.Assert.fail(Assert.java:97)
	at org.testng.Assert.failNotEquals(Assert.java:969)
	at org.testng.Assert.assertEquals(Assert.java:640)
	at org.testng.Assert.assertEquals(Assert.java:651)
	at calculator.CalculatorTest.CalculatorTesting.testSumForDouble(CalculatorTesting.java:54)
	at sun.reflect.NativeMethodAccessorImpl.invoke0(Native Method)
	at sun.reflect.NativeMethodAccessorImpl.invoke(NativeMethodAccessorImpl.java:62)
	at sun.reflect.DelegatingMethodAccessorImpl.invoke(DelegatingMethodAccessorImpl.java:43)
	at java.lang.reflect.Method.invoke(Method.java:498)
	at org.testng.internal.MethodInvocationHelper.invokeMethod(MethodInvocationHelper.java:133)
	at org.testng.internal.TestInvoker.invokeMethod(TestInvoker.java:584)
	at org.testng.internal.TestInvoker.invokeTestMethod(TestInvoker.java:172)
	at org.testng.internal.MethodRunner.runInSequence(MethodRunner.java:46)
	at org.testng.internal.TestInvoker$MethodInvocationAgent.invoke(TestInvoker.java:804)
	at org.testng.internal.TestInvoker.invokeTestMethods(TestInvoker.java:145)
	at org.testng.internal.TestMethodWorker.invokeTestMethods(TestMethodWorker.java:146)
	at org.testng.internal.TestMethodWorker.run(TestMethodWorker.java:128)
	at java.util.ArrayList.forEach(ArrayList.java:1257)
	at org.testng.TestRunner.privateRun(TestRunner.java:770)
	at org.testng.TestRunner.run(TestRunner.java:591)
	at org.testng.SuiteRunner.runTest(SuiteRunner.java:402)
	at org.testng.SuiteRunner.runSequentially(SuiteRunner.java:396)
	at org.testng.SuiteRunner.privateRun(SuiteRunner.java:355)
	at org.testng.SuiteRunner.run(SuiteRunner.java:304)
	at org.testng.SuiteRunnerWorker.runSuite(SuiteRunnerWorker.java:53)
	at org.testng.SuiteRunnerWorker.run(SuiteRunnerWorker.java:96)
	at org.testng.TestNG.runSuitesSequentially(TestNG.java:1180)
	at org.testng.TestNG.runSuitesLocally(TestNG.java:1102)
	at org.testng.TestNG.runSuites(TestNG.java:1032)
	at org.testng.TestNG.run(TestNG.java:1000)
	at org.testng.remote.AbstractRemoteTestNG.run(AbstractRemoteTestNG.java:115)
	at org.testng.remote.RemoteTestNG.initAndRun(RemoteTestNG.java:251)
	at org.testng.remote.RemoteTestNG.main(RemoteTestNG.java:77)

</div> <!-- stack-trace -->
                </div> <!-- method-content -->
              </div> <!-- method -->
              <div class="method">
                <div class="method-content">
                  <a name="testtg(90, -1.99520041221)">
                  </a> <!-- testtg(90, -1.99520041221) -->
                  <span class="method-name">testtg</span>
                  <span class="parameters">(90, -1.99520041221)</span>
                  <div class="stack-trace">java.lang.AssertionError: did not expect to find [-1.99520041221] but found [1.0]
	at org.testng.Assert.fail(Assert.java:97)
	at org.testng.Assert.failNotEquals(Assert.java:969)
	at org.testng.Assert.assertEquals(Assert.java:640)
	at org.testng.Assert.assertEquals(Assert.java:651)
	at calculator.CalculatorTest.CalculatorTesting.testtg(CalculatorTesting.java:364)
	at sun.reflect.NativeMethodAccessorImpl.invoke0(Native Method)
	at sun.reflect.NativeMethodAccessorImpl.invoke(NativeMethodAccessorImpl.java:62)
	at sun.reflect.DelegatingMethodAccessorImpl.invoke(DelegatingMethodAccessorImpl.java:43)
	at java.lang.reflect.Method.invoke(Method.java:498)
	at org.testng.internal.MethodInvocationHelper.invokeMethod(MethodInvocationHelper.java:133)
	at org.testng.internal.TestInvoker.invokeMethod(TestInvoker.java:584)
	at org.testng.internal.TestInvoker.invokeTestMethod(TestInvoker.java:172)
	at org.testng.internal.MethodRunner.runInSequence(MethodRunner.java:46)
	at org.testng.internal.TestInvoker$MethodInvocationAgent.invoke(TestInvoker.java:804)
	at org.testng.internal.TestInvoker.invokeTestMethods(TestInvoker.java:145)
	at org.testng.internal.TestMethodWorker.invokeTestMethods(TestMethodWorker.java:146)
	at org.testng.internal.TestMethodWorker.run(TestMethodWorker.java:128)
	at java.util.ArrayList.forEach(ArrayList.java:1257)
	at org.testng.TestRunner.privateRun(TestRunner.java:770)
	at org.testng.TestRunner.run(TestRunner.java:591)
	at org.testng.SuiteRunner.runTest(SuiteRunner.java:402)
	at org.testng.SuiteRunner.runSequentially(SuiteRunner.java:396)
	at org.testng.SuiteRunner.privateRun(SuiteRunner.java:355)
	at org.testng.SuiteRunner.run(SuiteRunner.java:304)
	at org.testng.SuiteRunnerWorker.runSuite(SuiteRunnerWorker.java:53)
	at org.testng.SuiteRunnerWorker.run(SuiteRunnerWorker.java:96)
	at org.testng.TestNG.runSuitesSequentially(TestNG.java:1180)
	at org.testng.TestNG.runSuitesLocally(TestNG.java:1102)
	at org.testng.TestNG.runSuites(TestNG.java:1032)
	at org.testng.TestNG.run(TestNG.java:1000)
	at org.testng.remote.AbstractRemoteTestNG.run(AbstractRemoteTestNG.java:115)
	at org.testng.remote.RemoteTestNG.initAndRun(RemoteTestNG.java:251)
	at org.testng.remote.RemoteTestNG.main(RemoteTestNG.java:77)

</div> <!-- stack-trace -->
                </div> <!-- method-content -->
              </div> <!-- method -->
              <div class="method">
                <div class="method-content">
                  <a name="testtg(-180, -1.33869021035)">
                  </a> <!-- testtg(-180, -1.33869021035) -->
                  <span class="method-name">testtg</span>
                  <span class="parameters">(-180, -1.33869021035)</span>
                  <div class="stack-trace">java.lang.AssertionError: did not expect to find [-1.33869021035] but found [1.0]
	at org.testng.Assert.fail(Assert.java:97)
	at org.testng.Assert.failNotEquals(Assert.java:969)
	at org.testng.Assert.assertEquals(Assert.java:640)
	at org.testng.Assert.assertEquals(Assert.java:651)
	at calculator.CalculatorTest.CalculatorTesting.testtg(CalculatorTesting.java:364)
	at sun.reflect.NativeMethodAccessorImpl.invoke0(Native Method)
	at sun.reflect.NativeMethodAccessorImpl.invoke(NativeMethodAccessorImpl.java:62)
	at sun.reflect.DelegatingMethodAccessorImpl.invoke(DelegatingMethodAccessorImpl.java:43)
	at java.lang.reflect.Method.invoke(Method.java:498)
	at org.testng.internal.MethodInvocationHelper.invokeMethod(MethodInvocationHelper.java:133)
	at org.testng.internal.TestInvoker.invokeMethod(TestInvoker.java:584)
	at org.testng.internal.TestInvoker.invokeTestMethod(TestInvoker.java:172)
	at org.testng.internal.MethodRunner.runInSequence(MethodRunner.java:46)
	at org.testng.internal.TestInvoker$MethodInvocationAgent.invoke(TestInvoker.java:804)
	at org.testng.internal.TestInvoker.invokeTestMethods(TestInvoker.java:145)
	at org.testng.internal.TestMethodWorker.invokeTestMethods(TestMethodWorker.java:146)
	at org.testng.internal.TestMethodWorker.run(TestMethodWorker.java:128)
	at java.util.ArrayList.forEach(ArrayList.java:1257)
	at org.testng.TestRunner.privateRun(TestRunner.java:770)
	at org.testng.TestRunner.run(TestRunner.java:591)
	at org.testng.SuiteRunner.runTest(SuiteRunner.java:402)
	at org.testng.SuiteRunner.runSequentially(SuiteRunner.java:396)
	at org.testng.SuiteRunner.privateRun(SuiteRunner.java:355)
	at org.testng.SuiteRunner.run(SuiteRunner.java:304)
	at org.testng.SuiteRunnerWorker.runSuite(SuiteRunnerWorker.java:53)
	at org.testng.SuiteRunnerWorker.run(SuiteRunnerWorker.java:96)
	at org.testng.TestNG.runSuitesSequentially(TestNG.java:1180)
	at org.testng.TestNG.runSuitesLocally(TestNG.java:1102)
	at org.testng.TestNG.runSuites(TestNG.java:1032)
	at org.testng.TestNG.run(TestNG.java:1000)
	at org.testng.remote.AbstractRemoteTestNG.run(AbstractRemoteTestNG.java:115)
	at org.testng.remote.RemoteTestNG.initAndRun(RemoteTestNG.java:251)
	at org.testng.remote.RemoteTestNG.main(RemoteTestNG.java:77)

</div> <!-- stack-trace -->
                </div> <!-- method-content -->
              </div> <!-- method -->
              <div class="method">
                <div class="method-content">
                  <a name="testtg(180, 1.33869021035)">
                  </a> <!-- testtg(180, 1.33869021035) -->
                  <span class="method-name">testtg</span>
                  <span class="parameters">(180, 1.33869021035)</span>
                  <div class="stack-trace">java.lang.AssertionError: did not expect to find [1.33869021035] but found [1.0]
	at org.testng.Assert.fail(Assert.java:97)
	at org.testng.Assert.failNotEquals(Assert.java:969)
	at org.testng.Assert.assertEquals(Assert.java:640)
	at org.testng.Assert.assertEquals(Assert.java:651)
	at calculator.CalculatorTest.CalculatorTesting.testtg(CalculatorTesting.java:364)
	at sun.reflect.NativeMethodAccessorImpl.invoke0(Native Method)
	at sun.reflect.NativeMethodAccessorImpl.invoke(NativeMethodAccessorImpl.java:62)
	at sun.reflect.DelegatingMethodAccessorImpl.invoke(DelegatingMethodAccessorImpl.java:43)
	at java.lang.reflect.Method.invoke(Method.java:498)
	at org.testng.internal.MethodInvocationHelper.invokeMethod(MethodInvocationHelper.java:133)
	at org.testng.internal.TestInvoker.invokeMethod(TestInvoker.java:584)
	at org.testng.internal.TestInvoker.invokeTestMethod(TestInvoker.java:172)
	at org.testng.internal.MethodRunner.runInSequence(MethodRunner.java:46)
	at org.testng.internal.TestInvoker$MethodInvocationAgent.invoke(TestInvoker.java:804)
	at org.testng.internal.TestInvoker.invokeTestMethods(TestInvoker.java:145)
	at org.testng.internal.TestMethodWorker.invokeTestMethods(TestMethodWorker.java:146)
	at org.testng.internal.TestMethodWorker.run(TestMethodWorker.java:128)
	at java.util.ArrayList.forEach(ArrayList.java:1257)
	at org.testng.TestRunner.privateRun(TestRunner.java:770)
	at org.testng.TestRunner.run(TestRunner.java:591)
	at org.testng.SuiteRunner.runTest(SuiteRunner.java:402)
	at org.testng.SuiteRunner.runSequentially(SuiteRunner.java:396)
	at org.testng.SuiteRunner.privateRun(SuiteRunner.java:355)
	at org.testng.SuiteRunner.run(SuiteRunner.java:304)
	at org.testng.SuiteRunnerWorker.runSuite(SuiteRunnerWorker.java:53)
	at org.testng.SuiteRunnerWorker.run(SuiteRunnerWorker.java:96)
	at org.testng.TestNG.runSuitesSequentially(TestNG.java:1180)
	at org.testng.TestNG.runSuitesLocally(TestNG.java:1102)
	at org.testng.TestNG.runSuites(TestNG.java:1032)
	at org.testng.TestNG.run(TestNG.java:1000)
	at org.testng.remote.AbstractRemoteTestNG.run(AbstractRemoteTestNG.java:115)
	at org.testng.remote.RemoteTestNG.initAndRun(RemoteTestNG.java:251)
	at org.testng.remote.RemoteTestNG.main(RemoteTestNG.java:77)

</div> <!-- stack-trace -->
                </div> <!-- method-content -->
              </div> <!-- method -->
              <div class="method">
                <div class="method-content">
                  <a name="testtg(270, -0.17883906379)">
                  </a> <!-- testtg(270, -0.17883906379) -->
                  <span class="method-name">testtg</span>
                  <span class="parameters">(270, -0.17883906379)</span>
                  <div class="stack-trace">java.lang.AssertionError: did not expect to find [-0.17883906379] but found [1.0]
	at org.testng.Assert.fail(Assert.java:97)
	at org.testng.Assert.failNotEquals(Assert.java:969)
	at org.testng.Assert.assertEquals(Assert.java:640)
	at org.testng.Assert.assertEquals(Assert.java:651)
	at calculator.CalculatorTest.CalculatorTesting.testtg(CalculatorTesting.java:364)
	at sun.reflect.NativeMethodAccessorImpl.invoke0(Native Method)
	at sun.reflect.NativeMethodAccessorImpl.invoke(NativeMethodAccessorImpl.java:62)
	at sun.reflect.DelegatingMethodAccessorImpl.invoke(DelegatingMethodAccessorImpl.java:43)
	at java.lang.reflect.Method.invoke(Method.java:498)
	at org.testng.internal.MethodInvocationHelper.invokeMethod(MethodInvocationHelper.java:133)
	at org.testng.internal.TestInvoker.invokeMethod(TestInvoker.java:584)
	at org.testng.internal.TestInvoker.invokeTestMethod(TestInvoker.java:172)
	at org.testng.internal.MethodRunner.runInSequence(MethodRunner.java:46)
	at org.testng.internal.TestInvoker$MethodInvocationAgent.invoke(TestInvoker.java:804)
	at org.testng.internal.TestInvoker.invokeTestMethods(TestInvoker.java:145)
	at org.testng.internal.TestMethodWorker.invokeTestMethods(TestMethodWorker.java:146)
	at org.testng.internal.TestMethodWorker.run(TestMethodWorker.java:128)
	at java.util.ArrayList.forEach(ArrayList.java:1257)
	at org.testng.TestRunner.privateRun(TestRunner.java:770)
	at org.testng.TestRunner.run(TestRunner.java:591)
	at org.testng.SuiteRunner.runTest(SuiteRunner.java:402)
	at org.testng.SuiteRunner.runSequentially(SuiteRunner.java:396)
	at org.testng.SuiteRunner.privateRun(SuiteRunner.java:355)
	at org.testng.SuiteRunner.run(SuiteRunner.java:304)
	at org.testng.SuiteRunnerWorker.runSuite(SuiteRunnerWorker.java:53)
	at org.testng.SuiteRunnerWorker.run(SuiteRunnerWorker.java:96)
	at org.testng.TestNG.runSuitesSequentially(TestNG.java:1180)
	at org.testng.TestNG.runSuitesLocally(TestNG.java:1102)
	at org.testng.TestNG.runSuites(TestNG.java:1032)
	at org.testng.TestNG.run(TestNG.java:1000)
	at org.testng.remote.AbstractRemoteTestNG.run(AbstractRemoteTestNG.java:115)
	at org.testng.remote.RemoteTestNG.initAndRun(RemoteTestNG.java:251)
	at org.testng.remote.RemoteTestNG.main(RemoteTestNG.java:77)

</div> <!-- stack-trace -->
                </div> <!-- method-content -->
              </div> <!-- method -->
              <div class="method">
                <div class="method-content">
                  <a name="testtg(45, 1.61977519054)">
                  </a> <!-- testtg(45, 1.61977519054) -->
                  <span class="method-name">testtg</span>
                  <span class="parameters">(45, 1.61977519054)</span>
                  <div class="stack-trace">java.lang.AssertionError: did not expect to find [1.61977519054] but found [1.0]
	at org.testng.Assert.fail(Assert.java:97)
	at org.testng.Assert.failNotEquals(Assert.java:969)
	at org.testng.Assert.assertEquals(Assert.java:640)
	at org.testng.Assert.assertEquals(Assert.java:651)
	at calculator.CalculatorTest.CalculatorTesting.testtg(CalculatorTesting.java:364)
	at sun.reflect.NativeMethodAccessorImpl.invoke0(Native Method)
	at sun.reflect.NativeMethodAccessorImpl.invoke(NativeMethodAccessorImpl.java:62)
	at sun.reflect.DelegatingMethodAccessorImpl.invoke(DelegatingMethodAccessorImpl.java:43)
	at java.lang.reflect.Method.invoke(Method.java:498)
	at org.testng.internal.MethodInvocationHelper.invokeMethod(MethodInvocationHelper.java:133)
	at org.testng.internal.TestInvoker.invokeMethod(TestInvoker.java:584)
	at org.testng.internal.TestInvoker.invokeTestMethod(TestInvoker.java:172)
	at org.testng.internal.MethodRunner.runInSequence(MethodRunner.java:46)
	at org.testng.internal.TestInvoker$MethodInvocationAgent.invoke(TestInvoker.java:804)
	at org.testng.internal.TestInvoker.invokeTestMethods(TestInvoker.java:145)
	at org.testng.internal.TestMethodWorker.invokeTestMethods(TestMethodWorker.java:146)
	at org.testng.internal.TestMethodWorker.run(TestMethodWorker.java:128)
	at java.util.ArrayList.forEach(ArrayList.java:1257)
	at org.testng.TestRunner.privateRun(TestRunner.java:770)
	at org.testng.TestRunner.run(TestRunner.java:591)
	at org.testng.SuiteRunner.runTest(SuiteRunner.java:402)
	at org.testng.SuiteRunner.runSequentially(SuiteRunner.java:396)
	at org.testng.SuiteRunner.privateRun(SuiteRunner.java:355)
	at org.testng.SuiteRunner.run(SuiteRunner.java:304)
	at org.testng.SuiteRunnerWorker.runSuite(SuiteRunnerWorker.java:53)
	at org.testng.SuiteRunnerWorker.run(SuiteRunnerWorker.java:96)
	at org.testng.TestNG.runSuitesSequentially(TestNG.java:1180)
	at org.testng.TestNG.runSuitesLocally(TestNG.java:1102)
	at org.testng.TestNG.runSuites(TestNG.java:1032)
	at org.testng.TestNG.run(TestNG.java:1000)
	at org.testng.remote.AbstractRemoteTestNG.run(AbstractRemoteTestNG.java:115)
	at org.testng.remote.RemoteTestNG.initAndRun(RemoteTestNG.java:251)
	at org.testng.remote.RemoteTestNG.main(RemoteTestNG.java:77)

</div> <!-- stack-trace -->
                </div> <!-- method-content -->
              </div> <!-- method -->
              <div class="method">
                <div class="method-content">
                  <a name="testtg(-270, 0.17883906379)">
                  </a> <!-- testtg(-270, 0.17883906379) -->
                  <span class="method-name">testtg</span>
                  <span class="parameters">(-270, 0.17883906379)</span>
                  <div class="stack-trace">java.lang.AssertionError: did not expect to find [0.17883906379] but found [1.0]
	at org.testng.Assert.fail(Assert.java:97)
	at org.testng.Assert.failNotEquals(Assert.java:969)
	at org.testng.Assert.assertEquals(Assert.java:640)
	at org.testng.Assert.assertEquals(Assert.java:651)
	at calculator.CalculatorTest.CalculatorTesting.testtg(CalculatorTesting.java:364)
	at sun.reflect.NativeMethodAccessorImpl.invoke0(Native Method)
	at sun.reflect.NativeMethodAccessorImpl.invoke(NativeMethodAccessorImpl.java:62)
	at sun.reflect.DelegatingMethodAccessorImpl.invoke(DelegatingMethodAccessorImpl.java:43)
	at java.lang.reflect.Method.invoke(Method.java:498)
	at org.testng.internal.MethodInvocationHelper.invokeMethod(MethodInvocationHelper.java:133)
	at org.testng.internal.TestInvoker.invokeMethod(TestInvoker.java:584)
	at org.testng.internal.TestInvoker.invokeTestMethod(TestInvoker.java:172)
	at org.testng.internal.MethodRunner.runInSequence(MethodRunner.java:46)
	at org.testng.internal.TestInvoker$MethodInvocationAgent.invoke(TestInvoker.java:804)
	at org.testng.internal.TestInvoker.invokeTestMethods(TestInvoker.java:145)
	at org.testng.internal.TestMethodWorker.invokeTestMethods(TestMethodWorker.java:146)
	at org.testng.internal.TestMethodWorker.run(TestMethodWorker.java:128)
	at java.util.ArrayList.forEach(ArrayList.java:1257)
	at org.testng.TestRunner.privateRun(TestRunner.java:770)
	at org.testng.TestRunner.run(TestRunner.java:591)
	at org.testng.SuiteRunner.runTest(SuiteRunner.java:402)
	at org.testng.SuiteRunner.runSequentially(SuiteRunner.java:396)
	at org.testng.SuiteRunner.privateRun(SuiteRunner.java:355)
	at org.testng.SuiteRunner.run(SuiteRunner.java:304)
	at org.testng.SuiteRunnerWorker.runSuite(SuiteRunnerWorker.java:53)
	at org.testng.SuiteRunnerWorker.run(SuiteRunnerWorker.java:96)
	at org.testng.TestNG.runSuitesSequentially(TestNG.java:1180)
	at org.testng.TestNG.runSuitesLocally(TestNG.java:1102)
	at org.testng.TestNG.runSuites(TestNG.java:1032)
	at org.testng.TestNG.run(TestNG.java:1000)
	at org.testng.remote.AbstractRemoteTestNG.run(AbstractRemoteTestNG.java:115)
	at org.testng.remote.RemoteTestNG.initAndRun(RemoteTestNG.java:251)
	at org.testng.remote.RemoteTestNG.main(RemoteTestNG.java:77)

</div> <!-- stack-trace -->
                </div> <!-- method-content -->
              </div> <!-- method -->
            </div> <!-- main-panel-content rounded-window-bottom -->
          </div> <!-- suite-Default_suite-class-failed -->
          <div class="suite-Default_suite-class-passed">
            <div class="main-panel-header rounded-window-top">
              <img src="passed.png"/>
              <span class="class-name">calculator.CalculatorTest.CalculatorTesting</span>
            </div> <!-- main-panel-header rounded-window-top -->
            <div class="main-panel-content rounded-window-bottom">
              <div class="method">
                <div class="method-content">
                  <a name="testDivForDouble(1.0E9, 1.0E7, 100.0)">
                  </a> <!-- testDivForDouble(1.0E9, 1.0E7, 100.0) -->
                  <span class="method-name">testDivForDouble</span>
                  <span class="parameters">(1.0E9, 1.0E7, 100.0)</span>
                </div> <!-- method-content -->
              </div> <!-- method -->
              <div class="method">
                <div class="method-content">
                  <a name="testDivForDouble(1, -1, -1)">
                  </a> <!-- testDivForDouble(1, -1, -1) -->
                  <span class="method-name">testDivForDouble</span>
                  <span class="parameters">(1, -1, -1)</span>
                </div> <!-- method-content -->
              </div> <!-- method -->
              <div class="method">
                <div class="method-content">
                  <a name="testDivForDouble(4.9E-324, 4.9E-324, 1)">
                  </a> <!-- testDivForDouble(4.9E-324, 4.9E-324, 1) -->
                  <span class="method-name">testDivForDouble</span>
                  <span class="parameters">(4.9E-324, 4.9E-324, 1)</span>
                </div> <!-- method-content -->
              </div> <!-- method -->
              <div class="method">
                <div class="method-content">
                  <a name="testDivForDouble(-9, -9, 1)">
                  </a> <!-- testDivForDouble(-9, -9, 1) -->
                  <span class="method-name">testDivForDouble</span>
                  <span class="parameters">(-9, -9, 1)</span>
                </div> <!-- method-content -->
              </div> <!-- method -->
              <div class="method">
                <div class="method-content">
                  <a name="testDivForDouble(1.1, -1, -1.1)">
                  </a> <!-- testDivForDouble(1.1, -1, -1.1) -->
                  <span class="method-name">testDivForDouble</span>
                  <span class="parameters">(1.1, -1, -1.1)</span>
                </div> <!-- method-content -->
              </div> <!-- method -->
              <div class="method">
                <div class="method-content">
                  <a name="testDivForDouble(-1, 8, -0.125)">
                  </a> <!-- testDivForDouble(-1, 8, -0.125) -->
                  <span class="method-name">testDivForDouble</span>
                  <span class="parameters">(-1, 8, -0.125)</span>
                </div> <!-- method-content -->
              </div> <!-- method -->
              <div class="method">
                <div class="method-content">
                  <a name="testDivForLong(-9, -9, 1)">
                  </a> <!-- testDivForLong(-9, -9, 1) -->
                  <span class="method-name">testDivForLong</span>
                  <span class="parameters">(-9, -9, 1)</span>
                </div> <!-- method-content -->
              </div> <!-- method -->
              <div class="method">
                <div class="method-content">
                  <a name="testDivForLong(1000000000, 10000000, 100)">
                  </a> <!-- testDivForLong(1000000000, 10000000, 100) -->
                  <span class="method-name">testDivForLong</span>
                  <span class="parameters">(1000000000, 10000000, 100)</span>
                </div> <!-- method-content -->
              </div> <!-- method -->
              <div class="method">
                <div class="method-content">
                  <a name="testIsNegative(-8)">
                  </a> <!-- testIsNegative(-8) -->
                  <span class="method-name">testIsNegative</span>
                  <span class="parameters">(-8)</span>
                </div> <!-- method-content -->
              </div> <!-- method -->
              <div class="method">
                <div class="method-content">
                  <a name="testIsNegative(-231342)">
                  </a> <!-- testIsNegative(-231342) -->
                  <span class="method-name">testIsNegative</span>
                  <span class="parameters">(-231342)</span>
                </div> <!-- method-content -->
              </div> <!-- method -->
              <div class="method">
                <div class="method-content">
                  <a name="testIsNegative(-9223372036854775808)">
                  </a> <!-- testIsNegative(-9223372036854775808) -->
                  <span class="method-name">testIsNegative</span>
                  <span class="parameters">(-9223372036854775808)</span>
                </div> <!-- method-content -->
              </div> <!-- method -->
              <div class="method">
                <div class="method-content">
                  <a name="testIsNegative(-1)">
                  </a> <!-- testIsNegative(-1) -->
                  <span class="method-name">testIsNegative</span>
                  <span class="parameters">(-1)</span>
                </div> <!-- method-content -->
              </div> <!-- method -->
              <div class="method">
                <div class="method-content">
                  <a name="testIsPositivity(231342)">
                  </a> <!-- testIsPositivity(231342) -->
                  <span class="method-name">testIsPositivity</span>
                  <span class="parameters">(231342)</span>
                </div> <!-- method-content -->
              </div> <!-- method -->
              <div class="method">
                <div class="method-content">
                  <a name="testIsPositivity(9223372036854775807)">
                  </a> <!-- testIsPositivity(9223372036854775807) -->
                  <span class="method-name">testIsPositivity</span>
                  <span class="parameters">(9223372036854775807)</span>
                </div> <!-- method-content -->
              </div> <!-- method -->
              <div class="method">
                <div class="method-content">
                  <a name="testIsPositivity(8)">
                  </a> <!-- testIsPositivity(8) -->
                  <span class="method-name">testIsPositivity</span>
                  <span class="parameters">(8)</span>
                </div> <!-- method-content -->
              </div> <!-- method -->
              <div class="method">
                <div class="method-content">
                  <a name="testMulForDouble(-1, 8, -8)">
                  </a> <!-- testMulForDouble(-1, 8, -8) -->
                  <span class="method-name">testMulForDouble</span>
                  <span class="parameters">(-1, 8, -8)</span>
                </div> <!-- method-content -->
              </div> <!-- method -->
              <div class="method">
                <div class="method-content">
                  <a name="testMulForDouble(1.0E9, 1.0E7, 1.0E16)">
                  </a> <!-- testMulForDouble(1.0E9, 1.0E7, 1.0E16) -->
                  <span class="method-name">testMulForDouble</span>
                  <span class="parameters">(1.0E9, 1.0E7, 1.0E16)</span>
                </div> <!-- method-content -->
              </div> <!-- method -->
              <div class="method">
                <div class="method-content">
                  <a name="testMulForDouble(1, -1, -1)">
                  </a> <!-- testMulForDouble(1, -1, -1) -->
                  <span class="method-name">testMulForDouble</span>
                  <span class="parameters">(1, -1, -1)</span>
                </div> <!-- method-content -->
              </div> <!-- method -->
              <div class="method">
                <div class="method-content">
                  <a name="testMulForDouble(4.9E-324, 4.9E-324, 0.0)">
                  </a> <!-- testMulForDouble(4.9E-324, 4.9E-324, 0.0) -->
                  <span class="method-name">testMulForDouble</span>
                  <span class="parameters">(4.9E-324, 4.9E-324, 0.0)</span>
                </div> <!-- method-content -->
              </div> <!-- method -->
              <div class="method">
                <div class="method-content">
                  <a name="testMulForDouble(-9, -9, 81)">
                  </a> <!-- testMulForDouble(-9, -9, 81) -->
                  <span class="method-name">testMulForDouble</span>
                  <span class="parameters">(-9, -9, 81)</span>
                </div> <!-- method-content -->
              </div> <!-- method -->
              <div class="method">
                <div class="method-content">
                  <a name="testMulForDouble(0.0, 0, 0)">
                  </a> <!-- testMulForDouble(0.0, 0, 0) -->
                  <span class="method-name">testMulForDouble</span>
                  <span class="parameters">(0.0, 0, 0)</span>
                </div> <!-- method-content -->
              </div> <!-- method -->
              <div class="method">
                <div class="method-content">
                  <a name="testMulForLong(-1, 8, -8)">
                  </a> <!-- testMulForLong(-1, 8, -8) -->
                  <span class="method-name">testMulForLong</span>
                  <span class="parameters">(-1, 8, -8)</span>
                </div> <!-- method-content -->
              </div> <!-- method -->
              <div class="method">
                <div class="method-content">
                  <a name="testMulForLong(0, 0, 0)">
                  </a> <!-- testMulForLong(0, 0, 0) -->
                  <span class="method-name">testMulForLong</span>
                  <span class="parameters">(0, 0, 0)</span>
                </div> <!-- method-content -->
              </div> <!-- method -->
              <div class="method">
                <div class="method-content">
                  <a name="testMulForLong(-9, -9, 81)">
                  </a> <!-- testMulForLong(-9, -9, 81) -->
                  <span class="method-name">testMulForLong</span>
                  <span class="parameters">(-9, -9, 81)</span>
                </div> <!-- method-content -->
              </div> <!-- method -->
              <div class="method">
                <div class="method-content">
                  <a name="testMulForLong(1000000000, 10000000, 10000000000000000)">
                  </a> <!-- testMulForLong(1000000000, 10000000, 10000000000000000) -->
                  <span class="method-name">testMulForLong</span>
                  <span class="parameters">(1000000000, 10000000, 10000000000000000)</span>
                </div> <!-- method-content -->
              </div> <!-- method -->
              <div class="method">
                <div class="method-content">
                  <a name="testPow(1.1, -1, 0.9090909090909091)">
                  </a> <!-- testPow(1.1, -1, 0.9090909090909091) -->
                  <span class="method-name">testPow</span>
                  <span class="parameters">(1.1, -1, 0.9090909090909091)</span>
                </div> <!-- method-content -->
              </div> <!-- method -->
              <div class="method">
                <div class="method-content">
                  <a name="testPow(-1, 8, 1)">
                  </a> <!-- testPow(-1, 8, 1) -->
                  <span class="method-name">testPow</span>
                  <span class="parameters">(-1, 8, 1)</span>
                </div> <!-- method-content -->
              </div> <!-- method -->
              <div class="method">
                <div class="method-content">
                  <a name="testPow(-9, 2, 81)">
                  </a> <!-- testPow(-9, 2, 81) -->
                  <span class="method-name">testPow</span>
                  <span class="parameters">(-9, 2, 81)</span>
                </div> <!-- method-content -->
              </div> <!-- method -->
              <div class="method">
                <div class="method-content">
                  <a name="testPow(0.0, 0, 1.0)">
                  </a> <!-- testPow(0.0, 0, 1.0) -->
                  <span class="method-name">testPow</span>
                  <span class="parameters">(0.0, 0, 1.0)</span>
                </div> <!-- method-content -->
              </div> <!-- method -->
              <div class="method">
                <div class="method-content">
                  <a name="testPow(1, 0, 1.0)">
                  </a> <!-- testPow(1, 0, 1.0) -->
                  <span class="method-name">testPow</span>
                  <span class="parameters">(1, 0, 1.0)</span>
                </div> <!-- method-content -->
              </div> <!-- method -->
              <div class="method">
                <div class="method-content">
                  <a name="testPow(1.0E9, 3, 1.0E27)">
                  </a> <!-- testPow(1.0E9, 3, 1.0E27) -->
                  <span class="method-name">testPow</span>
                  <span class="parameters">(1.0E9, 3, 1.0E27)</span>
                </div> <!-- method-content -->
              </div> <!-- method -->
              <div class="method">
                <div class="method-content">
                  <a name="testPow(1, -1, 1)">
                  </a> <!-- testPow(1, -1, 1) -->
                  <span class="method-name">testPow</span>
                  <span class="parameters">(1, -1, 1)</span>
                </div> <!-- method-content -->
              </div> <!-- method -->
              <div class="method">
                <div class="method-content">
                  <a name="testSin(90, 0.8939966636005579)">
                  </a> <!-- testSin(90, 0.8939966636005579) -->
                  <span class="method-name">testSin</span>
                  <span class="parameters">(90, 0.8939966636005579)</span>
                </div> <!-- method-content -->
              </div> <!-- method -->
              <div class="method">
                <div class="method-content">
                  <a name="testSin(45, 0.8509035245341184)">
                  </a> <!-- testSin(45, 0.8509035245341184) -->
                  <span class="method-name">testSin</span>
                  <span class="parameters">(45, 0.8509035245341184)</span>
                </div> <!-- method-content -->
              </div> <!-- method -->
              <div class="method">
                <div class="method-content">
                  <a name="testSin(-180, 0.8011526357338304)">
                  </a> <!-- testSin(-180, 0.8011526357338304) -->
                  <span class="method-name">testSin</span>
                  <span class="parameters">(-180, 0.8011526357338304)</span>
                </div> <!-- method-content -->
              </div> <!-- method -->
              <div class="method">
                <div class="method-content">
                  <a name="testSin(180, -0.8011526357338304)">
                  </a> <!-- testSin(180, -0.8011526357338304) -->
                  <span class="method-name">testSin</span>
                  <span class="parameters">(180, -0.8011526357338304)</span>
                </div> <!-- method-content -->
              </div> <!-- method -->
              <div class="method">
                <div class="method-content">
                  <a name="testSin(270, -0.1760459464712114)">
                  </a> <!-- testSin(270, -0.1760459464712114) -->
                  <span class="method-name">testSin</span>
                  <span class="parameters">(270, -0.1760459464712114)</span>
                </div> <!-- method-content -->
              </div> <!-- method -->
              <div class="method">
                <div class="method-content">
                  <a name="testSin(-270, 0.1760459464712114)">
                  </a> <!-- testSin(-270, 0.1760459464712114) -->
                  <span class="method-name">testSin</span>
                  <span class="parameters">(-270, 0.1760459464712114)</span>
                </div> <!-- method-content -->
              </div> <!-- method -->
              <div class="method">
                <div class="method-content">
                  <a name="testSqrt(45, 6.708203932499369)">
                  </a> <!-- testSqrt(45, 6.708203932499369) -->
                  <span class="method-name">testSqrt</span>
                  <span class="parameters">(45, 6.708203932499369)</span>
                </div> <!-- method-content -->
              </div> <!-- method -->
              <div class="method">
                <div class="method-content">
                  <a name="testSqrt(0, 0)">
                  </a> <!-- testSqrt(0, 0) -->
                  <span class="method-name">testSqrt</span>
                  <span class="parameters">(0, 0)</span>
                </div> <!-- method-content -->
              </div> <!-- method -->
              <div class="method">
                <div class="method-content">
                  <a name="testSqrt(1, 1)">
                  </a> <!-- testSqrt(1, 1) -->
                  <span class="method-name">testSqrt</span>
                  <span class="parameters">(1, 1)</span>
                </div> <!-- method-content -->
              </div> <!-- method -->
              <div class="method">
                <div class="method-content">
                  <a name="testSqrt(10, 3.1622776601683795)">
                  </a> <!-- testSqrt(10, 3.1622776601683795) -->
                  <span class="method-name">testSqrt</span>
                  <span class="parameters">(10, 3.1622776601683795)</span>
                </div> <!-- method-content -->
              </div> <!-- method -->
              <div class="method">
                <div class="method-content">
                  <a name="testSubForDouble(-1, 8, -9)">
                  </a> <!-- testSubForDouble(-1, 8, -9) -->
                  <span class="method-name">testSubForDouble</span>
                  <span class="parameters">(-1, 8, -9)</span>
                </div> <!-- method-content -->
              </div> <!-- method -->
              <div class="method">
                <div class="method-content">
                  <a name="testSubForDouble(4.9E-324, 4.9E-324, 0.0)">
                  </a> <!-- testSubForDouble(4.9E-324, 4.9E-324, 0.0) -->
                  <span class="method-name">testSubForDouble</span>
                  <span class="parameters">(4.9E-324, 4.9E-324, 0.0)</span>
                </div> <!-- method-content -->
              </div> <!-- method -->
              <div class="method">
                <div class="method-content">
                  <a name="testSubForDouble(1.1, -1, 2.1)">
                  </a> <!-- testSubForDouble(1.1, -1, 2.1) -->
                  <span class="method-name">testSubForDouble</span>
                  <span class="parameters">(1.1, -1, 2.1)</span>
                </div> <!-- method-content -->
              </div> <!-- method -->
              <div class="method">
                <div class="method-content">
                  <a name="testSubForDouble(1.0E9, 1.0E7, 9.9E8)">
                  </a> <!-- testSubForDouble(1.0E9, 1.0E7, 9.9E8) -->
                  <span class="method-name">testSubForDouble</span>
                  <span class="parameters">(1.0E9, 1.0E7, 9.9E8)</span>
                </div> <!-- method-content -->
              </div> <!-- method -->
              <div class="method">
                <div class="method-content">
                  <a name="testSubForDouble(0.0, 0, 0)">
                  </a> <!-- testSubForDouble(0.0, 0, 0) -->
                  <span class="method-name">testSubForDouble</span>
                  <span class="parameters">(0.0, 0, 0)</span>
                </div> <!-- method-content -->
              </div> <!-- method -->
              <div class="method">
                <div class="method-content">
                  <a name="testSubForDouble(1, -1, 2)">
                  </a> <!-- testSubForDouble(1, -1, 2) -->
                  <span class="method-name">testSubForDouble</span>
                  <span class="parameters">(1, -1, 2)</span>
                </div> <!-- method-content -->
              </div> <!-- method -->
              <div class="method">
                <div class="method-content">
                  <a name="testSubForDouble(-9, -9, 0)">
                  </a> <!-- testSubForDouble(-9, -9, 0) -->
                  <span class="method-name">testSubForDouble</span>
                  <span class="parameters">(-9, -9, 0)</span>
                </div> <!-- method-content -->
              </div> <!-- method -->
              <div class="method">
                <div class="method-content">
                  <a name="testSubForLong(-1, 8, -9)">
                  </a> <!-- testSubForLong(-1, 8, -9) -->
                  <span class="method-name">testSubForLong</span>
                  <span class="parameters">(-1, 8, -9)</span>
                </div> <!-- method-content -->
              </div> <!-- method -->
              <div class="method">
                <div class="method-content">
                  <a name="testSubForLong(-9223372036854775808, -9223372036854775808, 0)">
                  </a> <!-- testSubForLong(-9223372036854775808, -9223372036854775808, 0) -->
                  <span class="method-name">testSubForLong</span>
                  <span class="parameters">(-9223372036854775808, -9223372036854775808, 0)</span>
                </div> <!-- method-content -->
              </div> <!-- method -->
              <div class="method">
                <div class="method-content">
                  <a name="testSubForLong(1, -1, 2)">
                  </a> <!-- testSubForLong(1, -1, 2) -->
                  <span class="method-name">testSubForLong</span>
                  <span class="parameters">(1, -1, 2)</span>
                </div> <!-- method-content -->
              </div> <!-- method -->
              <div class="method">
                <div class="method-content">
                  <a name="testSubForLong(1000000000, 10000000, 990000000)">
                  </a> <!-- testSubForLong(1000000000, 10000000, 990000000) -->
                  <span class="method-name">testSubForLong</span>
                  <span class="parameters">(1000000000, 10000000, 990000000)</span>
                </div> <!-- method-content -->
              </div> <!-- method -->
              <div class="method">
                <div class="method-content">
                  <a name="testSubForLong(0, 0, 0)">
                  </a> <!-- testSubForLong(0, 0, 0) -->
                  <span class="method-name">testSubForLong</span>
                  <span class="parameters">(0, 0, 0)</span>
                </div> <!-- method-content -->
              </div> <!-- method -->
              <div class="method">
                <div class="method-content">
                  <a name="testSubForLong(-9, -9, 0)">
                  </a> <!-- testSubForLong(-9, -9, 0) -->
                  <span class="method-name">testSubForLong</span>
                  <span class="parameters">(-9, -9, 0)</span>
                </div> <!-- method-content -->
              </div> <!-- method -->
              <div class="method">
                <div class="method-content">
                  <a name="testSumForDouble(1.0E9, 1.0E7, 1.01E9)">
                  </a> <!-- testSumForDouble(1.0E9, 1.0E7, 1.01E9) -->
                  <span class="method-name">testSumForDouble</span>
                  <span class="parameters">(1.0E9, 1.0E7, 1.01E9)</span>
                </div> <!-- method-content -->
              </div> <!-- method -->
              <div class="method">
                <div class="method-content">
                  <a name="testSumForDouble(-1, 8, 7)">
                  </a> <!-- testSumForDouble(-1, 8, 7) -->
                  <span class="method-name">testSumForDouble</span>
                  <span class="parameters">(-1, 8, 7)</span>
                </div> <!-- method-content -->
              </div> <!-- method -->
              <div class="method">
                <div class="method-content">
                  <a name="testSumForDouble(0.0, 0, 0)">
                  </a> <!-- testSumForDouble(0.0, 0, 0) -->
                  <span class="method-name">testSumForDouble</span>
                  <span class="parameters">(0.0, 0, 0)</span>
                </div> <!-- method-content -->
              </div> <!-- method -->
              <div class="method">
                <div class="method-content">
                  <a name="testSumForDouble(1, -1, 0)">
                  </a> <!-- testSumForDouble(1, -1, 0) -->
                  <span class="method-name">testSumForDouble</span>
                  <span class="parameters">(1, -1, 0)</span>
                </div> <!-- method-content -->
              </div> <!-- method -->
              <div class="method">
                <div class="method-content">
                  <a name="testSumForDouble(-9, -9, -18)">
                  </a> <!-- testSumForDouble(-9, -9, -18) -->
                  <span class="method-name">testSumForDouble</span>
                  <span class="parameters">(-9, -9, -18)</span>
                </div> <!-- method-content -->
              </div> <!-- method -->
              <div class="method">
                <div class="method-content">
                  <a name="testSumForDouble(4.9E-324, 4.9E-324, 1.0E-323)">
                  </a> <!-- testSumForDouble(4.9E-324, 4.9E-324, 1.0E-323) -->
                  <span class="method-name">testSumForDouble</span>
                  <span class="parameters">(4.9E-324, 4.9E-324, 1.0E-323)</span>
                </div> <!-- method-content -->
              </div> <!-- method -->
              <div class="method">
                <div class="method-content">
                  <a name="testSumForLong(1000000000, 10000000, 1010000000)">
                  </a> <!-- testSumForLong(1000000000, 10000000, 1010000000) -->
                  <span class="method-name">testSumForLong</span>
                  <span class="parameters">(1000000000, 10000000, 1010000000)</span>
                </div> <!-- method-content -->
              </div> <!-- method -->
              <div class="method">
                <div class="method-content">
                  <a name="testSumForLong(1, -1, 0)">
                  </a> <!-- testSumForLong(1, -1, 0) -->
                  <span class="method-name">testSumForLong</span>
                  <span class="parameters">(1, -1, 0)</span>
                </div> <!-- method-content -->
              </div> <!-- method -->
              <div class="method">
                <div class="method-content">
                  <a name="testSumForLong(-9223372036854775808, -9223372036854775808, 0)">
                  </a> <!-- testSumForLong(-9223372036854775808, -9223372036854775808, 0) -->
                  <span class="method-name">testSumForLong</span>
                  <span class="parameters">(-9223372036854775808, -9223372036854775808, 0)</span>
                </div> <!-- method-content -->
              </div> <!-- method -->
              <div class="method">
                <div class="method-content">
                  <a name="testSumForLong(0, 0, 0)">
                  </a> <!-- testSumForLong(0, 0, 0) -->
                  <span class="method-name">testSumForLong</span>
                  <span class="parameters">(0, 0, 0)</span>
                </div> <!-- method-content -->
              </div> <!-- method -->
              <div class="method">
                <div class="method-content">
                  <a name="testSumForLong(-9, -9, -18)">
                  </a> <!-- testSumForLong(-9, -9, -18) -->
                  <span class="method-name">testSumForLong</span>
                  <span class="parameters">(-9, -9, -18)</span>
                </div> <!-- method-content -->
              </div> <!-- method -->
              <div class="method">
                <div class="method-content">
                  <a name="testSumForLong(-1, 8, 7)">
                  </a> <!-- testSumForLong(-1, 8, 7) -->
                  <span class="method-name">testSumForLong</span>
                  <span class="parameters">(-1, 8, 7)</span>
                </div> <!-- method-content -->
              </div> <!-- method -->
            </div> <!-- main-panel-content rounded-window-bottom -->
          </div> <!-- suite-Default_suite-class-passed -->
        </div> <!-- panel Default_suite -->
        <div panel-name="test-xml-Default_suite" class="panel">
          <div class="main-panel-header rounded-window-top">
            <span class="header-content">C:\Users\Charan_Donthi\AppData\Local\Temp\testng-eclipse-861991216\testng-customsuite.xml</span>
          </div> <!-- main-panel-header rounded-window-top -->
          <div class="main-panel-content rounded-window-bottom">
            <pre>
&lt;?xml version=&quot;1.0&quot; encoding=&quot;UTF-8&quot;?&gt;
&lt;!DOCTYPE suite SYSTEM &quot;https://testng.org/testng-1.0.dtd&quot;&gt;
&lt;suite guice-stage=&quot;DEVELOPMENT&quot; name=&quot;Default suite&quot;&gt;
  &lt;test thread-count=&quot;5&quot; verbose=&quot;2&quot; name=&quot;Default test&quot;&gt;
    &lt;classes&gt;
      &lt;class name=&quot;calculator.CalculatorTest.CalculatorTesting&quot;/&gt;
    &lt;/classes&gt;
  &lt;/test&gt; &lt;!-- Default test --&gt;
&lt;/suite&gt; &lt;!-- Default suite --&gt;
            </pre>
          </div> <!-- main-panel-content rounded-window-bottom -->
        </div> <!-- panel -->
        <div panel-name="testlist-Default_suite" class="panel">
          <div class="main-panel-header rounded-window-top">
            <span class="header-content">Tests for Default suite</span>
          </div> <!-- main-panel-header rounded-window-top -->
          <div class="main-panel-content rounded-window-bottom">
            <ul>
              <li>
                <span class="test-name">Default test (1 class)</span>
              </li>
            </ul>
          </div> <!-- main-panel-content rounded-window-bottom -->
        </div> <!-- panel -->
        <div panel-name="group-Default_suite" class="panel">
          <div class="main-panel-header rounded-window-top">
            <span class="header-content">Groups for Default suite</span>
          </div> <!-- main-panel-header rounded-window-top -->
          <div class="main-panel-content rounded-window-bottom">
            <div class="test-group">
              <span class="test-group-name">Arthimetic</span>
              <br/>
              <div class="method-in-group">
                <span class="method-in-group-name">testDivForDouble</span>
                <br/>
              </div> <!-- method-in-group -->
              <div class="method-in-group">
                <span class="method-in-group-name">testDivForLong</span>
                <br/>
              </div> <!-- method-in-group -->
              <div class="method-in-group">
                <span class="method-in-group-name">testMulForDouble</span>
                <br/>
              </div> <!-- method-in-group -->
              <div class="method-in-group">
                <span class="method-in-group-name">testMulForLong</span>
                <br/>
              </div> <!-- method-in-group -->
              <div class="method-in-group">
                <span class="method-in-group-name">testPow</span>
                <br/>
              </div> <!-- method-in-group -->
              <div class="method-in-group">
                <span class="method-in-group-name">testSqrt</span>
                <br/>
              </div> <!-- method-in-group -->
              <div class="method-in-group">
                <span class="method-in-group-name">testSubForDouble</span>
                <br/>
              </div> <!-- method-in-group -->
              <div class="method-in-group">
                <span class="method-in-group-name">testSubForLong</span>
                <br/>
              </div> <!-- method-in-group -->
              <div class="method-in-group">
                <span class="method-in-group-name">testSumForDouble</span>
                <br/>
              </div> <!-- method-in-group -->
              <div class="method-in-group">
                <span class="method-in-group-name">testSumForLong</span>
                <br/>
              </div> <!-- method-in-group -->
            </div> <!-- test-group -->
            <div class="test-group">
              <span class="test-group-name">Trignometry</span>
              <br/>
              <div class="method-in-group">
                <span class="method-in-group-name">testCos</span>
                <br/>
              </div> <!-- method-in-group -->
              <div class="method-in-group">
                <span class="method-in-group-name">testCtg</span>
                <br/>
              </div> <!-- method-in-group -->
              <div class="method-in-group">
                <span class="method-in-group-name">testSin</span>
                <br/>
              </div> <!-- method-in-group -->
              <div class="method-in-group">
                <span class="method-in-group-name">testtg</span>
                <br/>
              </div> <!-- method-in-group -->
            </div> <!-- test-group -->
          </div> <!-- main-panel-content rounded-window-bottom -->
        </div> <!-- panel -->
        <div panel-name="times-Default_suite" class="panel">
          <div class="main-panel-header rounded-window-top">
            <span class="header-content">Times for Default suite</span>
          </div> <!-- main-panel-header rounded-window-top -->
          <div class="main-panel-content rounded-window-bottom">
            <div class="times-div">
              <script type="text/javascript">
suiteTableInitFunctions.push('tableData_Default_suite');
function tableData_Default_suite() {
var data = new google.visualization.DataTable();
data.addColumn('number', 'Number');
data.addColumn('string', 'Method');
data.addColumn('string', 'Class');
data.addColumn('number', 'Time (ms)');
data.addRows(92);
data.setCell(0, 0, 0)
data.setCell(0, 1, 'testDivForLong')
data.setCell(0, 2, 'calculator.CalculatorTest.CalculatorTesting')
data.setCell(0, 3, 8);
data.setCell(1, 0, 1)
data.setCell(1, 1, 'testMulForLong')
data.setCell(1, 2, 'calculator.CalculatorTest.CalculatorTesting')
data.setCell(1, 3, 7);
data.setCell(2, 0, 2)
data.setCell(2, 1, 'testSin')
data.setCell(2, 2, 'calculator.CalculatorTest.CalculatorTesting')
data.setCell(2, 3, 6);
data.setCell(3, 0, 3)
data.setCell(3, 1, 'testCos')
data.setCell(3, 2, 'calculator.CalculatorTest.CalculatorTesting')
data.setCell(3, 3, 6);
data.setCell(4, 0, 4)
data.setCell(4, 1, 'testCos')
data.setCell(4, 2, 'calculator.CalculatorTest.CalculatorTesting')
data.setCell(4, 3, 2);
data.setCell(5, 0, 5)
data.setCell(5, 1, 'testMulForDouble')
data.setCell(5, 2, 'calculator.CalculatorTest.CalculatorTesting')
data.setCell(5, 3, 1);
data.setCell(6, 0, 6)
data.setCell(6, 1, 'testSubForDouble')
data.setCell(6, 2, 'calculator.CalculatorTest.CalculatorTesting')
data.setCell(6, 3, 1);
data.setCell(7, 0, 7)
data.setCell(7, 1, 'testDivForLong')
data.setCell(7, 2, 'calculator.CalculatorTest.CalculatorTesting')
data.setCell(7, 3, 1);
data.setCell(8, 0, 8)
data.setCell(8, 1, 'testSqrt')
data.setCell(8, 2, 'calculator.CalculatorTest.CalculatorTesting')
data.setCell(8, 3, 1);
data.setCell(9, 0, 9)
data.setCell(9, 1, 'testDivForDouble')
data.setCell(9, 2, 'calculator.CalculatorTest.CalculatorTesting')
data.setCell(9, 3, 1);
data.setCell(10, 0, 10)
data.setCell(10, 1, 'testSumForLong')
data.setCell(10, 2, 'calculator.CalculatorTest.CalculatorTesting')
data.setCell(10, 3, 1);
data.setCell(11, 0, 11)
data.setCell(11, 1, 'testSubForLong')
data.setCell(11, 2, 'calculator.CalculatorTest.CalculatorTesting')
data.setCell(11, 3, 1);
data.setCell(12, 0, 12)
data.setCell(12, 1, 'testIsPositivity')
data.setCell(12, 2, 'calculator.CalculatorTest.CalculatorTesting')
data.setCell(12, 3, 1);
data.setCell(13, 0, 13)
data.setCell(13, 1, 'testIsPositivity')
data.setCell(13, 2, 'calculator.CalculatorTest.CalculatorTesting')
data.setCell(13, 3, 1);
data.setCell(14, 0, 14)
data.setCell(14, 1, 'testMulForDouble')
data.setCell(14, 2, 'calculator.CalculatorTest.CalculatorTesting')
data.setCell(14, 3, 1);
data.setCell(15, 0, 15)
data.setCell(15, 1, 'testSumForLong')
data.setCell(15, 2, 'calculator.CalculatorTest.CalculatorTesting')
data.setCell(15, 3, 1);
data.setCell(16, 0, 16)
data.setCell(16, 1, 'testMulForLong')
data.setCell(16, 2, 'calculator.CalculatorTest.CalculatorTesting')
data.setCell(16, 3, 1);
data.setCell(17, 0, 17)
data.setCell(17, 1, 'testPow')
data.setCell(17, 2, 'calculator.CalculatorTest.CalculatorTesting')
data.setCell(17, 3, 1);
data.setCell(18, 0, 18)
data.setCell(18, 1, 'testPow')
data.setCell(18, 2, 'calculator.CalculatorTest.CalculatorTesting')
data.setCell(18, 3, 1);
data.setCell(19, 0, 19)
data.setCell(19, 1, 'testSumForDouble')
data.setCell(19, 2, 'calculator.CalculatorTest.CalculatorTesting')
data.setCell(19, 3, 1);
data.setCell(20, 0, 20)
data.setCell(20, 1, 'testSumForLong')
data.setCell(20, 2, 'calculator.CalculatorTest.CalculatorTesting')
data.setCell(20, 3, 1);
data.setCell(21, 0, 21)
data.setCell(21, 1, 'testDivForDouble')
data.setCell(21, 2, 'calculator.CalculatorTest.CalculatorTesting')
data.setCell(21, 3, 1);
data.setCell(22, 0, 22)
data.setCell(22, 1, 'testDivForLong')
data.setCell(22, 2, 'calculator.CalculatorTest.CalculatorTesting')
data.setCell(22, 3, 1);
data.setCell(23, 0, 23)
data.setCell(23, 1, 'testDivForDouble')
data.setCell(23, 2, 'calculator.CalculatorTest.CalculatorTesting')
data.setCell(23, 3, 1);
data.setCell(24, 0, 24)
data.setCell(24, 1, 'testIsPositivity')
data.setCell(24, 2, 'calculator.CalculatorTest.CalculatorTesting')
data.setCell(24, 3, 1);
data.setCell(25, 0, 25)
data.setCell(25, 1, 'testIsNegative')
data.setCell(25, 2, 'calculator.CalculatorTest.CalculatorTesting')
data.setCell(25, 3, 1);
data.setCell(26, 0, 26)
data.setCell(26, 1, 'testMulForDouble')
data.setCell(26, 2, 'calculator.CalculatorTest.CalculatorTesting')
data.setCell(26, 3, 1);
data.setCell(27, 0, 27)
data.setCell(27, 1, 'testSubForDouble')
data.setCell(27, 2, 'calculator.CalculatorTest.CalculatorTesting')
data.setCell(27, 3, 1);
data.setCell(28, 0, 28)
data.setCell(28, 1, 'testDivForDouble')
data.setCell(28, 2, 'calculator.CalculatorTest.CalculatorTesting')
data.setCell(28, 3, 1);
data.setCell(29, 0, 29)
data.setCell(29, 1, 'testIsNegative')
data.setCell(29, 2, 'calculator.CalculatorTest.CalculatorTesting')
data.setCell(29, 3, 1);
data.setCell(30, 0, 30)
data.setCell(30, 1, 'testSubForLong')
data.setCell(30, 2, 'calculator.CalculatorTest.CalculatorTesting')
data.setCell(30, 3, 1);
data.setCell(31, 0, 31)
data.setCell(31, 1, 'testIsNegative')
data.setCell(31, 2, 'calculator.CalculatorTest.CalculatorTesting')
data.setCell(31, 3, 1);
data.setCell(32, 0, 32)
data.setCell(32, 1, 'testSubForLong')
data.setCell(32, 2, 'calculator.CalculatorTest.CalculatorTesting')
data.setCell(32, 3, 1);
data.setCell(33, 0, 33)
data.setCell(33, 1, 'testDivForDouble')
data.setCell(33, 2, 'calculator.CalculatorTest.CalculatorTesting')
data.setCell(33, 3, 1);
data.setCell(34, 0, 34)
data.setCell(34, 1, 'testSin')
data.setCell(34, 2, 'calculator.CalculatorTest.CalculatorTesting')
data.setCell(34, 3, 1);
data.setCell(35, 0, 35)
data.setCell(35, 1, 'testPow')
data.setCell(35, 2, 'calculator.CalculatorTest.CalculatorTesting')
data.setCell(35, 3, 1);
data.setCell(36, 0, 36)
data.setCell(36, 1, 'testSin')
data.setCell(36, 2, 'calculator.CalculatorTest.CalculatorTesting')
data.setCell(36, 3, 1);
data.setCell(37, 0, 37)
data.setCell(37, 1, 'testSubForLong')
data.setCell(37, 2, 'calculator.CalculatorTest.CalculatorTesting')
data.setCell(37, 3, 1);
data.setCell(38, 0, 38)
data.setCell(38, 1, 'testMulForLong')
data.setCell(38, 2, 'calculator.CalculatorTest.CalculatorTesting')
data.setCell(38, 3, 1);
data.setCell(39, 0, 39)
data.setCell(39, 1, 'testSumForDouble')
data.setCell(39, 2, 'calculator.CalculatorTest.CalculatorTesting')
data.setCell(39, 3, 1);
data.setCell(40, 0, 40)
data.setCell(40, 1, 'testPow')
data.setCell(40, 2, 'calculator.CalculatorTest.CalculatorTesting')
data.setCell(40, 3, 1);
data.setCell(41, 0, 41)
data.setCell(41, 1, 'testSumForDouble')
data.setCell(41, 2, 'calculator.CalculatorTest.CalculatorTesting')
data.setCell(41, 3, 1);
data.setCell(42, 0, 42)
data.setCell(42, 1, 'testDivForDouble')
data.setCell(42, 2, 'calculator.CalculatorTest.CalculatorTesting')
data.setCell(42, 3, 1);
data.setCell(43, 0, 43)
data.setCell(43, 1, 'testSubForDouble')
data.setCell(43, 2, 'calculator.CalculatorTest.CalculatorTesting')
data.setCell(43, 3, 1);
data.setCell(44, 0, 44)
data.setCell(44, 1, 'testSqrt')
data.setCell(44, 2, 'calculator.CalculatorTest.CalculatorTesting')
data.setCell(44, 3, 1);
data.setCell(45, 0, 45)
data.setCell(45, 1, 'testCtg')
data.setCell(45, 2, 'calculator.CalculatorTest.CalculatorTesting')
data.setCell(45, 3, 1);
data.setCell(46, 0, 46)
data.setCell(46, 1, 'testCos')
data.setCell(46, 2, 'calculator.CalculatorTest.CalculatorTesting')
data.setCell(46, 3, 1);
data.setCell(47, 0, 47)
data.setCell(47, 1, 'testtg')
data.setCell(47, 2, 'calculator.CalculatorTest.CalculatorTesting')
data.setCell(47, 3, 1);
data.setCell(48, 0, 48)
data.setCell(48, 1, 'testCtg')
data.setCell(48, 2, 'calculator.CalculatorTest.CalculatorTesting')
data.setCell(48, 3, 1);
data.setCell(49, 0, 49)
data.setCell(49, 1, 'testCos')
data.setCell(49, 2, 'calculator.CalculatorTest.CalculatorTesting')
data.setCell(49, 3, 1);
data.setCell(50, 0, 50)
data.setCell(50, 1, 'testMulForDouble')
data.setCell(50, 2, 'calculator.CalculatorTest.CalculatorTesting')
data.setCell(50, 3, 1);
data.setCell(51, 0, 51)
data.setCell(51, 1, 'testtg')
data.setCell(51, 2, 'calculator.CalculatorTest.CalculatorTesting')
data.setCell(51, 3, 1);
data.setCell(52, 0, 52)
data.setCell(52, 1, 'testCtg')
data.setCell(52, 2, 'calculator.CalculatorTest.CalculatorTesting')
data.setCell(52, 3, 1);
data.setCell(53, 0, 53)
data.setCell(53, 1, 'testCos')
data.setCell(53, 2, 'calculator.CalculatorTest.CalculatorTesting')
data.setCell(53, 3, 1);
data.setCell(54, 0, 54)
data.setCell(54, 1, 'testtg')
data.setCell(54, 2, 'calculator.CalculatorTest.CalculatorTesting')
data.setCell(54, 3, 1);
data.setCell(55, 0, 55)
data.setCell(55, 1, 'testCtg')
data.setCell(55, 2, 'calculator.CalculatorTest.CalculatorTesting')
data.setCell(55, 3, 1);
data.setCell(56, 0, 56)
data.setCell(56, 1, 'testtg')
data.setCell(56, 2, 'calculator.CalculatorTest.CalculatorTesting')
data.setCell(56, 3, 1);
data.setCell(57, 0, 57)
data.setCell(57, 1, 'testDivForDouble')
data.setCell(57, 2, 'calculator.CalculatorTest.CalculatorTesting')
data.setCell(57, 3, 1);
data.setCell(58, 0, 58)
data.setCell(58, 1, 'testCos')
data.setCell(58, 2, 'calculator.CalculatorTest.CalculatorTesting')
data.setCell(58, 3, 1);
data.setCell(59, 0, 59)
data.setCell(59, 1, 'testCtg')
data.setCell(59, 2, 'calculator.CalculatorTest.CalculatorTesting')
data.setCell(59, 3, 1);
data.setCell(60, 0, 60)
data.setCell(60, 1, 'testDivForLong')
data.setCell(60, 2, 'calculator.CalculatorTest.CalculatorTesting')
data.setCell(60, 3, 1);
data.setCell(61, 0, 61)
data.setCell(61, 1, 'testSumForLong')
data.setCell(61, 2, 'calculator.CalculatorTest.CalculatorTesting')
data.setCell(61, 3, 0);
data.setCell(62, 0, 62)
data.setCell(62, 1, 'testSqrt')
data.setCell(62, 2, 'calculator.CalculatorTest.CalculatorTesting')
data.setCell(62, 3, 0);
data.setCell(63, 0, 63)
data.setCell(63, 1, 'testMulForLong')
data.setCell(63, 2, 'calculator.CalculatorTest.CalculatorTesting')
data.setCell(63, 3, 0);
data.setCell(64, 0, 64)
data.setCell(64, 1, 'testSumForDouble')
data.setCell(64, 2, 'calculator.CalculatorTest.CalculatorTesting')
data.setCell(64, 3, 0);
data.setCell(65, 0, 65)
data.setCell(65, 1, 'testSqrt')
data.setCell(65, 2, 'calculator.CalculatorTest.CalculatorTesting')
data.setCell(65, 3, 0);
data.setCell(66, 0, 66)
data.setCell(66, 1, 'testSubForLong')
data.setCell(66, 2, 'calculator.CalculatorTest.CalculatorTesting')
data.setCell(66, 3, 0);
data.setCell(67, 0, 67)
data.setCell(67, 1, 'testIsNegative')
data.setCell(67, 2, 'calculator.CalculatorTest.CalculatorTesting')
data.setCell(67, 3, 0);
data.setCell(68, 0, 68)
data.setCell(68, 1, 'testSubForDouble')
data.setCell(68, 2, 'calculator.CalculatorTest.CalculatorTesting')
data.setCell(68, 3, 0);
data.setCell(69, 0, 69)
data.setCell(69, 1, 'testSubForDouble')
data.setCell(69, 2, 'calculator.CalculatorTest.CalculatorTesting')
data.setCell(69, 3, 0);
data.setCell(70, 0, 70)
data.setCell(70, 1, 'testSubForLong')
data.setCell(70, 2, 'calculator.CalculatorTest.CalculatorTesting')
data.setCell(70, 3, 0);
data.setCell(71, 0, 71)
data.setCell(71, 1, 'testPow')
data.setCell(71, 2, 'calculator.CalculatorTest.CalculatorTesting')
data.setCell(71, 3, 0);
data.setCell(72, 0, 72)
data.setCell(72, 1, 'testMulForDouble')
data.setCell(72, 2, 'calculator.CalculatorTest.CalculatorTesting')
data.setCell(72, 3, 0);
data.setCell(73, 0, 73)
data.setCell(73, 1, 'testSin')
data.setCell(73, 2, 'calculator.CalculatorTest.CalculatorTesting')
data.setCell(73, 3, 0);
data.setCell(74, 0, 74)
data.setCell(74, 1, 'testSumForLong')
data.setCell(74, 2, 'calculator.CalculatorTest.CalculatorTesting')
data.setCell(74, 3, 0);
data.setCell(75, 0, 75)
data.setCell(75, 1, 'testSumForDouble')
data.setCell(75, 2, 'calculator.CalculatorTest.CalculatorTesting')
data.setCell(75, 3, 0);
data.setCell(76, 0, 76)
data.setCell(76, 1, 'testSubForDouble')
data.setCell(76, 2, 'calculator.CalculatorTest.CalculatorTesting')
data.setCell(76, 3, 0);
data.setCell(77, 0, 77)
data.setCell(77, 1, 'testMulForDouble')
data.setCell(77, 2, 'calculator.CalculatorTest.CalculatorTesting')
data.setCell(77, 3, 0);
data.setCell(78, 0, 78)
data.setCell(78, 1, 'testMulForLong')
data.setCell(78, 2, 'calculator.CalculatorTest.CalculatorTesting')
data.setCell(78, 3, 0);
data.setCell(79, 0, 79)
data.setCell(79, 1, 'testSin')
data.setCell(79, 2, 'calculator.CalculatorTest.CalculatorTesting')
data.setCell(79, 3, 0);
data.setCell(80, 0, 80)
data.setCell(80, 1, 'testSumForDouble')
data.setCell(80, 2, 'calculator.CalculatorTest.CalculatorTesting')
data.setCell(80, 3, 0);
data.setCell(81, 0, 81)
data.setCell(81, 1, 'testSin')
data.setCell(81, 2, 'calculator.CalculatorTest.CalculatorTesting')
data.setCell(81, 3, 0);
data.setCell(82, 0, 82)
data.setCell(82, 1, 'testPow')
data.setCell(82, 2, 'calculator.CalculatorTest.CalculatorTesting')
data.setCell(82, 3, 0);
data.setCell(83, 0, 83)
data.setCell(83, 1, 'testSubForDouble')
data.setCell(83, 2, 'calculator.CalculatorTest.CalculatorTesting')
data.setCell(83, 3, 0);
data.setCell(84, 0, 84)
data.setCell(84, 1, 'testPow')
data.setCell(84, 2, 'calculator.CalculatorTest.CalculatorTesting')
data.setCell(84, 3, 0);
data.setCell(85, 0, 85)
data.setCell(85, 1, 'testSumForLong')
data.setCell(85, 2, 'calculator.CalculatorTest.CalculatorTesting')
data.setCell(85, 3, 0);
data.setCell(86, 0, 86)
data.setCell(86, 1, 'testMulForDouble')
data.setCell(86, 2, 'calculator.CalculatorTest.CalculatorTesting')
data.setCell(86, 3, 0);
data.setCell(87, 0, 87)
data.setCell(87, 1, 'testtg')
data.setCell(87, 2, 'calculator.CalculatorTest.CalculatorTesting')
data.setCell(87, 3, 0);
data.setCell(88, 0, 88)
data.setCell(88, 1, 'testtg')
data.setCell(88, 2, 'calculator.CalculatorTest.CalculatorTesting')
data.setCell(88, 3, 0);
data.setCell(89, 0, 89)
data.setCell(89, 1, 'testSumForDouble')
data.setCell(89, 2, 'calculator.CalculatorTest.CalculatorTesting')
data.setCell(89, 3, 0);
data.setCell(90, 0, 90)
data.setCell(90, 1, 'testCtg')
data.setCell(90, 2, 'calculator.CalculatorTest.CalculatorTesting')
data.setCell(90, 3, 0);
data.setCell(91, 0, 91)
data.setCell(91, 1, 'testSqrtForNegativeValues')
data.setCell(91, 2, 'calculator.CalculatorTest.CalculatorTesting')
data.setCell(91, 3, 0);
window.suiteTableData['Default_suite']= { tableData: data, tableDiv: 'times-div-Default_suite'}
return data;
}
              </script>
              <span class="suite-total-time">Total running time: 85 ms</span>
              <div id="times-div-Default_suite">
              </div> <!-- times-div-Default_suite -->
            </div> <!-- times-div -->
          </div> <!-- main-panel-content rounded-window-bottom -->
        </div> <!-- panel -->
        <div panel-name="reporter-Default_suite" class="panel">
          <div class="main-panel-header rounded-window-top">
            <span class="header-content">Reporter output for Default suite</span>
          </div> <!-- main-panel-header rounded-window-top -->
          <div class="main-panel-content rounded-window-bottom">
          </div> <!-- main-panel-content rounded-window-bottom -->
        </div> <!-- panel -->
        <div panel-name="ignored-methods-Default_suite" class="panel">
          <div class="main-panel-header rounded-window-top">
            <span class="header-content">0 ignored methods</span>
          </div> <!-- main-panel-header rounded-window-top -->
          <div class="main-panel-content rounded-window-bottom">
          </div> <!-- main-panel-content rounded-window-bottom -->
        </div> <!-- panel -->
        <div panel-name="chronological-Default_suite" class="panel">
          <div class="main-panel-header rounded-window-top">
            <span class="header-content">Methods in chronological order</span>
          </div> <!-- main-panel-header rounded-window-top -->
          <div class="main-panel-content rounded-window-bottom">
            <div class="chronological-class">
              <div class="chronological-class-name">calculator.CalculatorTest.CalculatorTesting</div> <!-- chronological-class-name -->
              <div class="configuration-class before">
                <span class="method-name">objectCreation</span>
                <span class="method-start">0 ms</span>
              </div> <!-- configuration-class before -->
              <div class="test-method">
                <img src="failed.png">
                </img>
                <span class="method-name">testCos(180, -0.59846006905)</span>
                <span class="method-start">25 ms</span>
              </div> <!-- test-method -->
              <div class="test-method">
                <img src="failed.png">
                </img>
                <span class="method-name">testCos(-180, -0.59846006905)</span>
                <span class="method-start">37 ms</span>
              </div> <!-- test-method -->
              <div class="test-method">
                <img src="failed.png">
                </img>
                <span class="method-name">testCos(90, -0.44807361612)</span>
                <span class="method-start">41 ms</span>
              </div> <!-- test-method -->
              <div class="test-method">
                <img src="failed.png">
                </img>
                <span class="method-name">testCos(45, 0.52532198881)</span>
                <span class="method-start">44 ms</span>
              </div> <!-- test-method -->
              <div class="test-method">
                <img src="failed.png">
                </img>
                <span class="method-name">testCos(270, 0.98438195063)</span>
                <span class="method-start">46 ms</span>
              </div> <!-- test-method -->
              <div class="test-method">
                <img src="failed.png">
                </img>
                <span class="method-name">testCos(-270, 0.98438195063)</span>
                <span class="method-start">48 ms</span>
              </div> <!-- test-method -->
              <div class="test-method">
                <img src="failed.png">
                </img>
                <span class="method-name">testCtg(180, 0.74699881441)</span>
                <span class="method-start">51 ms</span>
              </div> <!-- test-method -->
              <div class="test-method">
                <img src="failed.png">
                </img>
                <span class="method-name">testCtg(-180, -0.74699881441)</span>
                <span class="method-start">53 ms</span>
              </div> <!-- test-method -->
              <div class="test-method">
                <img src="failed.png">
                </img>
                <span class="method-name">testCtg(90, -0.50120278338)</span>
                <span class="method-start">55 ms</span>
              </div> <!-- test-method -->
              <div class="test-method">
                <img src="failed.png">
                </img>
                <span class="method-name">testCtg(45, 0.61736962378)</span>
                <span class="method-start">58 ms</span>
              </div> <!-- test-method -->
              <div class="test-method">
                <img src="failed.png">
                </img>
                <span class="method-name">testCtg(270, -5.59161951959)</span>
                <span class="method-start">60 ms</span>
              </div> <!-- test-method -->
              <div class="test-method">
                <img src="failed.png">
                </img>
                <span class="method-name">testCtg(-270, 5.59161951959)</span>
                <span class="method-start">63 ms</span>
              </div> <!-- test-method -->
              <div class="test-method">
                <img src="failed.png">
                </img>
                <span class="method-name">testDivForDouble(0.0, 0, 0)</span>
                <span class="method-start">66 ms</span>
              </div> <!-- test-method -->
              <div class="test-method">
                <span class="method-name">testDivForDouble(-1, 8, -0.125)</span>
                <span class="method-start">68 ms</span>
              </div> <!-- test-method -->
              <div class="test-method">
                <span class="method-name">testDivForDouble(-9, -9, 1)</span>
                <span class="method-start">70 ms</span>
              </div> <!-- test-method -->
              <div class="test-method">
                <span class="method-name">testDivForDouble(1.0E9, 1.0E7, 100.0)</span>
                <span class="method-start">72 ms</span>
              </div> <!-- test-method -->
              <div class="test-method">
                <span class="method-name">testDivForDouble(1, -1, -1)</span>
                <span class="method-start">74 ms</span>
              </div> <!-- test-method -->
              <div class="test-method">
                <span class="method-name">testDivForDouble(1.1, -1, -1.1)</span>
                <span class="method-start">76 ms</span>
              </div> <!-- test-method -->
              <div class="test-method">
                <span class="method-name">testDivForDouble(4.9E-324, 4.9E-324, 1)</span>
                <span class="method-start">78 ms</span>
              </div> <!-- test-method -->
              <div class="test-method">
                <img src="failed.png">
                </img>
                <span class="method-name">testDivForLong(0, 0, 0)</span>
                <span class="method-start">81 ms</span>
              </div> <!-- test-method -->
              <div class="test-method">
                <span class="method-name">testDivForLong(-9, -9, 1)</span>
                <span class="method-start">83 ms</span>
              </div> <!-- test-method -->
              <div class="test-method">
                <span class="method-name">testDivForLong(1000000000, 10000000, 100)</span>
                <span class="method-start">85 ms</span>
              </div> <!-- test-method -->
              <div class="test-method">
                <span class="method-name">testIsNegative(-1)</span>
                <span class="method-start">90 ms</span>
              </div> <!-- test-method -->
              <div class="test-method">
                <span class="method-name">testIsNegative(-9223372036854775808)</span>
                <span class="method-start">92 ms</span>
              </div> <!-- test-method -->
              <div class="test-method">
                <span class="method-name">testIsNegative(-231342)</span>
                <span class="method-start">94 ms</span>
              </div> <!-- test-method -->
              <div class="test-method">
                <span class="method-name">testIsNegative(-8)</span>
                <span class="method-start">96 ms</span>
              </div> <!-- test-method -->
              <div class="test-method">
                <span class="method-name">testIsPositivity(9223372036854775807)</span>
                <span class="method-start">98 ms</span>
              </div> <!-- test-method -->
              <div class="test-method">
                <span class="method-name">testIsPositivity(231342)</span>
                <span class="method-start">100 ms</span>
              </div> <!-- test-method -->
              <div class="test-method">
                <span class="method-name">testIsPositivity(8)</span>
                <span class="method-start">102 ms</span>
              </div> <!-- test-method -->
              <div class="test-method">
                <span class="method-name">testMulForDouble(0.0, 0, 0)</span>
                <span class="method-start">105 ms</span>
              </div> <!-- test-method -->
              <div class="test-method">
                <span class="method-name">testMulForDouble(-1, 8, -8)</span>
                <span class="method-start">106 ms</span>
              </div> <!-- test-method -->
              <div class="test-method">
                <span class="method-name">testMulForDouble(-9, -9, 81)</span>
                <span class="method-start">108 ms</span>
              </div> <!-- test-method -->
              <div class="test-method">
                <span class="method-name">testMulForDouble(1.0E9, 1.0E7, 1.0E16)</span>
                <span class="method-start">109 ms</span>
              </div> <!-- test-method -->
              <div class="test-method">
                <span class="method-name">testMulForDouble(1, -1, -1)</span>
                <span class="method-start">111 ms</span>
              </div> <!-- test-method -->
              <div class="test-method">
                <img src="failed.png">
                </img>
                <span class="method-name">testMulForDouble(1.1, -1, -1.1)</span>
                <span class="method-start">112 ms</span>
              </div> <!-- test-method -->
              <div class="test-method">
                <span class="method-name">testMulForDouble(4.9E-324, 4.9E-324, 0.0)</span>
                <span class="method-start">114 ms</span>
              </div> <!-- test-method -->
              <div class="test-method">
                <span class="method-name">testMulForLong(0, 0, 0)</span>
                <span class="method-start">116 ms</span>
              </div> <!-- test-method -->
              <div class="test-method">
                <span class="method-name">testMulForLong(-1, 8, -8)</span>
                <span class="method-start">118 ms</span>
              </div> <!-- test-method -->
              <div class="test-method">
                <span class="method-name">testMulForLong(-9, -9, 81)</span>
                <span class="method-start">120 ms</span>
              </div> <!-- test-method -->
              <div class="test-method">
                <span class="method-name">testMulForLong(1000000000, 10000000, 10000000000000000)</span>
                <span class="method-start">121 ms</span>
              </div> <!-- test-method -->
              <div class="test-method">
                <span class="method-name">testPow(0.0, 0, 1.0)</span>
                <span class="method-start">124 ms</span>
              </div> <!-- test-method -->
              <div class="test-method">
                <span class="method-name">testPow(-1, 8, 1)</span>
                <span class="method-start">125 ms</span>
              </div> <!-- test-method -->
              <div class="test-method">
                <span class="method-name">testPow(-9, 2, 81)</span>
                <span class="method-start">127 ms</span>
              </div> <!-- test-method -->
              <div class="test-method">
                <span class="method-name">testPow(1.0E9, 3, 1.0E27)</span>
                <span class="method-start">128 ms</span>
              </div> <!-- test-method -->
              <div class="test-method">
                <span class="method-name">testPow(1, -1, 1)</span>
                <span class="method-start">129 ms</span>
              </div> <!-- test-method -->
              <div class="test-method">
                <span class="method-name">testPow(1.1, -1, 0.9090909090909091)</span>
                <span class="method-start">130 ms</span>
              </div> <!-- test-method -->
              <div class="test-method">
                <span class="method-name">testPow(1, 0, 1.0)</span>
                <span class="method-start">137 ms</span>
              </div> <!-- test-method -->
              <div class="test-method">
                <span class="method-name">testSin(180, -0.8011526357338304)</span>
                <span class="method-start">138 ms</span>
              </div> <!-- test-method -->
              <div class="test-method">
                <span class="method-name">testSin(-180, 0.8011526357338304)</span>
                <span class="method-start">139 ms</span>
              </div> <!-- test-method -->
              <div class="test-method">
                <span class="method-name">testSin(90, 0.8939966636005579)</span>
                <span class="method-start">140 ms</span>
              </div> <!-- test-method -->
              <div class="test-method">
                <span class="method-name">testSin(45, 0.8509035245341184)</span>
                <span class="method-start">147 ms</span>
              </div> <!-- test-method -->
              <div class="test-method">
                <span class="method-name">testSin(270, -0.1760459464712114)</span>
                <span class="method-start">148 ms</span>
              </div> <!-- test-method -->
              <div class="test-method">
                <span class="method-name">testSin(-270, 0.1760459464712114)</span>
                <span class="method-start">149 ms</span>
              </div> <!-- test-method -->
              <div class="test-method">
                <span class="method-name">testSqrt(0, 0)</span>
                <span class="method-start">150 ms</span>
              </div> <!-- test-method -->
              <div class="test-method">
                <span class="method-name">testSqrt(1, 1)</span>
                <span class="method-start">152 ms</span>
              </div> <!-- test-method -->
              <div class="test-method">
                <span class="method-name">testSqrt(45, 6.708203932499369)</span>
                <span class="method-start">153 ms</span>
              </div> <!-- test-method -->
              <div class="test-method">
                <span class="method-name">testSqrt(10, 3.1622776601683795)</span>
                <span class="method-start">153 ms</span>
              </div> <!-- test-method -->
              <div class="test-method">
                <img src="failed.png">
                </img>
                <span class="method-name">testSqrtForNegativeValues</span>
                <span class="method-start">155 ms</span>
              </div> <!-- test-method -->
              <div class="test-method">
                <span class="method-name">testSubForDouble(0.0, 0, 0)</span>
                <span class="method-start">157 ms</span>
              </div> <!-- test-method -->
              <div class="test-method">
                <span class="method-name">testSubForDouble(-1, 8, -9)</span>
                <span class="method-start">158 ms</span>
              </div> <!-- test-method -->
              <div class="test-method">
                <span class="method-name">testSubForDouble(-9, -9, 0)</span>
                <span class="method-start">159 ms</span>
              </div> <!-- test-method -->
              <div class="test-method">
                <span class="method-name">testSubForDouble(1.0E9, 1.0E7, 9.9E8)</span>
                <span class="method-start">160 ms</span>
              </div> <!-- test-method -->
              <div class="test-method">
                <span class="method-name">testSubForDouble(1, -1, 2)</span>
                <span class="method-start">162 ms</span>
              </div> <!-- test-method -->
              <div class="test-method">
                <span class="method-name">testSubForDouble(1.1, -1, 2.1)</span>
                <span class="method-start">163 ms</span>
              </div> <!-- test-method -->
              <div class="test-method">
                <span class="method-name">testSubForDouble(4.9E-324, 4.9E-324, 0.0)</span>
                <span class="method-start">164 ms</span>
              </div> <!-- test-method -->
              <div class="test-method">
                <span class="method-name">testSubForLong(0, 0, 0)</span>
                <span class="method-start">165 ms</span>
              </div> <!-- test-method -->
              <div class="test-method">
                <span class="method-name">testSubForLong(-1, 8, -9)</span>
                <span class="method-start">166 ms</span>
              </div> <!-- test-method -->
              <div class="test-method">
                <span class="method-name">testSubForLong(-9, -9, 0)</span>
                <span class="method-start">167 ms</span>
              </div> <!-- test-method -->
              <div class="test-method">
                <span class="method-name">testSubForLong(1000000000, 10000000, 990000000)</span>
                <span class="method-start">168 ms</span>
              </div> <!-- test-method -->
              <div class="test-method">
                <span class="method-name">testSubForLong(1, -1, 2)</span>
                <span class="method-start">170 ms</span>
              </div> <!-- test-method -->
              <div class="test-method">
                <span class="method-name">testSubForLong(-9223372036854775808, -9223372036854775808, 0)</span>
                <span class="method-start">171 ms</span>
              </div> <!-- test-method -->
              <div class="test-method">
                <span class="method-name">testSumForDouble(0.0, 0, 0)</span>
                <span class="method-start">173 ms</span>
              </div> <!-- test-method -->
              <div class="test-method">
                <span class="method-name">testSumForDouble(-1, 8, 7)</span>
                <span class="method-start">174 ms</span>
              </div> <!-- test-method -->
              <div class="test-method">
                <span class="method-name">testSumForDouble(-9, -9, -18)</span>
                <span class="method-start">175 ms</span>
              </div> <!-- test-method -->
              <div class="test-method">
                <span class="method-name">testSumForDouble(1.0E9, 1.0E7, 1.01E9)</span>
                <span class="method-start">177 ms</span>
              </div> <!-- test-method -->
              <div class="test-method">
                <span class="method-name">testSumForDouble(1, -1, 0)</span>
                <span class="method-start">178 ms</span>
              </div> <!-- test-method -->
              <div class="test-method">
                <img src="failed.png">
                </img>
                <span class="method-name">testSumForDouble(1.1, -1, 0.1)</span>
                <span class="method-start">179 ms</span>
              </div> <!-- test-method -->
              <div class="test-method">
                <span class="method-name">testSumForDouble(4.9E-324, 4.9E-324, 1.0E-323)</span>
                <span class="method-start">180 ms</span>
              </div> <!-- test-method -->
              <div class="test-method">
                <span class="method-name">testSumForLong(0, 0, 0)</span>
                <span class="method-start">182 ms</span>
              </div> <!-- test-method -->
              <div class="test-method">
                <span class="method-name">testSumForLong(-1, 8, 7)</span>
                <span class="method-start">184 ms</span>
              </div> <!-- test-method -->
              <div class="test-method">
                <span class="method-name">testSumForLong(-9, -9, -18)</span>
                <span class="method-start">185 ms</span>
              </div> <!-- test-method -->
              <div class="test-method">
                <span class="method-name">testSumForLong(1000000000, 10000000, 1010000000)</span>
                <span class="method-start">186 ms</span>
              </div> <!-- test-method -->
              <div class="test-method">
                <span class="method-name">testSumForLong(1, -1, 0)</span>
                <span class="method-start">187 ms</span>
              </div> <!-- test-method -->
              <div class="test-method">
                <span class="method-name">testSumForLong(-9223372036854775808, -9223372036854775808, 0)</span>
                <span class="method-start">189 ms</span>
              </div> <!-- test-method -->
              <div class="test-method">
                <img src="failed.png">
                </img>
                <span class="method-name">testtg(180, 1.33869021035)</span>
                <span class="method-start">191 ms</span>
              </div> <!-- test-method -->
              <div class="test-method">
                <img src="failed.png">
                </img>
                <span class="method-name">testtg(-180, -1.33869021035)</span>
                <span class="method-start">192 ms</span>
              </div> <!-- test-method -->
              <div class="test-method">
                <img src="failed.png">
                </img>
                <span class="method-name">testtg(90, -1.99520041221)</span>
                <span class="method-start">194 ms</span>
              </div> <!-- test-method -->
              <div class="test-method">
                <img src="failed.png">
                </img>
                <span class="method-name">testtg(45, 1.61977519054)</span>
                <span class="method-start">195 ms</span>
              </div> <!-- test-method -->
              <div class="test-method">
                <img src="failed.png">
                </img>
                <span class="method-name">testtg(270, -0.17883906379)</span>
                <span class="method-start">196 ms</span>
              </div> <!-- test-method -->
              <div class="test-method">
                <img src="failed.png">
                </img>
                <span class="method-name">testtg(-270, 0.17883906379)</span>
                <span class="method-start">198 ms</span>
              </div> <!-- test-method -->
          </div> <!-- main-panel-content rounded-window-bottom -->
        </div> <!-- panel -->
      </div> <!-- main-panel-root -->
    </div> <!-- wrapper -->
  </body>
</html>
